<?xml version="1.0" encoding="UTF-8"?>
<testsuite xmlns:xsi="http://www.w3.org/2001/XMLSchema-instance" xsi:noNamespaceSchemaLocation="https://maven.apache.org/surefire/maven-surefire-plugin/xsd/surefire-test-report-3.0.xsd" version="3.0" name="com.joseph.service.Impl.ClientServiceImplTest$parameterizedAndRepetedTest" time="0.771" tests="7" errors="0" skipped="0" failures="0">
  <properties>
[...]
</properties>
  <testcase name="testDeleteClient" classname="com.joseph.service.Impl.ClientServiceImplTest" time="0.364">
    <system-out><![CDATA[10:08:00.864 [main] DEBUG org.springframework.test.context.BootstrapUtils - Instantiating CacheAwareContextLoaderDelegate from class [org.springframework.test.context.cache.DefaultCacheAwareContextLoaderDelegate]
10:08:00.886 [main] DEBUG org.springframework.test.context.BootstrapUtils - Instantiating BootstrapContext using constructor [public org.springframework.test.context.support.DefaultBootstrapContext(java.lang.Class,org.springframework.test.context.CacheAwareContextLoaderDelegate)]
10:08:00.936 [main] DEBUG org.springframework.test.context.BootstrapUtils - Instantiating TestContextBootstrapper for test class [com.joseph.service.Impl.ClientServiceImplTest] from class [org.springframework.test.context.support.DefaultTestContextBootstrapper]
10:08:00.994 [main] DEBUG org.springframework.test.context.support.AbstractDelegatingSmartContextLoader - Delegating to AnnotationConfigContextLoader to process context configuration [ContextConfigurationAttributes@4802796d declaringClass = 'com.joseph.service.Impl.ClientServiceImplTest', classes = '{class com.joseph.config.PersistenceJPAConfig}', locations = '{}', inheritLocations = true, initializers = '{}', inheritInitializers = true, name = [null], contextLoaderClass = 'org.springframework.test.context.ContextLoader'].
10:08:01.053 [main] DEBUG org.springframework.test.context.support.ActiveProfilesUtils - Could not find an 'annotation declaring class' for annotation type [org.springframework.test.context.ActiveProfiles] and class [com.joseph.service.Impl.ClientServiceImplTest]
10:08:01.055 [main] DEBUG org.springframework.test.context.support.DefaultTestContextBootstrapper - @TestExecutionListeners is not present for class [com.joseph.service.Impl.ClientServiceImplTest]: using defaults.
10:08:01.056 [main] INFO org.springframework.test.context.support.DefaultTestContextBootstrapper - Loaded default TestExecutionListener class names from location [META-INF/spring.factories]: [org.springframework.test.context.web.ServletTestExecutionListener, org.springframework.test.context.support.DirtiesContextBeforeModesTestExecutionListener, org.springframework.test.context.support.DependencyInjectionTestExecutionListener, org.springframework.test.context.support.DirtiesContextTestExecutionListener, org.springframework.test.context.transaction.TransactionalTestExecutionListener, org.springframework.test.context.jdbc.SqlScriptsTestExecutionListener, org.springframework.test.context.event.EventPublishingTestExecutionListener]
10:08:01.098 [main] INFO org.springframework.test.context.support.DefaultTestContextBootstrapper - Using TestExecutionListeners: [org.springframework.test.context.web.ServletTestExecutionListener@2de23121, org.springframework.test.context.support.DirtiesContextBeforeModesTestExecutionListener@63475ace, org.springframework.test.context.support.DependencyInjectionTestExecutionListener@4988d8b8, org.springframework.test.context.support.DirtiesContextTestExecutionListener@c0c2f8d, org.springframework.test.context.transaction.TransactionalTestExecutionListener@305b7c14, org.springframework.test.context.jdbc.SqlScriptsTestExecutionListener@6913c1fb, org.springframework.test.context.event.EventPublishingTestExecutionListener@66d18979]
10:08:01.104 [main] DEBUG org.springframework.test.context.support.AbstractDirtiesContextTestExecutionListener - Before test class: context [DefaultTestContext@79d8407f testClass = ClientServiceImplTest, testInstance = [null], testMethod = [null], testException = [null], mergedContextConfiguration = [MergedContextConfiguration@5fbe4146 testClass = ClientServiceImplTest, locations = '{}', classes = '{class com.joseph.config.PersistenceJPAConfig}', contextInitializerClasses = '[]', activeProfiles = '{}', propertySourceLocations = '{}', propertySourceProperties = '{}', contextCustomizers = set[[empty]], contextLoader = 'org.springframework.test.context.support.DelegatingSmartContextLoader', parent = [null]], attributes = map[[empty]]], class annotated with @DirtiesContext [false] with mode [null].
10:08:01.142 [main] DEBUG org.springframework.test.context.support.DependencyInjectionTestExecutionListener - Performing dependency injection for test context [[DefaultTestContext@79d8407f testClass = ClientServiceImplTest, testInstance = com.joseph.service.Impl.ClientServiceImplTest@291b4bf5, testMethod = [null], testException = [null], mergedContextConfiguration = [MergedContextConfiguration@5fbe4146 testClass = ClientServiceImplTest, locations = '{}', classes = '{class com.joseph.config.PersistenceJPAConfig}', contextInitializerClasses = '[]', activeProfiles = '{}', propertySourceLocations = '{}', propertySourceProperties = '{}', contextCustomizers = set[[empty]], contextLoader = 'org.springframework.test.context.support.DelegatingSmartContextLoader', parent = [null]], attributes = map[[empty]]]].
10:08:01.144 [main] DEBUG org.springframework.test.context.support.AbstractDelegatingSmartContextLoader - Delegating to AnnotationConfigContextLoader to load context from [MergedContextConfiguration@5fbe4146 testClass = ClientServiceImplTest, locations = '{}', classes = '{class com.joseph.config.PersistenceJPAConfig}', contextInitializerClasses = '[]', activeProfiles = '{}', propertySourceLocations = '{}', propertySourceProperties = '{}', contextCustomizers = set[[empty]], contextLoader = 'org.springframework.test.context.support.DelegatingSmartContextLoader', parent = [null]].
10:08:01.145 [main] DEBUG org.springframework.test.context.support.AbstractGenericContextLoader - Loading ApplicationContext for merged context configuration [[MergedContextConfiguration@5fbe4146 testClass = ClientServiceImplTest, locations = '{}', classes = '{class com.joseph.config.PersistenceJPAConfig}', contextInitializerClasses = '[]', activeProfiles = '{}', propertySourceLocations = '{}', propertySourceProperties = '{}', contextCustomizers = set[[empty]], contextLoader = 'org.springframework.test.context.support.DelegatingSmartContextLoader', parent = [null]]].
10:08:01.262 [main] DEBUG org.springframework.core.env.StandardEnvironment - Activating profiles []
10:08:01.262 [main] DEBUG org.springframework.test.context.support.AnnotationConfigContextLoader - Registering component classes: {class com.joseph.config.PersistenceJPAConfig}
10:08:01.401 [main] DEBUG org.springframework.context.support.GenericApplicationContext - Refreshing org.springframework.context.support.GenericApplicationContext@f2ff811
10:08:01.428 [main] DEBUG org.springframework.beans.factory.support.DefaultListableBeanFactory - Creating shared instance of singleton bean 'org.springframework.context.annotation.internalConfigurationAnnotationProcessor'
10:08:01.590 [main] DEBUG org.springframework.context.annotation.ClassPathBeanDefinitionScanner - Identified candidate component class: file [C:\Users\yassinjouao\Desktop\backup\target\classes\com\joseph\entity\Client.class]
10:08:01.592 [main] DEBUG org.springframework.context.annotation.ClassPathBeanDefinitionScanner - Identified candidate component class: file [C:\Users\yassinjouao\Desktop\backup\target\classes\com\joseph\entity\Order.class]
10:08:01.593 [main] DEBUG org.springframework.context.annotation.ClassPathBeanDefinitionScanner - Identified candidate component class: file [C:\Users\yassinjouao\Desktop\backup\target\classes\com\joseph\entity\OrderItem.class]
10:08:01.594 [main] DEBUG org.springframework.context.annotation.ClassPathBeanDefinitionScanner - Identified candidate component class: file [C:\Users\yassinjouao\Desktop\backup\target\classes\com\joseph\entity\Product.class]
10:08:01.597 [main] DEBUG org.springframework.context.annotation.ClassPathBeanDefinitionScanner - Ignored because not a concrete top-level class: file [C:\Users\yassinjouao\Desktop\backup\target\classes\com\joseph\repository\ClientRepository.class]
10:08:01.598 [main] DEBUG org.springframework.context.annotation.ClassPathBeanDefinitionScanner - Ignored because not a concrete top-level class: file [C:\Users\yassinjouao\Desktop\backup\target\classes\com\joseph\repository\OrderItemRepository.class]
10:08:01.601 [main] DEBUG org.springframework.context.annotation.ClassPathBeanDefinitionScanner - Ignored because not a concrete top-level class: file [C:\Users\yassinjouao\Desktop\backup\target\classes\com\joseph\repository\OrderRepository.class]
10:08:01.602 [main] DEBUG org.springframework.context.annotation.ClassPathBeanDefinitionScanner - Ignored because not a concrete top-level class: file [C:\Users\yassinjouao\Desktop\backup\target\classes\com\joseph\repository\ProductRepository.class]
10:08:01.605 [main] DEBUG org.springframework.context.annotation.ClassPathBeanDefinitionScanner - Identified candidate component class: file [C:\Users\yassinjouao\Desktop\backup\target\classes\com\joseph\service\Impl\ClientServiceImpl.class]
10:08:01.606 [main] DEBUG org.springframework.context.annotation.ClassPathBeanDefinitionScanner - Identified candidate component class: file [C:\Users\yassinjouao\Desktop\backup\target\classes\com\joseph\service\Impl\OrderItemServiceImpl.class]
10:08:01.613 [main] DEBUG org.springframework.context.annotation.ClassPathBeanDefinitionScanner - Identified candidate component class: file [C:\Users\yassinjouao\Desktop\backup\target\classes\com\joseph\service\Impl\OrderServiceImpl.class]
10:08:01.614 [main] DEBUG org.springframework.context.annotation.ClassPathBeanDefinitionScanner - Identified candidate component class: file [C:\Users\yassinjouao\Desktop\backup\target\classes\com\joseph\service\Impl\ProductServiceImpl.class]
10:08:01.633 [main] DEBUG org.springframework.context.annotation.ClassPathBeanDefinitionScanner - Identified candidate component class: file [C:\Users\yassinjouao\Desktop\backup\target\classes\com\joseph\web\ClientController.class]
10:08:01.635 [main] DEBUG org.springframework.context.annotation.ClassPathBeanDefinitionScanner - Identified candidate component class: file [C:\Users\yassinjouao\Desktop\backup\target\classes\com\joseph\web\HelloController.class]
10:08:01.641 [main] DEBUG org.springframework.context.annotation.ClassPathBeanDefinitionScanner - Identified candidate component class: file [C:\Users\yassinjouao\Desktop\backup\target\classes\com\joseph\web\OrderController.class]
10:08:01.648 [main] DEBUG org.springframework.context.annotation.ClassPathBeanDefinitionScanner - Identified candidate component class: file [C:\Users\yassinjouao\Desktop\backup\target\classes\com\joseph\web\ProductController.class]
10:08:01.805 [main] INFO org.springframework.data.repository.config.RepositoryConfigurationDelegate - Bootstrapping Spring Data repositories in DEFAULT mode.
10:08:01.826 [main] DEBUG org.springframework.data.repository.config.RepositoryConfigurationDelegate - Scanning for repositories in packages com.joseph.repository.
10:08:01.840 [main] DEBUG org.springframework.data.repository.config.RepositoryComponentProvider - Identified candidate component class: file [C:\Users\yassinjouao\Desktop\backup\target\classes\com\joseph\repository\ClientRepository.class]
10:08:01.841 [main] DEBUG org.springframework.data.repository.config.RepositoryComponentProvider - Identified candidate component class: file [C:\Users\yassinjouao\Desktop\backup\target\classes\com\joseph\repository\OrderItemRepository.class]
10:08:01.841 [main] DEBUG org.springframework.data.repository.config.RepositoryComponentProvider - Identified candidate component class: file [C:\Users\yassinjouao\Desktop\backup\target\classes\com\joseph\repository\OrderRepository.class]
10:08:01.841 [main] DEBUG org.springframework.data.repository.config.RepositoryComponentProvider - Identified candidate component class: file [C:\Users\yassinjouao\Desktop\backup\target\classes\com\joseph\repository\ProductRepository.class]
10:08:01.972 [main] INFO org.springframework.data.repository.config.RepositoryConfigurationDelegate - Finished Spring Data repository scanning in 144ms. Found 4 repository interfaces.
10:08:02.177 [main] DEBUG org.springframework.beans.factory.support.DefaultListableBeanFactory - Creating shared instance of singleton bean 'emBeanDefinitionRegistrarPostProcessor'
10:08:02.186 [main] DEBUG org.springframework.beans.factory.support.DefaultListableBeanFactory - Creating shared instance of singleton bean 'org.springframework.context.event.internalEventListenerProcessor'
10:08:02.192 [main] DEBUG org.springframework.beans.factory.support.DefaultListableBeanFactory - Creating shared instance of singleton bean 'org.springframework.context.event.internalEventListenerFactory'
10:08:02.193 [main] DEBUG org.springframework.beans.factory.support.DefaultListableBeanFactory - Creating shared instance of singleton bean 'org.springframework.transaction.config.internalTransactionalEventListenerFactory'
10:08:02.201 [main] DEBUG org.springframework.beans.factory.support.DefaultListableBeanFactory - Creating shared instance of singleton bean 'org.springframework.context.annotation.internalAutowiredAnnotationProcessor'
10:08:02.204 [main] DEBUG org.springframework.beans.factory.support.DefaultListableBeanFactory - Creating shared instance of singleton bean 'org.springframework.context.annotation.internalCommonAnnotationProcessor'
10:08:02.215 [main] DEBUG org.springframework.beans.factory.support.DefaultListableBeanFactory - Creating shared instance of singleton bean 'org.springframework.context.annotation.internalPersistenceAnnotationProcessor'
10:08:02.216 [main] DEBUG org.springframework.beans.factory.support.DefaultListableBeanFactory - Creating shared instance of singleton bean 'exceptionTranslation'
10:08:02.216 [main] DEBUG org.springframework.beans.factory.support.DefaultListableBeanFactory - Creating shared instance of singleton bean 'persistenceJPAConfig'
10:08:02.284 [main] INFO org.springframework.context.support.PostProcessorRegistrationDelegate$BeanPostProcessorChecker - Bean 'persistenceJPAConfig' of type [com.joseph.config.PersistenceJPAConfig$$EnhancerBySpringCGLIB$$efafecab] is not eligible for getting processed by all BeanPostProcessors (for example: not eligible for auto-proxying)
10:08:02.329 [main] DEBUG org.springframework.beans.factory.support.DefaultListableBeanFactory - Creating shared instance of singleton bean 'org.springframework.aop.config.internalAutoProxyCreator'
10:08:02.405 [main] DEBUG org.springframework.beans.factory.support.DefaultListableBeanFactory - Creating shared instance of singleton bean 'entityManagerFactory'
10:08:02.421 [main] DEBUG org.springframework.beans.factory.support.DefaultListableBeanFactory - Creating shared instance of singleton bean 'dataSource'
10:08:02.426 [main] DEBUG org.springframework.core.env.PropertySourcesPropertyResolver - Found key 'jdbc.driverClassName' in PropertySource 'class path resource [database.properties]' with value of type String
10:08:02.450 [main] DEBUG org.springframework.jdbc.datasource.DriverManagerDataSource - Loaded JDBC driver: com.mysql.cj.jdbc.Driver
10:08:02.451 [main] DEBUG org.springframework.core.env.PropertySourcesPropertyResolver - Found key 'jdbc.url' in PropertySource 'class path resource [database.properties]' with value of type String
10:08:02.452 [main] DEBUG org.springframework.core.env.PropertySourcesPropertyResolver - Found key 'jdbc.user' in PropertySource 'class path resource [database.properties]' with value of type String
10:08:02.452 [main] DEBUG org.springframework.core.env.PropertySourcesPropertyResolver - Found key 'jdbc.pass' in PropertySource 'class path resource [database.properties]' with value of type String
10:08:02.458 [main] DEBUG org.springframework.beans.factory.support.DefaultListableBeanFactory - Creating shared instance of singleton bean 'org.springframework.transaction.config.internalTransactionAdvisor'
10:08:02.459 [main] DEBUG org.springframework.beans.factory.support.DefaultListableBeanFactory - Creating shared instance of singleton bean 'org.springframework.transaction.annotation.ProxyTransactionManagementConfiguration'
10:08:02.493 [main] DEBUG org.springframework.beans.factory.support.DefaultListableBeanFactory - Creating shared instance of singleton bean 'transactionAttributeSource'
10:08:02.494 [main] DEBUG org.springframework.beans.factory.support.DefaultListableBeanFactory - Creating shared instance of singleton bean 'transactionInterceptor'
10:08:02.495 [main] DEBUG org.springframework.beans.factory.support.DefaultListableBeanFactory - Autowiring by type from bean name 'transactionInterceptor' via factory method to bean named 'transactionAttributeSource'
10:08:02.511 [main] DEBUG org.springframework.beans.factory.support.DefaultListableBeanFactory - Autowiring by type from bean name 'org.springframework.transaction.config.internalTransactionAdvisor' via factory method to bean named 'transactionAttributeSource'
10:08:02.511 [main] DEBUG org.springframework.beans.factory.support.DefaultListableBeanFactory - Autowiring by type from bean name 'org.springframework.transaction.config.internalTransactionAdvisor' via factory method to bean named 'transactionInterceptor'
10:08:02.622 [main] DEBUG org.jboss.logging - Logging Provider: org.jboss.logging.Slf4jLoggerProvider
10:08:02.625 [main] DEBUG org.springframework.core.env.PropertySourcesPropertyResolver - Found key 'hibernate.hbm2ddl.auto' in PropertySource 'class path resource [database.properties]' with value of type String
10:08:02.625 [main] DEBUG org.springframework.core.env.PropertySourcesPropertyResolver - Found key 'hibernate.dialect' in PropertySource 'class path resource [database.properties]' with value of type String
10:08:02.625 [main] DEBUG org.springframework.core.env.PropertySourcesPropertyResolver - Found key 'hibernate.cache.use_second_level_cache' in PropertySource 'class path resource [database.properties]' with value of type String
10:08:02.625 [main] DEBUG org.springframework.core.env.PropertySourcesPropertyResolver - Found key 'hibernate.cache.use_query_cache' in PropertySource 'class path resource [database.properties]' with value of type String
10:08:02.657 [main] DEBUG org.springframework.orm.jpa.LocalContainerEntityManagerFactoryBean - Building JPA container EntityManagerFactory for persistence unit 'default'
10:08:02.703 [main] DEBUG org.hibernate.jpa.internal.util.LogHelper - PersistenceUnitInfo [
	name: default
	persistence provider classname: null
	classloader: sun.misc.Launcher$AppClassLoader@42a57993
	excludeUnlistedClasses: true
	JTA datasource: null
	Non JTA datasource: org.springframework.jdbc.datasource.DriverManagerDataSource@fc258b1
	Transaction type: RESOURCE_LOCAL
	PU root URL: file:/C:/Users/yassinjouao/Desktop/backup/target/test-classes/
	Shared Cache Mode: UNSPECIFIED
	Validation Mode: AUTO
	Jar files URLs []
	Managed classes names [
		com.joseph.entity.Client
		com.joseph.entity.Order
		com.joseph.entity.OrderItem
		com.joseph.entity.Product]
	Mapping files names []
	Properties []
10:08:02.735 [main] DEBUG org.hibernate.integrator.internal.IntegratorServiceImpl - Adding Integrator [org.hibernate.cfg.beanvalidation.BeanValidationIntegrator].
10:08:02.738 [main] DEBUG org.hibernate.integrator.internal.IntegratorServiceImpl - Adding Integrator [org.hibernate.secure.spi.JaccIntegrator].
10:08:02.750 [main] DEBUG org.hibernate.integrator.internal.IntegratorServiceImpl - Adding Integrator [org.hibernate.cache.internal.CollectionCacheInvalidator].
10:08:02.751 [main] DEBUG org.hibernate.integrator.internal.IntegratorServiceImpl - Adding Integrator [org.hibernate.jpa.event.spi.JpaIntegrator].
10:08:02.977 [main] INFO org.hibernate.Version - HHH000412: Hibernate Core {5.2.17.Final}
10:08:02.979 [main] INFO org.hibernate.cfg.Environment - HHH000206: hibernate.properties not found
10:08:03.001 [main] DEBUG org.hibernate.service.spi.ServiceBinding - Overriding existing service binding [org.hibernate.secure.spi.JaccService]
10:08:03.053 [main] DEBUG org.hibernate.cache.internal.RegionFactoryInitiator - Cache region factory : org.hibernate.cache.internal.NoCachingRegionFactory
10:08:03.068 [main] INFO org.hibernate.annotations.common.Version - HCANN000001: Hibernate Commons Annotations {5.0.1.Final}
10:08:03.229 [main] DEBUG org.hibernate.type.BasicTypeRegistry - Adding type registration boolean -> org.hibernate.type.BooleanType@48c40605
10:08:03.229 [main] DEBUG org.hibernate.type.BasicTypeRegistry - Adding type registration boolean -> org.hibernate.type.BooleanType@48c40605
10:08:03.229 [main] DEBUG org.hibernate.type.BasicTypeRegistry - Adding type registration java.lang.Boolean -> org.hibernate.type.BooleanType@48c40605
10:08:03.232 [main] DEBUG org.hibernate.type.BasicTypeRegistry - Adding type registration numeric_boolean -> org.hibernate.type.NumericBooleanType@3bd7f8dc
10:08:03.235 [main] DEBUG org.hibernate.type.BasicTypeRegistry - Adding type registration true_false -> org.hibernate.type.TrueFalseType@59aa20b3
10:08:03.237 [main] DEBUG org.hibernate.type.BasicTypeRegistry - Adding type registration yes_no -> org.hibernate.type.YesNoType@138fe6ec
10:08:03.240 [main] DEBUG org.hibernate.type.BasicTypeRegistry - Adding type registration byte -> org.hibernate.type.ByteType@16423501
10:08:03.240 [main] DEBUG org.hibernate.type.BasicTypeRegistry - Adding type registration byte -> org.hibernate.type.ByteType@16423501
10:08:03.240 [main] DEBUG org.hibernate.type.BasicTypeRegistry - Adding type registration java.lang.Byte -> org.hibernate.type.ByteType@16423501
10:08:03.242 [main] DEBUG org.hibernate.type.BasicTypeRegistry - Adding type registration character -> org.hibernate.type.CharacterType@4a9e6faf
10:08:03.242 [main] DEBUG org.hibernate.type.BasicTypeRegistry - Adding type registration char -> org.hibernate.type.CharacterType@4a9e6faf
10:08:03.245 [main] DEBUG org.hibernate.type.BasicTypeRegistry - Adding type registration java.lang.Character -> org.hibernate.type.CharacterType@4a9e6faf
10:08:03.247 [main] DEBUG org.hibernate.type.BasicTypeRegistry - Adding type registration short -> org.hibernate.type.ShortType@7a56812e
10:08:03.247 [main] DEBUG org.hibernate.type.BasicTypeRegistry - Adding type registration short -> org.hibernate.type.ShortType@7a56812e
10:08:03.248 [main] DEBUG org.hibernate.type.BasicTypeRegistry - Adding type registration java.lang.Short -> org.hibernate.type.ShortType@7a56812e
10:08:03.249 [main] DEBUG org.hibernate.type.BasicTypeRegistry - Adding type registration integer -> org.hibernate.type.IntegerType@7e70bd39
10:08:03.250 [main] DEBUG org.hibernate.type.BasicTypeRegistry - Adding type registration int -> org.hibernate.type.IntegerType@7e70bd39
10:08:03.250 [main] DEBUG org.hibernate.type.BasicTypeRegistry - Adding type registration java.lang.Integer -> org.hibernate.type.IntegerType@7e70bd39
10:08:03.253 [main] DEBUG org.hibernate.type.BasicTypeRegistry - Adding type registration long -> org.hibernate.type.LongType@6691490c
10:08:03.253 [main] DEBUG org.hibernate.type.BasicTypeRegistry - Adding type registration long -> org.hibernate.type.LongType@6691490c
10:08:03.253 [main] DEBUG org.hibernate.type.BasicTypeRegistry - Adding type registration java.lang.Long -> org.hibernate.type.LongType@6691490c
10:08:03.257 [main] DEBUG org.hibernate.type.BasicTypeRegistry - Adding type registration float -> org.hibernate.type.FloatType@3ec11999
10:08:03.257 [main] DEBUG org.hibernate.type.BasicTypeRegistry - Adding type registration float -> org.hibernate.type.FloatType@3ec11999
10:08:03.258 [main] DEBUG org.hibernate.type.BasicTypeRegistry - Adding type registration java.lang.Float -> org.hibernate.type.FloatType@3ec11999
10:08:03.261 [main] DEBUG org.hibernate.type.BasicTypeRegistry - Adding type registration double -> org.hibernate.type.DoubleType@7df587ef
10:08:03.261 [main] DEBUG org.hibernate.type.BasicTypeRegistry - Adding type registration double -> org.hibernate.type.DoubleType@7df587ef
10:08:03.262 [main] DEBUG org.hibernate.type.BasicTypeRegistry - Adding type registration java.lang.Double -> org.hibernate.type.DoubleType@7df587ef
10:08:03.264 [main] DEBUG org.hibernate.type.BasicTypeRegistry - Adding type registration big_decimal -> org.hibernate.type.BigDecimalType@64c2b546
10:08:03.265 [main] DEBUG org.hibernate.type.BasicTypeRegistry - Adding type registration java.math.BigDecimal -> org.hibernate.type.BigDecimalType@64c2b546
10:08:03.266 [main] DEBUG org.hibernate.type.BasicTypeRegistry - Adding type registration big_integer -> org.hibernate.type.BigIntegerType@4152d38d
10:08:03.266 [main] DEBUG org.hibernate.type.BasicTypeRegistry - Adding type registration java.math.BigInteger -> org.hibernate.type.BigIntegerType@4152d38d
10:08:03.268 [main] DEBUG org.hibernate.type.BasicTypeRegistry - Adding type registration string -> org.hibernate.type.StringType@61edc883
10:08:03.269 [main] DEBUG org.hibernate.type.BasicTypeRegistry - Adding type registration java.lang.String -> org.hibernate.type.StringType@61edc883
10:08:03.271 [main] DEBUG org.hibernate.type.BasicTypeRegistry - Adding type registration nstring -> org.hibernate.type.StringNVarcharType@69f63d95
10:08:03.273 [main] DEBUG org.hibernate.type.BasicTypeRegistry - Adding type registration ncharacter -> org.hibernate.type.CharacterNCharType@db44aa2
10:08:03.275 [main] DEBUG org.hibernate.type.BasicTypeRegistry - Adding type registration url -> org.hibernate.type.UrlType@780ec4a5
10:08:03.275 [main] DEBUG org.hibernate.type.BasicTypeRegistry - Adding type registration java.net.URL -> org.hibernate.type.UrlType@780ec4a5
10:08:03.277 [main] DEBUG org.hibernate.type.BasicTypeRegistry - Adding type registration Duration -> org.hibernate.type.DurationType@72c927f1
10:08:03.278 [main] DEBUG org.hibernate.type.BasicTypeRegistry - Adding type registration java.time.Duration -> org.hibernate.type.DurationType@72c927f1
10:08:03.293 [main] DEBUG org.hibernate.type.BasicTypeRegistry - Adding type registration Instant -> org.hibernate.type.InstantType@73511076
10:08:03.293 [main] DEBUG org.hibernate.type.BasicTypeRegistry - Adding type registration java.time.Instant -> org.hibernate.type.InstantType@73511076
10:08:03.295 [main] DEBUG org.hibernate.type.BasicTypeRegistry - Adding type registration LocalDateTime -> org.hibernate.type.LocalDateTimeType@3b366632
10:08:03.296 [main] DEBUG org.hibernate.type.BasicTypeRegistry - Adding type registration java.time.LocalDateTime -> org.hibernate.type.LocalDateTimeType@3b366632
10:08:03.299 [main] DEBUG org.hibernate.type.BasicTypeRegistry - Adding type registration LocalDate -> org.hibernate.type.LocalDateType@245a26e1
10:08:03.299 [main] DEBUG org.hibernate.type.BasicTypeRegistry - Adding type registration java.time.LocalDate -> org.hibernate.type.LocalDateType@245a26e1
10:08:03.304 [main] DEBUG org.hibernate.type.BasicTypeRegistry - Adding type registration LocalTime -> org.hibernate.type.LocalTimeType@407cf41
10:08:03.304 [main] DEBUG org.hibernate.type.BasicTypeRegistry - Adding type registration java.time.LocalTime -> org.hibernate.type.LocalTimeType@407cf41
10:08:03.309 [main] DEBUG org.hibernate.type.BasicTypeRegistry - Adding type registration OffsetDateTime -> org.hibernate.type.OffsetDateTimeType@1c32886a
10:08:03.310 [main] DEBUG org.hibernate.type.BasicTypeRegistry - Adding type registration java.time.OffsetDateTime -> org.hibernate.type.OffsetDateTimeType@1c32886a
10:08:03.314 [main] DEBUG org.hibernate.type.BasicTypeRegistry - Adding type registration OffsetTime -> org.hibernate.type.OffsetTimeType@579d011c
10:08:03.314 [main] DEBUG org.hibernate.type.BasicTypeRegistry - Adding type registration java.time.OffsetTime -> org.hibernate.type.OffsetTimeType@579d011c
10:08:03.322 [main] DEBUG org.hibernate.type.BasicTypeRegistry - Adding type registration ZonedDateTime -> org.hibernate.type.ZonedDateTimeType@4263b080
10:08:03.323 [main] DEBUG org.hibernate.type.BasicTypeRegistry - Adding type registration java.time.ZonedDateTime -> org.hibernate.type.ZonedDateTimeType@4263b080
10:08:03.331 [main] DEBUG org.hibernate.type.BasicTypeRegistry - Adding type registration date -> org.hibernate.type.DateType@5ef8df1e
10:08:03.331 [main] DEBUG org.hibernate.type.BasicTypeRegistry - Adding type registration java.sql.Date -> org.hibernate.type.DateType@5ef8df1e
10:08:03.337 [main] DEBUG org.hibernate.type.BasicTypeRegistry - Adding type registration time -> org.hibernate.type.TimeType@1f130eaf
10:08:03.338 [main] DEBUG org.hibernate.type.BasicTypeRegistry - Adding type registration java.sql.Time -> org.hibernate.type.TimeType@1f130eaf
10:08:03.343 [main] DEBUG org.hibernate.type.BasicTypeRegistry - Adding type registration timestamp -> org.hibernate.type.TimestampType@bc57b40
10:08:03.343 [main] DEBUG org.hibernate.type.BasicTypeRegistry - Adding type registration java.sql.Timestamp -> org.hibernate.type.TimestampType@bc57b40
10:08:03.344 [main] DEBUG org.hibernate.type.BasicTypeRegistry - Adding type registration java.util.Date -> org.hibernate.type.TimestampType@bc57b40
10:08:03.349 [main] DEBUG org.hibernate.type.BasicTypeRegistry - Adding type registration dbtimestamp -> org.hibernate.type.DbTimestampType@1494b84d
10:08:03.353 [main] DEBUG org.hibernate.type.BasicTypeRegistry - Adding type registration calendar -> org.hibernate.type.CalendarType@1df98368
10:08:03.353 [main] DEBUG org.hibernate.type.BasicTypeRegistry - Adding type registration java.util.Calendar -> org.hibernate.type.CalendarType@1df98368
10:08:03.354 [main] DEBUG org.hibernate.type.BasicTypeRegistry - Adding type registration java.util.GregorianCalendar -> org.hibernate.type.CalendarType@1df98368
10:08:03.356 [main] DEBUG org.hibernate.type.BasicTypeRegistry - Adding type registration calendar_date -> org.hibernate.type.CalendarDateType@2cd2c8fe
10:08:03.359 [main] DEBUG org.hibernate.type.BasicTypeRegistry - Adding type registration locale -> org.hibernate.type.LocaleType@1a6f2363
10:08:03.359 [main] DEBUG org.hibernate.type.BasicTypeRegistry - Adding type registration java.util.Locale -> org.hibernate.type.LocaleType@1a6f2363
10:08:03.361 [main] DEBUG org.hibernate.type.BasicTypeRegistry - Adding type registration currency -> org.hibernate.type.CurrencyType@1b58ff9e
10:08:03.361 [main] DEBUG org.hibernate.type.BasicTypeRegistry - Adding type registration java.util.Currency -> org.hibernate.type.CurrencyType@1b58ff9e
10:08:03.364 [main] DEBUG org.hibernate.type.BasicTypeRegistry - Adding type registration timezone -> org.hibernate.type.TimeZoneType@3277e499
10:08:03.364 [main] DEBUG org.hibernate.type.BasicTypeRegistry - Adding type registration java.util.TimeZone -> org.hibernate.type.TimeZoneType@3277e499
10:08:03.367 [main] DEBUG org.hibernate.type.BasicTypeRegistry - Adding type registration class -> org.hibernate.type.ClassType@5400db36
10:08:03.367 [main] DEBUG org.hibernate.type.BasicTypeRegistry - Adding type registration java.lang.Class -> org.hibernate.type.ClassType@5400db36
10:08:03.373 [main] DEBUG org.hibernate.type.BasicTypeRegistry - Adding type registration uuid-binary -> org.hibernate.type.UUIDBinaryType@486be205
10:08:03.373 [main] DEBUG org.hibernate.type.BasicTypeRegistry - Adding type registration java.util.UUID -> org.hibernate.type.UUIDBinaryType@486be205
10:08:03.374 [main] DEBUG org.hibernate.type.BasicTypeRegistry - Adding type registration uuid-char -> org.hibernate.type.UUIDCharType@4b4dd216
10:08:03.376 [main] DEBUG org.hibernate.type.BasicTypeRegistry - Adding type registration binary -> org.hibernate.type.BinaryType@620aa4ea
10:08:03.377 [main] DEBUG org.hibernate.type.BasicTypeRegistry - Adding type registration byte[] -> org.hibernate.type.BinaryType@620aa4ea
10:08:03.377 [main] DEBUG org.hibernate.type.BasicTypeRegistry - Adding type registration [B -> org.hibernate.type.BinaryType@620aa4ea
10:08:03.379 [main] DEBUG org.hibernate.type.BasicTypeRegistry - Adding type registration wrapper-binary -> org.hibernate.type.WrapperBinaryType@41beb473
10:08:03.379 [main] DEBUG org.hibernate.type.BasicTypeRegistry - Adding type registration Byte[] -> org.hibernate.type.WrapperBinaryType@41beb473
10:08:03.379 [main] DEBUG org.hibernate.type.BasicTypeRegistry - Adding type registration [Ljava.lang.Byte; -> org.hibernate.type.WrapperBinaryType@41beb473
10:08:03.383 [main] DEBUG org.hibernate.type.BasicTypeRegistry - Adding type registration row_version -> org.hibernate.type.RowVersionType@7d373bcf
10:08:03.386 [main] DEBUG org.hibernate.type.BasicTypeRegistry - Adding type registration image -> org.hibernate.type.ImageType@677dbd89
10:08:03.390 [main] DEBUG org.hibernate.type.BasicTypeRegistry - Adding type registration characters -> org.hibernate.type.CharArrayType@5a021cb9
10:08:03.390 [main] DEBUG org.hibernate.type.BasicTypeRegistry - Adding type registration char[] -> org.hibernate.type.CharArrayType@5a021cb9
10:08:03.390 [main] DEBUG org.hibernate.type.BasicTypeRegistry - Adding type registration [C -> org.hibernate.type.CharArrayType@5a021cb9
10:08:03.392 [main] DEBUG org.hibernate.type.BasicTypeRegistry - Adding type registration wrapper-characters -> org.hibernate.type.CharacterArrayType@2f3c6ac4
10:08:03.392 [main] DEBUG org.hibernate.type.BasicTypeRegistry - Adding type registration [Ljava.lang.Character; -> org.hibernate.type.CharacterArrayType@2f3c6ac4
10:08:03.393 [main] DEBUG org.hibernate.type.BasicTypeRegistry - Adding type registration Character[] -> org.hibernate.type.CharacterArrayType@2f3c6ac4
10:08:03.395 [main] DEBUG org.hibernate.type.BasicTypeRegistry - Adding type registration text -> org.hibernate.type.TextType@3a0807b7
10:08:03.397 [main] DEBUG org.hibernate.type.BasicTypeRegistry - Adding type registration ntext -> org.hibernate.type.NTextType@287f94b1
10:08:03.413 [main] DEBUG org.hibernate.type.BasicTypeRegistry - Adding type registration blob -> org.hibernate.type.BlobType@13579834
10:08:03.413 [main] DEBUG org.hibernate.type.BasicTypeRegistry - Adding type registration java.sql.Blob -> org.hibernate.type.BlobType@13579834
10:08:03.416 [main] DEBUG org.hibernate.type.BasicTypeRegistry - Adding type registration materialized_blob -> org.hibernate.type.MaterializedBlobType@aec50a1
10:08:03.434 [main] DEBUG org.hibernate.type.BasicTypeRegistry - Adding type registration clob -> org.hibernate.type.ClobType@5af9926a
10:08:03.434 [main] DEBUG org.hibernate.type.BasicTypeRegistry - Adding type registration java.sql.Clob -> org.hibernate.type.ClobType@5af9926a
10:08:03.446 [main] DEBUG org.hibernate.type.BasicTypeRegistry - Adding type registration nclob -> org.hibernate.type.NClobType@615f972
10:08:03.446 [main] DEBUG org.hibernate.type.BasicTypeRegistry - Adding type registration java.sql.NClob -> org.hibernate.type.NClobType@615f972
10:08:03.447 [main] DEBUG org.hibernate.type.BasicTypeRegistry - Adding type registration materialized_clob -> org.hibernate.type.MaterializedClobType@31500940
10:08:03.452 [main] DEBUG org.hibernate.type.BasicTypeRegistry - Adding type registration materialized_nclob -> org.hibernate.type.MaterializedNClobType@7249dadf
10:08:03.460 [main] DEBUG org.hibernate.type.BasicTypeRegistry - Adding type registration serializable -> org.hibernate.type.SerializableType@3e587920
10:08:03.474 [main] DEBUG org.hibernate.type.BasicTypeRegistry - Adding type registration object -> org.hibernate.type.ObjectType@5ea502e0
10:08:03.474 [main] DEBUG org.hibernate.type.BasicTypeRegistry - Adding type registration java.lang.Object -> org.hibernate.type.ObjectType@5ea502e0
10:08:03.476 [main] DEBUG org.hibernate.type.BasicTypeRegistry - Adding type registration imm_date -> org.hibernate.type.AdaptedImmutableType@1734f68
10:08:03.476 [main] DEBUG org.hibernate.type.BasicTypeRegistry - Adding type registration imm_time -> org.hibernate.type.AdaptedImmutableType@77b7ffa4
10:08:03.476 [main] DEBUG org.hibernate.type.BasicTypeRegistry - Adding type registration imm_timestamp -> org.hibernate.type.AdaptedImmutableType@5ed190be
10:08:03.476 [main] DEBUG org.hibernate.type.BasicTypeRegistry - Adding type registration imm_dbtimestamp -> org.hibernate.type.AdaptedImmutableType@402f80f5
10:08:03.477 [main] DEBUG org.hibernate.type.BasicTypeRegistry - Adding type registration imm_calendar -> org.hibernate.type.AdaptedImmutableType@5bbc9f97
10:08:03.477 [main] DEBUG org.hibernate.type.BasicTypeRegistry - Adding type registration imm_calendar_date -> org.hibernate.type.AdaptedImmutableType@133e019b
10:08:03.477 [main] DEBUG org.hibernate.type.BasicTypeRegistry - Adding type registration imm_binary -> org.hibernate.type.AdaptedImmutableType@41382722
10:08:03.477 [main] DEBUG org.hibernate.type.BasicTypeRegistry - Adding type registration imm_serializable -> org.hibernate.type.AdaptedImmutableType@7dac3fd8
10:08:03.501 [main] DEBUG org.springframework.jdbc.datasource.DriverManagerDataSource - Creating new JDBC DriverManager Connection to [jdbc:mysql://localhost:3306/testcraftcore?useSSL=false&useTimezone=true&serverTimezone=UTC]
10:08:03.965 [main] DEBUG org.hibernate.engine.jdbc.env.internal.JdbcEnvironmentInitiator - Database ->
       name : MySQL
    version : 5.5.5-10.4.32-MariaDB
      major : 5
      minor : 5
10:08:03.965 [main] DEBUG org.hibernate.engine.jdbc.env.internal.JdbcEnvironmentInitiator - Driver ->
       name : MySQL Connector/J
    version : mysql-connector-j-8.0.31 (Revision: 0c86fc148d567b62266c2302bdad0f1e7a7e4eba)
      major : 8
      minor : 0
10:08:03.965 [main] DEBUG org.hibernate.engine.jdbc.env.internal.JdbcEnvironmentInitiator - JDBC version : 4.2
10:08:04.012 [main] INFO org.hibernate.dialect.Dialect - HHH000400: Using dialect: org.hibernate.dialect.MySQL5Dialect
10:08:04.144 [main] DEBUG org.hibernate.engine.jdbc.env.spi.IdentifierHelperBuilder - JDBC driver metadata reported database stores quoted identifiers in more than one case
10:08:04.150 [main] DEBUG org.hibernate.engine.jdbc.env.spi.IdentifierHelperBuilder - IdentifierCaseStrategy for both quoted and unquoted identifiers was set to the same strategy [LOWER]; that will likely lead to problems in schema update and validation if using quoted identifiers
10:08:04.779 [main] DEBUG org.hibernate.id.factory.internal.DefaultIdentifierGeneratorFactory - Registering IdentifierGenerator strategy [uuid2] -> [org.hibernate.id.UUIDGenerator]
10:08:04.780 [main] DEBUG org.hibernate.id.factory.internal.DefaultIdentifierGeneratorFactory - Registering IdentifierGenerator strategy [guid] -> [org.hibernate.id.GUIDGenerator]
10:08:04.782 [main] DEBUG org.hibernate.id.factory.internal.DefaultIdentifierGeneratorFactory - Registering IdentifierGenerator strategy [uuid] -> [org.hibernate.id.UUIDHexGenerator]
10:08:04.782 [main] DEBUG org.hibernate.id.factory.internal.DefaultIdentifierGeneratorFactory - Registering IdentifierGenerator strategy [uuid.hex] -> [org.hibernate.id.UUIDHexGenerator]
10:08:04.784 [main] DEBUG org.hibernate.id.factory.internal.DefaultIdentifierGeneratorFactory - Registering IdentifierGenerator strategy [assigned] -> [org.hibernate.id.Assigned]
10:08:04.786 [main] DEBUG org.hibernate.id.factory.internal.DefaultIdentifierGeneratorFactory - Registering IdentifierGenerator strategy [identity] -> [org.hibernate.id.IdentityGenerator]
10:08:04.787 [main] DEBUG org.hibernate.id.factory.internal.DefaultIdentifierGeneratorFactory - Registering IdentifierGenerator strategy [select] -> [org.hibernate.id.SelectGenerator]
10:08:04.790 [main] DEBUG org.hibernate.id.factory.internal.DefaultIdentifierGeneratorFactory - Registering IdentifierGenerator strategy [sequence] -> [org.hibernate.id.enhanced.SequenceStyleGenerator]
10:08:04.791 [main] DEBUG org.hibernate.id.factory.internal.DefaultIdentifierGeneratorFactory - Registering IdentifierGenerator strategy [seqhilo] -> [org.hibernate.id.SequenceHiLoGenerator]
10:08:04.793 [main] DEBUG org.hibernate.id.factory.internal.DefaultIdentifierGeneratorFactory - Registering IdentifierGenerator strategy [increment] -> [org.hibernate.id.IncrementGenerator]
10:08:04.794 [main] DEBUG org.hibernate.id.factory.internal.DefaultIdentifierGeneratorFactory - Registering IdentifierGenerator strategy [foreign] -> [org.hibernate.id.ForeignGenerator]
10:08:04.794 [main] DEBUG org.hibernate.id.factory.internal.DefaultIdentifierGeneratorFactory - Registering IdentifierGenerator strategy [sequence-identity] -> [org.hibernate.id.SequenceIdentityGenerator]
10:08:04.795 [main] DEBUG org.hibernate.id.factory.internal.DefaultIdentifierGeneratorFactory - Registering IdentifierGenerator strategy [enhanced-sequence] -> [org.hibernate.id.enhanced.SequenceStyleGenerator]
10:08:04.796 [main] DEBUG org.hibernate.id.factory.internal.DefaultIdentifierGeneratorFactory - Registering IdentifierGenerator strategy [enhanced-table] -> [org.hibernate.id.enhanced.TableGenerator]
10:08:04.867 [main] DEBUG org.hibernate.boot.model.relational.Namespace - Created database namespace [logicalName=Name{catalog=null, schema=null}, physicalName=Name{catalog=null, schema=null}]
10:08:04.946 [main] DEBUG org.hibernate.cfg.AnnotationBinder - Binding entity from annotated class: com.joseph.entity.Client
10:08:05.019 [main] DEBUG org.hibernate.cfg.Ejb3Column - Binding column: Ejb3DiscriminatorColumn{logicalColumnName'DTYPE', discriminatorTypeName='string'}
10:08:05.027 [main] DEBUG org.hibernate.cfg.annotations.EntityBinder - Import with entity name Client
10:08:05.034 [main] DEBUG org.hibernate.cfg.annotations.EntityBinder - Bind entity com.joseph.entity.Client on table client
10:08:05.074 [main] DEBUG org.hibernate.cfg.Ejb3Column - Binding column: Ejb3Column{table=org.hibernate.mapping.Table(client), mappingColumn=idclient, insertable=true, updatable=true, unique=false}
10:08:05.079 [main] DEBUG org.hibernate.cfg.annotations.PropertyBinder - MetadataSourceProcessor property idclient with lazy=false
10:08:05.081 [main] DEBUG org.hibernate.cfg.AbstractPropertyHolder - Attempting to locate auto-apply AttributeConverter for property [com.joseph.entity.Client:idclient]
10:08:05.084 [main] DEBUG org.hibernate.cfg.annotations.SimpleValueBinder - building SimpleValue for idclient
10:08:05.086 [main] DEBUG org.hibernate.cfg.annotations.PropertyBinder - Building property idclient
10:08:05.090 [main] DEBUG org.hibernate.cfg.Ejb3Column - Binding column: Ejb3Column{table=org.hibernate.mapping.Table(client), mappingColumn=emailclient, insertable=true, updatable=true, unique=false}
10:08:05.091 [main] DEBUG org.hibernate.cfg.annotations.PropertyBinder - MetadataSourceProcessor property emailclient with lazy=false
10:08:05.091 [main] DEBUG org.hibernate.cfg.AbstractPropertyHolder - Attempting to locate auto-apply AttributeConverter for property [com.joseph.entity.Client:emailclient]
10:08:05.091 [main] DEBUG org.hibernate.cfg.annotations.SimpleValueBinder - building SimpleValue for emailclient
10:08:05.091 [main] DEBUG org.hibernate.cfg.annotations.PropertyBinder - Building property emailclient
10:08:05.092 [main] DEBUG org.hibernate.cfg.Ejb3Column - Binding column: Ejb3Column{table=org.hibernate.mapping.Table(client), mappingColumn=nameclient, insertable=true, updatable=true, unique=false}
10:08:05.092 [main] DEBUG org.hibernate.cfg.annotations.PropertyBinder - MetadataSourceProcessor property nameclient with lazy=false
10:08:05.092 [main] DEBUG org.hibernate.cfg.AbstractPropertyHolder - Attempting to locate auto-apply AttributeConverter for property [com.joseph.entity.Client:nameclient]
10:08:05.092 [main] DEBUG org.hibernate.cfg.annotations.SimpleValueBinder - building SimpleValue for nameclient
10:08:05.092 [main] DEBUG org.hibernate.cfg.annotations.PropertyBinder - Building property nameclient
10:08:05.094 [main] DEBUG org.hibernate.cfg.Ejb3Column - Binding column: Ejb3JoinColumn{logicalColumnName='null', referencedColumn='null', mappedBy='client'}
10:08:05.097 [main] DEBUG org.hibernate.cfg.Ejb3Column - Binding column: Ejb3Column{table=org.hibernate.mapping.Table(client), mappingColumn=orders, insertable=true, updatable=true, unique=false}
10:08:05.101 [main] DEBUG org.hibernate.cfg.Ejb3Column - Binding column: Ejb3Column{table=org.hibernate.mapping.Table(client), mappingColumn=null, insertable=true, updatable=true, unique=false}
10:08:05.119 [main] DEBUG org.hibernate.cfg.Ejb3Column - Binding column: Ejb3Column{table=org.hibernate.mapping.Table(client), mappingColumn=element, insertable=true, updatable=true, unique=false}
10:08:05.120 [main] DEBUG org.hibernate.cfg.Ejb3Column - Binding column: Ejb3Column{table=org.hibernate.mapping.Table(client), mappingColumn=orders_KEY, insertable=true, updatable=true, unique=false}
10:08:05.121 [main] DEBUG org.hibernate.cfg.Ejb3Column - Binding column: Ejb3JoinColumn{logicalColumnName='orders_KEY', referencedColumn='null', mappedBy='null'}
10:08:05.124 [main] DEBUG org.hibernate.cfg.Ejb3Column - Binding column: Ejb3JoinColumn{logicalColumnName='null', referencedColumn='null', mappedBy='client'}
10:08:05.124 [main] DEBUG org.hibernate.cfg.Ejb3Column - Binding column: Ejb3JoinColumn{logicalColumnName='null', referencedColumn='null', mappedBy='client'}
10:08:05.125 [main] DEBUG org.hibernate.cfg.annotations.CollectionBinder - Collection role: com.joseph.entity.Client.orders
10:08:05.134 [main] DEBUG org.hibernate.cfg.annotations.PropertyBinder - Building property orders
10:08:05.136 [main] DEBUG org.hibernate.cfg.AnnotationBinder - Binding entity from annotated class: com.joseph.entity.Order
10:08:05.136 [main] DEBUG org.hibernate.cfg.Ejb3Column - Binding column: Ejb3DiscriminatorColumn{logicalColumnName'DTYPE', discriminatorTypeName='string'}
10:08:05.136 [main] DEBUG org.hibernate.cfg.annotations.EntityBinder - Import with entity name Order
10:08:05.137 [main] DEBUG org.hibernate.cfg.annotations.EntityBinder - Bind entity com.joseph.entity.Order on table order_table
10:08:05.149 [main] DEBUG org.hibernate.cfg.Ejb3Column - Binding column: Ejb3Column{table=org.hibernate.mapping.Table(order_table), mappingColumn=idorder, insertable=true, updatable=true, unique=false}
10:08:05.149 [main] DEBUG org.hibernate.cfg.annotations.PropertyBinder - MetadataSourceProcessor property idorder with lazy=false
10:08:05.149 [main] DEBUG org.hibernate.cfg.AbstractPropertyHolder - Attempting to locate auto-apply AttributeConverter for property [com.joseph.entity.Order:idorder]
10:08:05.149 [main] DEBUG org.hibernate.cfg.annotations.SimpleValueBinder - building SimpleValue for idorder
10:08:05.150 [main] DEBUG org.hibernate.cfg.annotations.PropertyBinder - Building property idorder
10:08:05.150 [main] DEBUG org.hibernate.cfg.Ejb3Column - Binding column: Ejb3JoinColumn{logicalColumnName='idclient', referencedColumn='', mappedBy=''}
10:08:05.150 [main] DEBUG org.hibernate.cfg.Ejb3Column - Binding column: Ejb3Column{table=org.hibernate.mapping.Table(order_table), mappingColumn=client, insertable=true, updatable=true, unique=false}
10:08:05.153 [main] DEBUG org.hibernate.cfg.annotations.PropertyBinder - Building property client
10:08:05.154 [main] DEBUG org.hibernate.cfg.Ejb3Column - Binding column: Ejb3Column{table=org.hibernate.mapping.Table(order_table), mappingColumn=dateorder, insertable=true, updatable=true, unique=false}
10:08:05.154 [main] DEBUG org.hibernate.cfg.annotations.PropertyBinder - MetadataSourceProcessor property dateorder with lazy=false
10:08:05.154 [main] DEBUG org.hibernate.cfg.AbstractPropertyHolder - Attempting to locate auto-apply AttributeConverter for property [com.joseph.entity.Order:dateorder]
10:08:05.155 [main] DEBUG org.hibernate.cfg.annotations.SimpleValueBinder - building SimpleValue for dateorder
10:08:05.155 [main] DEBUG org.hibernate.cfg.annotations.PropertyBinder - Building property dateorder
10:08:05.155 [main] DEBUG org.hibernate.cfg.Ejb3Column - Binding column: Ejb3JoinColumn{logicalColumnName='null', referencedColumn='null', mappedBy='order'}
10:08:05.155 [main] DEBUG org.hibernate.cfg.Ejb3Column - Binding column: Ejb3Column{table=org.hibernate.mapping.Table(order_table), mappingColumn=orderItems, insertable=true, updatable=true, unique=false}
10:08:05.155 [main] DEBUG org.hibernate.cfg.Ejb3Column - Binding column: Ejb3Column{table=org.hibernate.mapping.Table(order_table), mappingColumn=null, insertable=true, updatable=true, unique=false}
10:08:05.155 [main] DEBUG org.hibernate.cfg.Ejb3Column - Binding column: Ejb3Column{table=org.hibernate.mapping.Table(order_table), mappingColumn=element, insertable=true, updatable=true, unique=false}
10:08:05.156 [main] DEBUG org.hibernate.cfg.Ejb3Column - Binding column: Ejb3Column{table=org.hibernate.mapping.Table(order_table), mappingColumn=orderItems_KEY, insertable=true, updatable=true, unique=false}
10:08:05.156 [main] DEBUG org.hibernate.cfg.Ejb3Column - Binding column: Ejb3JoinColumn{logicalColumnName='orderItems_KEY', referencedColumn='null', mappedBy='null'}
10:08:05.156 [main] DEBUG org.hibernate.cfg.Ejb3Column - Binding column: Ejb3JoinColumn{logicalColumnName='null', referencedColumn='null', mappedBy='order'}
10:08:05.156 [main] DEBUG org.hibernate.cfg.Ejb3Column - Binding column: Ejb3JoinColumn{logicalColumnName='null', referencedColumn='null', mappedBy='order'}
10:08:05.156 [main] DEBUG org.hibernate.cfg.annotations.CollectionBinder - Collection role: com.joseph.entity.Order.orderItems
10:08:05.156 [main] DEBUG org.hibernate.cfg.annotations.PropertyBinder - Building property orderItems
10:08:05.156 [main] DEBUG org.hibernate.cfg.Ejb3Column - Binding column: Ejb3Column{table=org.hibernate.mapping.Table(order_table), mappingColumn=statusorder, insertable=true, updatable=true, unique=false}
10:08:05.156 [main] DEBUG org.hibernate.cfg.annotations.PropertyBinder - MetadataSourceProcessor property statusorder with lazy=false
10:08:05.156 [main] DEBUG org.hibernate.cfg.AbstractPropertyHolder - Attempting to locate auto-apply AttributeConverter for property [com.joseph.entity.Order:statusorder]
10:08:05.159 [main] DEBUG org.hibernate.cfg.annotations.SimpleValueBinder - building SimpleValue for statusorder
10:08:05.159 [main] DEBUG org.hibernate.cfg.annotations.PropertyBinder - Building property statusorder
10:08:05.160 [main] DEBUG org.hibernate.cfg.Ejb3Column - Binding column: Ejb3Column{table=org.hibernate.mapping.Table(order_table), mappingColumn=totalorder, insertable=true, updatable=true, unique=false}
10:08:05.160 [main] DEBUG org.hibernate.cfg.annotations.PropertyBinder - MetadataSourceProcessor property totalorder with lazy=false
10:08:05.160 [main] DEBUG org.hibernate.cfg.AbstractPropertyHolder - Attempting to locate auto-apply AttributeConverter for property [com.joseph.entity.Order:totalorder]
10:08:05.160 [main] DEBUG org.hibernate.cfg.annotations.SimpleValueBinder - building SimpleValue for totalorder
10:08:05.160 [main] DEBUG org.hibernate.cfg.annotations.PropertyBinder - Building property totalorder
10:08:05.160 [main] DEBUG org.hibernate.cfg.AnnotationBinder - Binding entity from annotated class: com.joseph.entity.OrderItem
10:08:05.160 [main] DEBUG org.hibernate.cfg.Ejb3Column - Binding column: Ejb3DiscriminatorColumn{logicalColumnName'DTYPE', discriminatorTypeName='string'}
10:08:05.160 [main] DEBUG org.hibernate.cfg.annotations.EntityBinder - Import with entity name OrderItem
10:08:05.161 [main] DEBUG org.hibernate.cfg.annotations.EntityBinder - Bind entity com.joseph.entity.OrderItem on table orderitems
10:08:05.164 [main] DEBUG org.hibernate.cfg.Ejb3Column - Binding column: Ejb3Column{table=org.hibernate.mapping.Table(orderitems), mappingColumn=id, insertable=true, updatable=true, unique=false}
10:08:05.164 [main] DEBUG org.hibernate.cfg.annotations.PropertyBinder - MetadataSourceProcessor property id with lazy=false
10:08:05.164 [main] DEBUG org.hibernate.cfg.AbstractPropertyHolder - Attempting to locate auto-apply AttributeConverter for property [com.joseph.entity.OrderItem:id]
10:08:05.165 [main] DEBUG org.hibernate.cfg.annotations.SimpleValueBinder - building SimpleValue for id
10:08:05.165 [main] DEBUG org.hibernate.cfg.annotations.PropertyBinder - Building property id
10:08:05.166 [main] DEBUG org.hibernate.cfg.Ejb3Column - Binding column: Ejb3JoinColumn{logicalColumnName='idorder', referencedColumn='', mappedBy=''}
10:08:05.166 [main] DEBUG org.hibernate.cfg.Ejb3Column - Binding column: Ejb3Column{table=org.hibernate.mapping.Table(orderitems), mappingColumn=order, insertable=true, updatable=true, unique=false}
10:08:05.166 [main] DEBUG org.hibernate.cfg.annotations.PropertyBinder - Building property order
10:08:05.166 [main] DEBUG org.hibernate.cfg.Ejb3Column - Binding column: Ejb3JoinColumn{logicalColumnName='idproduct', referencedColumn='', mappedBy=''}
10:08:05.166 [main] DEBUG org.hibernate.cfg.Ejb3Column - Binding column: Ejb3Column{table=org.hibernate.mapping.Table(orderitems), mappingColumn=product, insertable=true, updatable=true, unique=false}
10:08:05.166 [main] DEBUG org.hibernate.cfg.annotations.PropertyBinder - Building property product
10:08:05.167 [main] DEBUG org.hibernate.cfg.Ejb3Column - Binding column: Ejb3Column{table=org.hibernate.mapping.Table(orderitems), mappingColumn=quantity, insertable=true, updatable=true, unique=false}
10:08:05.167 [main] DEBUG org.hibernate.cfg.annotations.PropertyBinder - MetadataSourceProcessor property quantity with lazy=false
10:08:05.167 [main] DEBUG org.hibernate.cfg.AbstractPropertyHolder - Attempting to locate auto-apply AttributeConverter for property [com.joseph.entity.OrderItem:quantity]
10:08:05.167 [main] DEBUG org.hibernate.cfg.annotations.SimpleValueBinder - building SimpleValue for quantity
10:08:05.167 [main] DEBUG org.hibernate.cfg.annotations.PropertyBinder - Building property quantity
10:08:05.167 [main] DEBUG org.hibernate.cfg.AnnotationBinder - Binding entity from annotated class: com.joseph.entity.Product
10:08:05.167 [main] DEBUG org.hibernate.cfg.Ejb3Column - Binding column: Ejb3DiscriminatorColumn{logicalColumnName'DTYPE', discriminatorTypeName='string'}
10:08:05.167 [main] DEBUG org.hibernate.cfg.annotations.EntityBinder - Import with entity name Product
10:08:05.169 [main] DEBUG org.hibernate.cfg.annotations.EntityBinder - Bind entity com.joseph.entity.Product on table Product
10:08:05.171 [main] DEBUG org.hibernate.cfg.Ejb3Column - Binding column: Ejb3Column{table=org.hibernate.mapping.Table(Product), mappingColumn=idproduct, insertable=true, updatable=true, unique=false}
10:08:05.171 [main] DEBUG org.hibernate.cfg.annotations.PropertyBinder - MetadataSourceProcessor property idproduct with lazy=false
10:08:05.171 [main] DEBUG org.hibernate.cfg.AbstractPropertyHolder - Attempting to locate auto-apply AttributeConverter for property [com.joseph.entity.Product:idproduct]
10:08:05.171 [main] DEBUG org.hibernate.cfg.annotations.SimpleValueBinder - building SimpleValue for idproduct
10:08:05.171 [main] DEBUG org.hibernate.cfg.annotations.PropertyBinder - Building property idproduct
10:08:05.172 [main] DEBUG org.hibernate.cfg.Ejb3Column - Binding column: Ejb3Column{table=org.hibernate.mapping.Table(Product), mappingColumn=nameproduct, insertable=true, updatable=true, unique=false}
10:08:05.172 [main] DEBUG org.hibernate.cfg.annotations.PropertyBinder - MetadataSourceProcessor property nameproduct with lazy=false
10:08:05.172 [main] DEBUG org.hibernate.cfg.AbstractPropertyHolder - Attempting to locate auto-apply AttributeConverter for property [com.joseph.entity.Product:nameproduct]
10:08:05.172 [main] DEBUG org.hibernate.cfg.annotations.SimpleValueBinder - building SimpleValue for nameproduct
10:08:05.172 [main] DEBUG org.hibernate.cfg.annotations.PropertyBinder - Building property nameproduct
10:08:05.172 [main] DEBUG org.hibernate.cfg.Ejb3Column - Binding column: Ejb3JoinColumn{logicalColumnName='null', referencedColumn='null', mappedBy='product'}
10:08:05.172 [main] DEBUG org.hibernate.cfg.Ejb3Column - Binding column: Ejb3Column{table=org.hibernate.mapping.Table(Product), mappingColumn=orderItems, insertable=true, updatable=true, unique=false}
10:08:05.172 [main] DEBUG org.hibernate.cfg.Ejb3Column - Binding column: Ejb3Column{table=org.hibernate.mapping.Table(Product), mappingColumn=null, insertable=true, updatable=true, unique=false}
10:08:05.173 [main] DEBUG org.hibernate.cfg.Ejb3Column - Binding column: Ejb3Column{table=org.hibernate.mapping.Table(Product), mappingColumn=element, insertable=true, updatable=true, unique=false}
10:08:05.173 [main] DEBUG org.hibernate.cfg.Ejb3Column - Binding column: Ejb3Column{table=org.hibernate.mapping.Table(Product), mappingColumn=orderItems_KEY, insertable=true, updatable=true, unique=false}
10:08:05.173 [main] DEBUG org.hibernate.cfg.Ejb3Column - Binding column: Ejb3JoinColumn{logicalColumnName='orderItems_KEY', referencedColumn='null', mappedBy='null'}
10:08:05.173 [main] DEBUG org.hibernate.cfg.Ejb3Column - Binding column: Ejb3JoinColumn{logicalColumnName='null', referencedColumn='null', mappedBy='product'}
10:08:05.173 [main] DEBUG org.hibernate.cfg.Ejb3Column - Binding column: Ejb3JoinColumn{logicalColumnName='null', referencedColumn='null', mappedBy='product'}
10:08:05.173 [main] DEBUG org.hibernate.cfg.annotations.CollectionBinder - Collection role: com.joseph.entity.Product.orderItems
10:08:05.173 [main] DEBUG org.hibernate.cfg.annotations.PropertyBinder - Building property orderItems
10:08:05.173 [main] DEBUG org.hibernate.cfg.Ejb3Column - Binding column: Ejb3Column{table=org.hibernate.mapping.Table(Product), mappingColumn=priceproduct, insertable=true, updatable=true, unique=false}
10:08:05.174 [main] DEBUG org.hibernate.cfg.annotations.PropertyBinder - MetadataSourceProcessor property priceproduct with lazy=false
10:08:05.174 [main] DEBUG org.hibernate.cfg.AbstractPropertyHolder - Attempting to locate auto-apply AttributeConverter for property [com.joseph.entity.Product:priceproduct]
10:08:05.174 [main] DEBUG org.hibernate.cfg.annotations.SimpleValueBinder - building SimpleValue for priceproduct
10:08:05.174 [main] DEBUG org.hibernate.cfg.annotations.PropertyBinder - Building property priceproduct
10:08:05.174 [main] DEBUG org.hibernate.cfg.Ejb3Column - Binding column: Ejb3Column{table=org.hibernate.mapping.Table(Product), mappingColumn=stockproduct, insertable=true, updatable=true, unique=false}
10:08:05.174 [main] DEBUG org.hibernate.cfg.annotations.PropertyBinder - MetadataSourceProcessor property stockproduct with lazy=false
10:08:05.174 [main] DEBUG org.hibernate.cfg.AbstractPropertyHolder - Attempting to locate auto-apply AttributeConverter for property [com.joseph.entity.Product:stockproduct]
10:08:05.174 [main] DEBUG org.hibernate.cfg.annotations.SimpleValueBinder - building SimpleValue for stockproduct
10:08:05.174 [main] DEBUG org.hibernate.cfg.annotations.PropertyBinder - Building property stockproduct
10:08:05.176 [main] DEBUG org.hibernate.cfg.annotations.SimpleValueBinder - Starting fillSimpleValue for idclient
10:08:05.176 [main] DEBUG org.hibernate.cfg.annotations.SimpleValueBinder - Starting fillSimpleValue for emailclient
10:08:05.176 [main] DEBUG org.hibernate.cfg.annotations.SimpleValueBinder - Starting fillSimpleValue for nameclient
10:08:05.176 [main] DEBUG org.hibernate.cfg.annotations.SimpleValueBinder - Starting fillSimpleValue for idorder
10:08:05.176 [main] DEBUG org.hibernate.cfg.annotations.SimpleValueBinder - Starting fillSimpleValue for dateorder
10:08:05.176 [main] DEBUG org.hibernate.cfg.annotations.SimpleValueBinder - Starting fillSimpleValue for statusorder
10:08:05.177 [main] DEBUG org.hibernate.cfg.annotations.SimpleValueBinder - Starting fillSimpleValue for totalorder
10:08:05.177 [main] DEBUG org.hibernate.cfg.annotations.SimpleValueBinder - Starting fillSimpleValue for id
10:08:05.177 [main] DEBUG org.hibernate.cfg.annotations.SimpleValueBinder - Starting fillSimpleValue for quantity
10:08:05.177 [main] DEBUG org.hibernate.cfg.annotations.SimpleValueBinder - Starting fillSimpleValue for idproduct
10:08:05.177 [main] DEBUG org.hibernate.cfg.annotations.SimpleValueBinder - Starting fillSimpleValue for nameproduct
10:08:05.177 [main] DEBUG org.hibernate.cfg.annotations.SimpleValueBinder - Starting fillSimpleValue for priceproduct
10:08:05.178 [main] DEBUG org.hibernate.cfg.annotations.SimpleValueBinder - Starting fillSimpleValue for stockproduct
10:08:05.183 [main] DEBUG org.hibernate.mapping.PrimaryKey - Forcing column [idclient] to be non-null as it is part of the primary key for table [client]
10:08:05.183 [main] DEBUG org.hibernate.mapping.PrimaryKey - Forcing column [idorder] to be non-null as it is part of the primary key for table [order_table]
10:08:05.183 [main] DEBUG org.hibernate.mapping.PrimaryKey - Forcing column [id] to be non-null as it is part of the primary key for table [orderitems]
10:08:05.183 [main] DEBUG org.hibernate.mapping.PrimaryKey - Forcing column [idproduct] to be non-null as it is part of the primary key for table [product]
10:08:05.183 [main] DEBUG org.hibernate.cfg.CollectionSecondPass - Second pass for collection: com.joseph.entity.Client.orders
10:08:05.184 [main] DEBUG org.hibernate.cfg.annotations.CollectionBinder - Binding a OneToMany: com.joseph.entity.Client.orders through a foreign key
10:08:05.185 [main] DEBUG org.hibernate.cfg.annotations.CollectionBinder - Mapping collection: com.joseph.entity.Client.orders -> order_table
10:08:05.186 [main] DEBUG org.hibernate.cfg.annotations.TableBinder - Retrieving property com.joseph.entity.Order.client
10:08:05.187 [main] DEBUG org.hibernate.cfg.CollectionSecondPass - Mapped collection key: idclient, one-to-many: com.joseph.entity.Order
10:08:05.187 [main] DEBUG org.hibernate.cfg.CollectionSecondPass - Second pass for collection: com.joseph.entity.Order.orderItems
10:08:05.187 [main] DEBUG org.hibernate.cfg.annotations.CollectionBinder - Binding a OneToMany: com.joseph.entity.Order.orderItems through a foreign key
10:08:05.187 [main] DEBUG org.hibernate.cfg.annotations.CollectionBinder - Mapping collection: com.joseph.entity.Order.orderItems -> orderitems
10:08:05.187 [main] DEBUG org.hibernate.cfg.annotations.TableBinder - Retrieving property com.joseph.entity.OrderItem.order
10:08:05.187 [main] DEBUG org.hibernate.cfg.CollectionSecondPass - Mapped collection key: idorder, one-to-many: com.joseph.entity.OrderItem
10:08:05.187 [main] DEBUG org.hibernate.cfg.CollectionSecondPass - Second pass for collection: com.joseph.entity.Product.orderItems
10:08:05.187 [main] DEBUG org.hibernate.cfg.annotations.CollectionBinder - Binding a OneToMany: com.joseph.entity.Product.orderItems through a foreign key
10:08:05.187 [main] DEBUG org.hibernate.cfg.annotations.CollectionBinder - Mapping collection: com.joseph.entity.Product.orderItems -> orderitems
10:08:05.188 [main] DEBUG org.hibernate.cfg.annotations.TableBinder - Retrieving property com.joseph.entity.OrderItem.product
10:08:05.188 [main] DEBUG org.hibernate.cfg.CollectionSecondPass - Mapped collection key: idproduct, one-to-many: com.joseph.entity.OrderItem
10:08:05.188 [main] DEBUG org.hibernate.boot.internal.InFlightMetadataCollectorImpl - Resolving reference to class: com.joseph.entity.Client
10:08:05.194 [main] DEBUG org.hibernate.boot.internal.InFlightMetadataCollectorImpl - Resolving reference to class: com.joseph.entity.Order
10:08:05.194 [main] DEBUG org.hibernate.boot.internal.InFlightMetadataCollectorImpl - Resolving reference to class: com.joseph.entity.Product
10:08:05.197 [main] DEBUG org.hibernate.boot.internal.InFlightMetadataCollectorImpl - Resolving reference to class: com.joseph.entity.Client
10:08:05.197 [main] DEBUG org.hibernate.boot.internal.InFlightMetadataCollectorImpl - Resolving reference to class: com.joseph.entity.Order
10:08:05.197 [main] DEBUG org.hibernate.boot.internal.InFlightMetadataCollectorImpl - Resolving reference to class: com.joseph.entity.Product
10:08:05.256 [main] DEBUG org.hibernate.internal.SessionFactoryImpl - Building session factory
10:08:05.258 [main] DEBUG org.hibernate.cfg.Settings - SessionFactory name : null
10:08:05.258 [main] DEBUG org.hibernate.cfg.Settings - Automatic flush during beforeCompletion(): enabled
10:08:05.258 [main] DEBUG org.hibernate.cfg.Settings - Automatic session close at end of transaction: disabled
10:08:05.258 [main] DEBUG org.hibernate.cfg.Settings - Statistics: disabled
10:08:05.258 [main] DEBUG org.hibernate.cfg.Settings - Deleted entity synthetic identifier rollback: disabled
10:08:05.258 [main] DEBUG org.hibernate.cfg.Settings - Default entity-mode: pojo
10:08:05.259 [main] DEBUG org.hibernate.cfg.Settings - Check Nullability in Core (should be disabled when Bean Validation is on): enabled
10:08:05.259 [main] DEBUG org.hibernate.cfg.Settings - Allow initialization of lazy state outside session : disabled
10:08:05.259 [main] DEBUG org.hibernate.cfg.Settings - Using BatchFetchStyle : LEGACY
10:08:05.259 [main] DEBUG org.hibernate.cfg.Settings - Default batch fetch size: -1
10:08:05.259 [main] DEBUG org.hibernate.cfg.Settings - Maximum outer join fetch depth: 2
10:08:05.259 [main] DEBUG org.hibernate.cfg.Settings - Default null ordering: NONE
10:08:05.259 [main] DEBUG org.hibernate.cfg.Settings - Order SQL updates by primary key: disabled
10:08:05.259 [main] DEBUG org.hibernate.cfg.Settings - Order SQL inserts for batching: disabled
10:08:05.259 [main] DEBUG org.hibernate.cfg.Settings - multi-tenancy strategy : NONE
10:08:05.259 [main] DEBUG org.hibernate.cfg.Settings - JTA Track by Thread: enabled
10:08:05.260 [main] DEBUG org.hibernate.cfg.Settings - Query language substitutions: {}
10:08:05.260 [main] DEBUG org.hibernate.cfg.Settings - JPA query language strict compliance: disabled
10:08:05.260 [main] DEBUG org.hibernate.cfg.Settings - Named query checking : enabled
10:08:05.260 [main] DEBUG org.hibernate.cfg.Settings - Second-level cache: disabled
10:08:05.260 [main] DEBUG org.hibernate.cfg.Settings - Second-level query cache: disabled
10:08:05.260 [main] DEBUG org.hibernate.cfg.Settings - Second-level query cache factory: null
10:08:05.260 [main] DEBUG org.hibernate.cfg.Settings - Second-level cache region prefix: null
10:08:05.260 [main] DEBUG org.hibernate.cfg.Settings - Optimize second-level cache for minimal puts: disabled
10:08:05.260 [main] DEBUG org.hibernate.cfg.Settings - Structured second-level cache entries: disabled
10:08:05.260 [main] DEBUG org.hibernate.cfg.Settings - Second-level cache direct-reference entries: disabled
10:08:05.260 [main] DEBUG org.hibernate.cfg.Settings - Automatic eviction of collection cache: disabled
10:08:05.260 [main] DEBUG org.hibernate.cfg.Settings - JDBC batch size: 15
10:08:05.260 [main] DEBUG org.hibernate.cfg.Settings - JDBC batch updates for versioned data: enabled
10:08:05.260 [main] DEBUG org.hibernate.cfg.Settings - Scrollable result sets: enabled
10:08:05.260 [main] DEBUG org.hibernate.cfg.Settings - Wrap result sets: disabled
10:08:05.260 [main] DEBUG org.hibernate.cfg.Settings - JDBC3 getGeneratedKeys(): enabled
10:08:05.261 [main] DEBUG org.hibernate.cfg.Settings - JDBC result set fetch size: null
10:08:05.261 [main] DEBUG org.hibernate.cfg.Settings - Connection release mode: ON_CLOSE
10:08:05.261 [main] DEBUG org.hibernate.cfg.Settings - Generate SQL with comments: disabled
10:08:05.470 [main] DEBUG org.hibernate.internal.SessionFactoryImpl - Session factory constructed with filter configurations : {}
10:08:05.471 [main] DEBUG org.hibernate.internal.SessionFactoryImpl - Instantiating session factory with properties: {sun.desktop=windows, awt.toolkit=sun.awt.windows.WToolkit, file.encoding.pkg=sun.io, java.specification.version=1.8, hibernate.connection.handling_mode=DELAYED_ACQUISITION_AND_HOLD, sun.cpu.isalist=amd64, sun.jnu.encoding=Cp1252, hibernate.dialect=org.hibernate.dialect.MySQL5Dialect, java.class.path=C:\Users\yassinjouao\Desktop\backup\target\test-classes;C:\Users\yassinjouao\Desktop\backup\target\classes;C:\Users\yassinjouao\.m2\repository\com\fasterxml\jackson\core\jackson-databind\2.13.0\jackson-databind-2.13.0.jar;C:\Users\yassinjouao\.m2\repository\com\fasterxml\jackson\core\jackson-core\2.13.0\jackson-core-2.13.0.jar;C:\Users\yassinjouao\.m2\repository\com\fasterxml\jackson\core\jackson-annotations\2.13.0\jackson-annotations-2.13.0.jar;C:\Users\yassinjouao\.m2\repository\org\apache\poi\poi-ooxml\3.11\poi-ooxml-3.11.jar;C:\Users\yassinjouao\.m2\repository\org\apache\poi\poi\3.11\poi-3.11.jar;C:\Users\yassinjouao\.m2\repository\commons-codec\commons-codec\1.9\commons-codec-1.9.jar;C:\Users\yassinjouao\.m2\repository\org\apache\poi\poi-ooxml-schemas\3.11\poi-ooxml-schemas-3.11.jar;C:\Users\yassinjouao\.m2\repository\org\apache\xmlbeans\xmlbeans\2.6.0\xmlbeans-2.6.0.jar;C:\Users\yassinjouao\.m2\repository\stax\stax-api\1.0.1\stax-api-1.0.1.jar;C:\Users\yassinjouao\.m2\repository\org\springframework\spring-webmvc\5.2.22.RELEASE\spring-webmvc-5.2.22.RELEASE.jar;C:\Users\yassinjouao\.m2\repository\org\springframework\spring-aop\5.2.22.RELEASE\spring-aop-5.2.22.RELEASE.jar;C:\Users\yassinjouao\.m2\repository\org\springframework\spring-beans\5.2.22.RELEASE\spring-beans-5.2.22.RELEASE.jar;C:\Users\yassinjouao\.m2\repository\org\springframework\spring-context\5.2.22.RELEASE\spring-context-5.2.22.RELEASE.jar;C:\Users\yassinjouao\.m2\repository\org\springframework\spring-core\5.2.22.RELEASE\spring-core-5.2.22.RELEASE.jar;C:\Users\yassinjouao\.m2\repository\org\springframework\spring-jcl\5.2.22.RELEASE\spring-jcl-5.2.22.RELEASE.jar;C:\Users\yassinjouao\.m2\repository\org\springframework\spring-expression\5.2.22.RELEASE\spring-expression-5.2.22.RELEASE.jar;C:\Users\yassinjouao\.m2\repository\org\springframework\spring-web\5.2.22.RELEASE\spring-web-5.2.22.RELEASE.jar;C:\Users\yassinjouao\.m2\repository\org\thymeleaf\thymeleaf-spring5\3.0.15.RELEASE\thymeleaf-spring5-3.0.15.RELEASE.jar;C:\Users\yassinjouao\.m2\repository\org\thymeleaf\thymeleaf\3.0.15.RELEASE\thymeleaf-3.0.15.RELEASE.jar;C:\Users\yassinjouao\.m2\repository\org\attoparser\attoparser\2.0.5.RELEASE\attoparser-2.0.5.RELEASE.jar;C:\Users\yassinjouao\.m2\repository\org\unbescape\unbescape\1.1.6.RELEASE\unbescape-1.1.6.RELEASE.jar;C:\Users\yassinjouao\.m2\repository\org\webjars\bootstrap\5.2.0\bootstrap-5.2.0.jar;C:\Users\yassinjouao\.m2\repository\jakarta\servlet\jakarta.servlet-api\4.0.4\jakarta.servlet-api-4.0.4.jar;C:\Users\yassinjouao\.m2\repository\org\springframework\spring-test\5.2.22.RELEASE\spring-test-5.2.22.RELEASE.jar;C:\Users\yassinjouao\.m2\repository\org\slf4j\slf4j-api\1.7.32\slf4j-api-1.7.32.jar;C:\Users\yassinjouao\.m2\repository\ch\qos\logback\logback-classic\1.2.6\logback-classic-1.2.6.jar;C:\Users\yassinjouao\.m2\repository\ch\qos\logback\logback-core\1.2.6\logback-core-1.2.6.jar;C:\Users\yassinjouao\.m2\repository\org\junit\jupiter\junit-jupiter-api\5.9.0\junit-jupiter-api-5.9.0.jar;C:\Users\yassinjouao\.m2\repository\org\opentest4j\opentest4j\1.2.0\opentest4j-1.2.0.jar;C:\Users\yassinjouao\.m2\repository\org\junit\platform\junit-platform-commons\1.9.0\junit-platform-commons-1.9.0.jar;C:\Users\yassinjouao\.m2\repository\org\apiguardian\apiguardian-api\1.1.2\apiguardian-api-1.1.2.jar;C:\Users\yassinjouao\.m2\repository\org\junit\jupiter\junit-jupiter-params\5.10.0\junit-jupiter-params-5.10.0.jar;C:\Users\yassinjouao\.m2\repository\org\junit\jupiter\junit-jupiter-engine\5.9.0\junit-jupiter-engine-5.9.0.jar;C:\Users\yassinjouao\.m2\repository\org\junit\platform\junit-platform-engine\1.9.0\junit-platform-engine-1.9.0.jar;C:\Users\yassinjouao\.m2\repository\org\hamcrest\hamcrest-core\2.2\hamcrest-core-2.2.jar;C:\Users\yassinjouao\.m2\repository\org\hamcrest\hamcrest\2.2\hamcrest-2.2.jar;C:\Users\yassinjouao\.m2\repository\com\mysql\mysql-connector-j\8.0.31\mysql-connector-j-8.0.31.jar;C:\Users\yassinjouao\.m2\repository\com\google\protobuf\protobuf-java\3.19.4\protobuf-java-3.19.4.jar;C:\Users\yassinjouao\.m2\repository\org\springframework\spring-orm\5.2.22.RELEASE\spring-orm-5.2.22.RELEASE.jar;C:\Users\yassinjouao\.m2\repository\org\springframework\spring-jdbc\5.2.22.RELEASE\spring-jdbc-5.2.22.RELEASE.jar;C:\Users\yassinjouao\.m2\repository\org\springframework\spring-tx\5.2.22.RELEASE\spring-tx-5.2.22.RELEASE.jar;C:\Users\yassinjouao\.m2\repository\org\hibernate\hibernate-entitymanager\5.2.17.Final\hibernate-entitymanager-5.2.17.Final.jar;C:\Users\yassinjouao\.m2\repository\org\jboss\logging\jboss-logging\3.3.1.Final\jboss-logging-3.3.1.Final.jar;C:\Users\yassinjouao\.m2\repository\org\hibernate\hibernate-core\5.2.17.Final\hibernate-core-5.2.17.Final.jar;C:\Users\yassinjouao\.m2\repository\antlr\antlr\2.7.7\antlr-2.7.7.jar;C:\Users\yassinjouao\.m2\repository\org\jboss\jandex\2.0.3.Final\jandex-2.0.3.Final.jar;C:\Users\yassinjouao\.m2\repository\dom4j\dom4j\1.6.1\dom4j-1.6.1.jar;C:\Users\yassinjouao\.m2\repository\org\hibernate\common\hibernate-commons-annotations\5.0.1.Final\hibernate-commons-annotations-5.0.1.Final.jar;C:\Users\yassinjouao\.m2\repository\org\hibernate\javax\persistence\hibernate-jpa-2.1-api\1.0.0.Final\hibernate-jpa-2.1-api-1.0.0.Final.jar;C:\Users\yassinjouao\.m2\repository\org\javassist\javassist\3.22.0-GA\javassist-3.22.0-GA.jar;C:\Users\yassinjouao\.m2\repository\net\bytebuddy\byte-buddy\1.6.14\byte-buddy-1.6.14.jar;C:\Users\yassinjouao\.m2\repository\org\jboss\spec\javax\transaction\jboss-transaction-api_1.2_spec\1.0.1.Final\jboss-transaction-api_1.2_spec-1.0.1.Final.jar;C:\Users\yassinjouao\.m2\repository\org\hibernate\hibernate-validator\5.4.1.Final\hibernate-validator-5.4.1.Final.jar;C:\Users\yassinjouao\.m2\repository\javax\validation\validation-api\1.1.0.Final\validation-api-1.1.0.Final.jar;C:\Users\yassinjouao\.m2\repository\com\fasterxml\classmate\1.3.1\classmate-1.3.1.jar;C:\Users\yassinjouao\.m2\repository\org\springframework\data\spring-data-jpa\2.1.0.RELEASE\spring-data-jpa-2.1.0.RELEASE.jar;C:\Users\yassinjouao\.m2\repository\org\springframework\data\spring-data-commons\2.1.0.RELEASE\spring-data-commons-2.1.0.RELEASE.jar;C:\Users\yassinjouao\.m2\repository\org\aspectj\aspectjrt\1.9.1\aspectjrt-1.9.1.jar;C:\Users\yassinjouao\.m2\repository\com\h2database\h2\2.1.214\h2-2.1.214.jar;, java.vm.vendor=Oracle Corporation, sun.arch.data.model=64, user.variant=, java.vendor.url=http://java.oracle.com/, user.timezone=Africa/Casablanca, os.name=Windows 10, java.vm.specification.version=1.8, javax.persistence.validation.mode=AUTO, user.country=US, sun.java.launcher=SUN_STANDARD, sun.boot.library.path=C:\Program Files\Java\jdk-1.8\jre\bin, sun.java.command=C:\Users\yassinjouao\AppData\Local\Temp\surefire3009955518126088091\surefirebooter-20240105100759340_3.jar C:\Users\yassinjouao\AppData\Local\Temp\surefire3009955518126088091 2024-01-05T10-07-58_543-jvmRun1 surefire-20240105100759340_1tmp surefire_0-20240105100759340_2tmp, javax.persistence.sharedCache.mode=UNSPECIFIED, surefire.test.class.path=C:\Users\yassinjouao\Desktop\backup\target\test-classes;C:\Users\yassinjouao\Desktop\backup\target\classes;C:\Users\yassinjouao\.m2\repository\com\fasterxml\jackson\core\jackson-databind\2.13.0\jackson-databind-2.13.0.jar;C:\Users\yassinjouao\.m2\repository\com\fasterxml\jackson\core\jackson-core\2.13.0\jackson-core-2.13.0.jar;C:\Users\yassinjouao\.m2\repository\com\fasterxml\jackson\core\jackson-annotations\2.13.0\jackson-annotations-2.13.0.jar;C:\Users\yassinjouao\.m2\repository\org\apache\poi\poi-ooxml\3.11\poi-ooxml-3.11.jar;C:\Users\yassinjouao\.m2\repository\org\apache\poi\poi\3.11\poi-3.11.jar;C:\Users\yassinjouao\.m2\repository\commons-codec\commons-codec\1.9\commons-codec-1.9.jar;C:\Users\yassinjouao\.m2\repository\org\apache\poi\poi-ooxml-schemas\3.11\poi-ooxml-schemas-3.11.jar;C:\Users\yassinjouao\.m2\repository\org\apache\xmlbeans\xmlbeans\2.6.0\xmlbeans-2.6.0.jar;C:\Users\yassinjouao\.m2\repository\stax\stax-api\1.0.1\stax-api-1.0.1.jar;C:\Users\yassinjouao\.m2\repository\org\springframework\spring-webmvc\5.2.22.RELEASE\spring-webmvc-5.2.22.RELEASE.jar;C:\Users\yassinjouao\.m2\repository\org\springframework\spring-aop\5.2.22.RELEASE\spring-aop-5.2.22.RELEASE.jar;C:\Users\yassinjouao\.m2\repository\org\springframework\spring-beans\5.2.22.RELEASE\spring-beans-5.2.22.RELEASE.jar;C:\Users\yassinjouao\.m2\repository\org\springframework\spring-context\5.2.22.RELEASE\spring-context-5.2.22.RELEASE.jar;C:\Users\yassinjouao\.m2\repository\org\springframework\spring-core\5.2.22.RELEASE\spring-core-5.2.22.RELEASE.jar;C:\Users\yassinjouao\.m2\repository\org\springframework\spring-jcl\5.2.22.RELEASE\spring-jcl-5.2.22.RELEASE.jar;C:\Users\yassinjouao\.m2\repository\org\springframework\spring-expression\5.2.22.RELEASE\spring-expression-5.2.22.RELEASE.jar;C:\Users\yassinjouao\.m2\repository\org\springframework\spring-web\5.2.22.RELEASE\spring-web-5.2.22.RELEASE.jar;C:\Users\yassinjouao\.m2\repository\org\thymeleaf\thymeleaf-spring5\3.0.15.RELEASE\thymeleaf-spring5-3.0.15.RELEASE.jar;C:\Users\yassinjouao\.m2\repository\org\thymeleaf\thymeleaf\3.0.15.RELEASE\thymeleaf-3.0.15.RELEASE.jar;C:\Users\yassinjouao\.m2\repository\org\attoparser\attoparser\2.0.5.RELEASE\attoparser-2.0.5.RELEASE.jar;C:\Users\yassinjouao\.m2\repository\org\unbescape\unbescape\1.1.6.RELEASE\unbescape-1.1.6.RELEASE.jar;C:\Users\yassinjouao\.m2\repository\org\webjars\bootstrap\5.2.0\bootstrap-5.2.0.jar;C:\Users\yassinjouao\.m2\repository\jakarta\servlet\jakarta.servlet-api\4.0.4\jakarta.servlet-api-4.0.4.jar;C:\Users\yassinjouao\.m2\repository\org\springframework\spring-test\5.2.22.RELEASE\spring-test-5.2.22.RELEASE.jar;C:\Users\yassinjouao\.m2\repository\org\slf4j\slf4j-api\1.7.32\slf4j-api-1.7.32.jar;C:\Users\yassinjouao\.m2\repository\ch\qos\logback\logback-classic\1.2.6\logback-classic-1.2.6.jar;C:\Users\yassinjouao\.m2\repository\ch\qos\logback\logback-core\1.2.6\logback-core-1.2.6.jar;C:\Users\yassinjouao\.m2\repository\org\junit\jupiter\junit-jupiter-api\5.9.0\junit-jupiter-api-5.9.0.jar;C:\Users\yassinjouao\.m2\repository\org\opentest4j\opentest4j\1.2.0\opentest4j-1.2.0.jar;C:\Users\yassinjouao\.m2\repository\org\junit\platform\junit-platform-commons\1.9.0\junit-platform-commons-1.9.0.jar;C:\Users\yassinjouao\.m2\repository\org\apiguardian\apiguardian-api\1.1.2\apiguardian-api-1.1.2.jar;C:\Users\yassinjouao\.m2\repository\org\junit\jupiter\junit-jupiter-params\5.10.0\junit-jupiter-params-5.10.0.jar;C:\Users\yassinjouao\.m2\repository\org\junit\jupiter\junit-jupiter-engine\5.9.0\junit-jupiter-engine-5.9.0.jar;C:\Users\yassinjouao\.m2\repository\org\junit\platform\junit-platform-engine\1.9.0\junit-platform-engine-1.9.0.jar;C:\Users\yassinjouao\.m2\repository\org\hamcrest\hamcrest-core\2.2\hamcrest-core-2.2.jar;C:\Users\yassinjouao\.m2\repository\org\hamcrest\hamcrest\2.2\hamcrest-2.2.jar;C:\Users\yassinjouao\.m2\repository\com\mysql\mysql-connector-j\8.0.31\mysql-connector-j-8.0.31.jar;C:\Users\yassinjouao\.m2\repository\com\google\protobuf\protobuf-java\3.19.4\protobuf-java-3.19.4.jar;C:\Users\yassinjouao\.m2\repository\org\springframework\spring-orm\5.2.22.RELEASE\spring-orm-5.2.22.RELEASE.jar;C:\Users\yassinjouao\.m2\repository\org\springframework\spring-jdbc\5.2.22.RELEASE\spring-jdbc-5.2.22.RELEASE.jar;C:\Users\yassinjouao\.m2\repository\org\springframework\spring-tx\5.2.22.RELEASE\spring-tx-5.2.22.RELEASE.jar;C:\Users\yassinjouao\.m2\repository\org\hibernate\hibernate-entitymanager\5.2.17.Final\hibernate-entitymanager-5.2.17.Final.jar;C:\Users\yassinjouao\.m2\repository\org\jboss\logging\jboss-logging\3.3.1.Final\jboss-logging-3.3.1.Final.jar;C:\Users\yassinjouao\.m2\repository\org\hibernate\hibernate-core\5.2.17.Final\hibernate-core-5.2.17.Final.jar;C:\Users\yassinjouao\.m2\repository\antlr\antlr\2.7.7\antlr-2.7.7.jar;C:\Users\yassinjouao\.m2\repository\org\jboss\jandex\2.0.3.Final\jandex-2.0.3.Final.jar;C:\Users\yassinjouao\.m2\repository\dom4j\dom4j\1.6.1\dom4j-1.6.1.jar;C:\User
[...]
10:08:09.769 [main] DEBUG org.hibernate.event.internal.AbstractFlushingEventListener - Flushed: 0 (re)creations, 0 updates, 0 removals to 1 collections
10:08:09.769 [main] DEBUG org.hibernate.internal.util.EntityPrinter - Listing entities:
10:08:09.769 [main] DEBUG org.hibernate.internal.util.EntityPrinter - com.joseph.entity.Client{nameclient=client3Test, emailclient=test@test.com, orders=[], idclient=450}
10:08:09.769 [main] DEBUG org.hibernate.SQL - update client set emailclient=?, nameclient=? where idclient=?
10:08:09.775 [main] DEBUG org.springframework.orm.jpa.JpaTransactionManager - Closing JPA EntityManager [SessionImpl(PersistenceContext[entityKeys=[EntityKey[com.joseph.entity.Client#450]],collectionKeys=[CollectionKey[com.joseph.entity.Client.orders#450]]];ActionQueue[insertions=ExecutableList{size=0} updates=ExecutableList{size=0} deletions=ExecutableList{size=0} orphanRemovals=ExecutableList{size=0} collectionCreations=ExecutableList{size=0} collectionRemovals=ExecutableList{size=0} collectionUpdates=ExecutableList{size=0} collectionQueuedOps=ExecutableList{size=0} unresolvedInsertDependencies=null])] after transaction
10:08:09.776 [main] DEBUG org.springframework.orm.jpa.JpaTransactionManager - Creating new transaction with name [org.springframework.data.jpa.repository.support.SimpleJpaRepository.findAll]: PROPAGATION_REQUIRED,ISOLATION_DEFAULT,readOnly
10:08:09.776 [main] DEBUG org.springframework.orm.jpa.JpaTransactionManager - Opened new EntityManager [SessionImpl(PersistenceContext[entityKeys=[],collectionKeys=[]];ActionQueue[insertions=ExecutableList{size=0} updates=ExecutableList{size=0} deletions=ExecutableList{size=0} orphanRemovals=ExecutableList{size=0} collectionCreations=ExecutableList{size=0} collectionRemovals=ExecutableList{size=0} collectionUpdates=ExecutableList{size=0} collectionQueuedOps=ExecutableList{size=0} unresolvedInsertDependencies=null])] for JPA transaction
10:08:09.777 [main] DEBUG org.springframework.jdbc.datasource.DriverManagerDataSource - Creating new JDBC DriverManager Connection to [jdbc:mysql://localhost:3306/testcraftcore?useSSL=false&useTimezone=true&serverTimezone=UTC]
10:08:09.783 [main] DEBUG org.springframework.jdbc.datasource.DataSourceUtils - Setting JDBC Connection [com.mysql.cj.jdbc.ConnectionImpl@1ac6dd3d] read-only
10:08:09.783 [main] DEBUG org.hibernate.engine.transaction.internal.TransactionImpl - begin
10:08:09.785 [main] DEBUG org.springframework.orm.jpa.JpaTransactionManager - Exposing JPA transaction as JDBC [org.springframework.orm.jpa.vendor.HibernateJpaDialect$HibernateConnectionHandle@562919fe]
10:08:09.785 [main] DEBUG org.hibernate.query.criteria.internal.CriteriaQueryImpl - Rendered criteria query -> select generatedAlias0 from Client as generatedAlias0
10:08:09.786 [main] DEBUG org.hibernate.SQL - select client0_.idclient as idclient1_0_, client0_.emailclient as emailcli2_0_, client0_.nameclient as nameclie3_0_ from client client0_
10:08:09.789 [main] DEBUG org.hibernate.loader.Loader - Result set row: 0
10:08:09.790 [main] DEBUG org.hibernate.loader.Loader - Result row: EntityKey[com.joseph.entity.Client#450]
10:08:09.790 [main] DEBUG org.hibernate.loader.Loader - Result set row: 1
10:08:09.791 [main] DEBUG org.hibernate.loader.Loader - Result row: EntityKey[com.joseph.entity.Client#449]
10:08:09.791 [main] DEBUG org.hibernate.loader.Loader - Result set row: 2
10:08:09.791 [main] DEBUG org.hibernate.loader.Loader - Result row: EntityKey[com.joseph.entity.Client#448]
10:08:09.791 [main] DEBUG org.hibernate.engine.internal.TwoPhaseLoad - Resolving associations for [com.joseph.entity.Client#450]
10:08:09.791 [main] DEBUG org.hibernate.engine.internal.TwoPhaseLoad - Done materializing entity [com.joseph.entity.Client#450]
10:08:09.792 [main] DEBUG org.hibernate.engine.internal.TwoPhaseLoad - Resolving associations for [com.joseph.entity.Client#449]
10:08:09.792 [main] DEBUG org.hibernate.engine.internal.TwoPhaseLoad - Done materializing entity [com.joseph.entity.Client#449]
10:08:09.792 [main] DEBUG org.hibernate.engine.internal.TwoPhaseLoad - Resolving associations for [com.joseph.entity.Client#448]
10:08:09.792 [main] DEBUG org.hibernate.engine.internal.TwoPhaseLoad - Done materializing entity [com.joseph.entity.Client#448]
10:08:09.792 [main] DEBUG org.springframework.orm.jpa.JpaTransactionManager - Initiating transaction commit
10:08:09.792 [main] DEBUG org.springframework.orm.jpa.JpaTransactionManager - Committing JPA transaction on EntityManager [SessionImpl(PersistenceContext[entityKeys=[EntityKey[com.joseph.entity.Client#448], EntityKey[com.joseph.entity.Client#450], EntityKey[com.joseph.entity.Client#449]],collectionKeys=[CollectionKey[com.joseph.entity.Client.orders#448], CollectionKey[com.joseph.entity.Client.orders#449], CollectionKey[com.joseph.entity.Client.orders#450]]];ActionQueue[insertions=ExecutableList{size=0} updates=ExecutableList{size=0} deletions=ExecutableList{size=0} orphanRemovals=ExecutableList{size=0} collectionCreations=ExecutableList{size=0} collectionRemovals=ExecutableList{size=0} collectionUpdates=ExecutableList{size=0} collectionQueuedOps=ExecutableList{size=0} unresolvedInsertDependencies=null])]
10:08:09.792 [main] DEBUG org.hibernate.engine.transaction.internal.TransactionImpl - committing
10:08:09.793 [main] DEBUG org.springframework.jdbc.datasource.DataSourceUtils - Resetting read-only flag of JDBC Connection [com.mysql.cj.jdbc.ConnectionImpl@1ac6dd3d]
10:08:09.794 [main] DEBUG org.springframework.orm.jpa.JpaTransactionManager - Closing JPA EntityManager [SessionImpl(PersistenceContext[entityKeys=[EntityKey[com.joseph.entity.Client#448], EntityKey[com.joseph.entity.Client#450], EntityKey[com.joseph.entity.Client#449]],collectionKeys=[CollectionKey[com.joseph.entity.Client.orders#448], CollectionKey[com.joseph.entity.Client.orders#449], CollectionKey[com.joseph.entity.Client.orders#450]]];ActionQueue[insertions=ExecutableList{size=0} updates=ExecutableList{size=0} deletions=ExecutableList{size=0} orphanRemovals=ExecutableList{size=0} collectionCreations=ExecutableList{size=0} collectionRemovals=ExecutableList{size=0} collectionUpdates=ExecutableList{size=0} collectionQueuedOps=ExecutableList{size=0} unresolvedInsertDependencies=null])] after transaction
10:08:09.795 [main] DEBUG org.springframework.test.context.cache.DefaultCacheAwareContextLoaderDelegate - Retrieved ApplicationContext [254801937] from cache with key [[MergedContextConfiguration@21ae657b testClass = ClientServiceImplTest.parameterizedAndRepetedTest, locations = '{}', classes = '{class com.joseph.config.PersistenceJPAConfig}', contextInitializerClasses = '[]', activeProfiles = '{}', propertySourceLocations = '{}', propertySourceProperties = '{}', contextCustomizers = set[[empty]], contextLoader = 'org.springframework.test.context.support.DelegatingSmartContextLoader', parent = [null]]]
10:08:09.795 [main] DEBUG org.springframework.test.context.cache - Spring test ApplicationContext cache statistics: [DefaultContextCache@5261ec9 size = 1, maxSize = 32, parentContextCount = 0, hitCount = 51, missCount = 1]
10:08:09.796 [main] DEBUG org.springframework.orm.jpa.JpaTransactionManager - Creating new transaction with name [org.springframework.data.jpa.repository.support.SimpleJpaRepository.deleteAll]: PROPAGATION_REQUIRED,ISOLATION_DEFAULT
10:08:09.796 [main] DEBUG org.springframework.orm.jpa.JpaTransactionManager - Opened new EntityManager [SessionImpl(PersistenceContext[entityKeys=[],collectionKeys=[]];ActionQueue[insertions=ExecutableList{size=0} updates=ExecutableList{size=0} deletions=ExecutableList{size=0} orphanRemovals=ExecutableList{size=0} collectionCreations=ExecutableList{size=0} collectionRemovals=ExecutableList{size=0} collectionUpdates=ExecutableList{size=0} collectionQueuedOps=ExecutableList{size=0} unresolvedInsertDependencies=null])] for JPA transaction
10:08:09.796 [main] DEBUG org.hibernate.engine.transaction.internal.TransactionImpl - begin
10:08:09.796 [main] DEBUG org.springframework.jdbc.datasource.DriverManagerDataSource - Creating new JDBC DriverManager Connection to [jdbc:mysql://localhost:3306/testcraftcore?useSSL=false&useTimezone=true&serverTimezone=UTC]
10:08:09.802 [main] DEBUG org.springframework.orm.jpa.JpaTransactionManager - Exposing JPA transaction as JDBC [org.springframework.orm.jpa.vendor.HibernateJpaDialect$HibernateConnectionHandle@2c1f8dbd]
10:08:09.802 [main] DEBUG org.hibernate.query.criteria.internal.CriteriaQueryImpl - Rendered criteria query -> select generatedAlias0 from Client as generatedAlias0
10:08:09.803 [main] DEBUG org.hibernate.SQL - select client0_.idclient as idclient1_0_, client0_.emailclient as emailcli2_0_, client0_.nameclient as nameclie3_0_ from client client0_
10:08:09.805 [main] DEBUG org.hibernate.loader.Loader - Result set row: 0
10:08:09.805 [main] DEBUG org.hibernate.loader.Loader - Result row: EntityKey[com.joseph.entity.Client#450]
10:08:09.805 [main] DEBUG org.hibernate.loader.Loader - Result set row: 1
10:08:09.805 [main] DEBUG org.hibernate.loader.Loader - Result row: EntityKey[com.joseph.entity.Client#449]
10:08:09.805 [main] DEBUG org.hibernate.loader.Loader - Result set row: 2
10:08:09.806 [main] DEBUG org.hibernate.loader.Loader - Result row: EntityKey[com.joseph.entity.Client#448]
10:08:09.806 [main] DEBUG org.hibernate.engine.internal.TwoPhaseLoad - Resolving associations for [com.joseph.entity.Client#450]
10:08:09.806 [main] DEBUG org.hibernate.engine.internal.TwoPhaseLoad - Done materializing entity [com.joseph.entity.Client#450]
10:08:09.806 [main] DEBUG org.hibernate.engine.internal.TwoPhaseLoad - Resolving associations for [com.joseph.entity.Client#449]
10:08:09.806 [main] DEBUG org.hibernate.engine.internal.TwoPhaseLoad - Done materializing entity [com.joseph.entity.Client#449]
10:08:09.806 [main] DEBUG org.hibernate.engine.internal.TwoPhaseLoad - Resolving associations for [com.joseph.entity.Client#448]
10:08:09.806 [main] DEBUG org.hibernate.engine.internal.TwoPhaseLoad - Done materializing entity [com.joseph.entity.Client#448]
10:08:09.807 [main] DEBUG org.hibernate.loader.collection.plan.AbstractLoadPlanBasedCollectionInitializer - Loading collection: [com.joseph.entity.Client.orders#450]
10:08:09.807 [main] DEBUG org.hibernate.SQL - select orders0_.idclient as idclient5_1_0_, orders0_.idorder as idorder1_1_0_, orders0_.idorder as idorder1_1_1_, orders0_.idclient as idclient5_1_1_, orders0_.dateorder as dateorde2_1_1_, orders0_.statusorder as statusor3_1_1_, orders0_.totalorder as totalord4_1_1_ from order_table orders0_ where orders0_.idclient=?
10:08:09.811 [main] DEBUG org.hibernate.loader.plan.exec.process.internal.ResultSetProcessorImpl - Preparing collection intializer : [com.joseph.entity.Client.orders#450]
10:08:09.811 [main] DEBUG org.hibernate.engine.loading.internal.CollectionLoadContext - 1 collections were found in result set for role: com.joseph.entity.Client.orders
10:08:09.811 [main] DEBUG org.hibernate.engine.loading.internal.CollectionLoadContext - Collection fully initialized: [com.joseph.entity.Client.orders#450]
10:08:09.812 [main] DEBUG org.hibernate.engine.loading.internal.CollectionLoadContext - 1 collections initialized for role: com.joseph.entity.Client.orders
10:08:09.812 [main] DEBUG org.hibernate.resource.jdbc.internal.ResourceRegistryStandardImpl - HHH000387: ResultSet's statement was not registered
10:08:09.812 [main] DEBUG org.hibernate.loader.collection.plan.AbstractLoadPlanBasedCollectionInitializer - Done loading collection
10:08:09.812 [main] DEBUG org.hibernate.loader.collection.plan.AbstractLoadPlanBasedCollectionInitializer - Loading collection: [com.joseph.entity.Client.orders#449]
10:08:09.812 [main] DEBUG org.hibernate.SQL - select orders0_.idclient as idclient5_1_0_, orders0_.idorder as idorder1_1_0_, orders0_.idorder as idorder1_1_1_, orders0_.idclient as idclient5_1_1_, orders0_.dateorder as dateorde2_1_1_, orders0_.statusorder as statusor3_1_1_, orders0_.totalorder as totalord4_1_1_ from order_table orders0_ where orders0_.idclient=?
10:08:09.814 [main] DEBUG org.hibernate.loader.plan.exec.process.internal.ResultSetProcessorImpl - Preparing collection intializer : [com.joseph.entity.Client.orders#449]
10:08:09.814 [main] DEBUG org.hibernate.engine.loading.internal.CollectionLoadContext - 1 collections were found in result set for role: com.joseph.entity.Client.orders
10:08:09.814 [main] DEBUG org.hibernate.engine.loading.internal.CollectionLoadContext - Collection fully initialized: [com.joseph.entity.Client.orders#449]
10:08:09.814 [main] DEBUG org.hibernate.engine.loading.internal.CollectionLoadContext - 1 collections initialized for role: com.joseph.entity.Client.orders
10:08:09.815 [main] DEBUG org.hibernate.resource.jdbc.internal.ResourceRegistryStandardImpl - HHH000387: ResultSet's statement was not registered
10:08:09.815 [main] DEBUG org.hibernate.loader.collection.plan.AbstractLoadPlanBasedCollectionInitializer - Done loading collection
10:08:09.815 [main] DEBUG org.hibernate.loader.collection.plan.AbstractLoadPlanBasedCollectionInitializer - Loading collection: [com.joseph.entity.Client.orders#448]
10:08:09.815 [main] DEBUG org.hibernate.SQL - select orders0_.idclient as idclient5_1_0_, orders0_.idorder as idorder1_1_0_, orders0_.idorder as idorder1_1_1_, orders0_.idclient as idclient5_1_1_, orders0_.dateorder as dateorde2_1_1_, orders0_.statusorder as statusor3_1_1_, orders0_.totalorder as totalord4_1_1_ from order_table orders0_ where orders0_.idclient=?
10:08:09.817 [main] DEBUG org.hibernate.loader.plan.exec.process.internal.ResultSetProcessorImpl - Preparing collection intializer : [com.joseph.entity.Client.orders#448]
10:08:09.817 [main] DEBUG org.hibernate.engine.loading.internal.CollectionLoadContext - 1 collections were found in result set for role: com.joseph.entity.Client.orders
10:08:09.817 [main] DEBUG org.hibernate.engine.loading.internal.CollectionLoadContext - Collection fully initialized: [com.joseph.entity.Client.orders#448]
10:08:09.817 [main] DEBUG org.hibernate.engine.loading.internal.CollectionLoadContext - 1 collections initialized for role: com.joseph.entity.Client.orders
10:08:09.818 [main] DEBUG org.hibernate.resource.jdbc.internal.ResourceRegistryStandardImpl - HHH000387: ResultSet's statement was not registered
10:08:09.818 [main] DEBUG org.hibernate.loader.collection.plan.AbstractLoadPlanBasedCollectionInitializer - Done loading collection
10:08:09.818 [main] DEBUG org.springframework.orm.jpa.JpaTransactionManager - Initiating transaction commit
10:08:09.818 [main] DEBUG org.springframework.orm.jpa.JpaTransactionManager - Committing JPA transaction on EntityManager [SessionImpl(PersistenceContext[entityKeys=[EntityKey[com.joseph.entity.Client#448], EntityKey[com.joseph.entity.Client#450], EntityKey[com.joseph.entity.Client#449]],collectionKeys=[CollectionKey[com.joseph.entity.Client.orders#448], CollectionKey[com.joseph.entity.Client.orders#449], CollectionKey[com.joseph.entity.Client.orders#450]]];ActionQueue[insertions=ExecutableList{size=0} updates=ExecutableList{size=0} deletions=ExecutableList{size=3} orphanRemovals=ExecutableList{size=0} collectionCreations=ExecutableList{size=0} collectionRemovals=ExecutableList{size=0} collectionUpdates=ExecutableList{size=0} collectionQueuedOps=ExecutableList{size=0} unresolvedInsertDependencies=null])]
10:08:09.818 [main] DEBUG org.hibernate.engine.transaction.internal.TransactionImpl - committing
10:08:09.818 [main] DEBUG org.hibernate.event.internal.AbstractFlushingEventListener - Processing flush-time cascades
10:08:09.818 [main] DEBUG org.hibernate.event.internal.AbstractFlushingEventListener - Dirty checking collections
10:08:09.819 [main] DEBUG org.hibernate.engine.internal.Collections - Collection dereferenced: [com.joseph.entity.Client.orders#450]
10:08:09.819 [main] DEBUG org.hibernate.engine.internal.Collections - Collection dereferenced: [com.joseph.entity.Client.orders#449]
10:08:09.819 [main] DEBUG org.hibernate.engine.internal.Collections - Collection dereferenced: [com.joseph.entity.Client.orders#448]
10:08:09.819 [main] DEBUG org.hibernate.event.internal.AbstractFlushingEventListener - Flushed: 0 insertions, 0 updates, 3 deletions to 3 objects
10:08:09.819 [main] DEBUG org.hibernate.event.internal.AbstractFlushingEventListener - Flushed: 0 (re)creations, 0 updates, 3 removals to 3 collections
10:08:09.819 [main] DEBUG org.hibernate.internal.util.EntityPrinter - Listing entities:
10:08:09.819 [main] DEBUG org.hibernate.internal.util.EntityPrinter - com.joseph.entity.Client{nameclient=test, emailclient=test@test.com, orders=[], idclient=448}
10:08:09.819 [main] DEBUG org.hibernate.internal.util.EntityPrinter - com.joseph.entity.Client{nameclient=client3Test, emailclient=test@test.com, orders=[], idclient=450}
10:08:09.819 [main] DEBUG org.hibernate.internal.util.EntityPrinter - com.joseph.entity.Client{nameclient=test, emailclient=test1@test.com, orders=[], idclient=449}
10:08:09.820 [main] DEBUG org.hibernate.SQL - delete from client where idclient=?
10:08:09.821 [main] DEBUG org.hibernate.SQL - delete from client where idclient=?
10:08:09.822 [main] DEBUG org.hibernate.SQL - delete from client where idclient=?
10:08:09.824 [main] DEBUG org.springframework.orm.jpa.JpaTransactionManager - Closing JPA EntityManager [SessionImpl(PersistenceContext[entityKeys=[],collectionKeys=[]];ActionQueue[insertions=ExecutableList{size=0} updates=ExecutableList{size=0} deletions=ExecutableList{size=0} orphanRemovals=ExecutableList{size=0} collectionCreations=ExecutableList{size=0} collectionRemovals=ExecutableList{size=0} collectionUpdates=ExecutableList{size=0} collectionQueuedOps=ExecutableList{size=0} unresolvedInsertDependencies=null])] after transaction
10:08:09.824 [main] DEBUG org.hibernate.engine.jdbc.internal.JdbcCoordinatorImpl - HHH000420: Closing un-released batch
10:08:09.825 [main] DEBUG org.springframework.test.context.cache.DefaultCacheAwareContextLoaderDelegate - Retrieved ApplicationContext [254801937] from cache with key [[MergedContextConfiguration@21ae657b testClass = ClientServiceImplTest.parameterizedAndRepetedTest, locations = '{}', classes = '{class com.joseph.config.PersistenceJPAConfig}', contextInitializerClasses = '[]', activeProfiles = '{}', propertySourceLocations = '{}', propertySourceProperties = '{}', contextCustomizers = set[[empty]], contextLoader = 'org.springframework.test.context.support.DelegatingSmartContextLoader', parent = [null]]]
10:08:09.825 [main] DEBUG org.springframework.test.context.cache - Spring test ApplicationContext cache statistics: [DefaultContextCache@5261ec9 size = 1, maxSize = 32, parentContextCount = 0, hitCount = 52, missCount = 1]
10:08:09.826 [main] DEBUG org.springframework.test.context.support.AbstractDirtiesContextTestExecutionListener - After test method: context [DefaultTestContext@162c1dfb testClass = ClientServiceImplTest.parameterizedAndRepetedTest, testInstance = com.joseph.service.Impl.ClientServiceImplTest$parameterizedAndRepetedTest@43471a7e, testMethod = saveClientWithParameterizedData@ClientServiceImplTest.parameterizedAndRepetedTest, testException = [null], mergedContextConfiguration = [MergedContextConfiguration@21ae657b testClass = ClientServiceImplTest.parameterizedAndRepetedTest, locations = '{}', classes = '{class com.joseph.config.PersistenceJPAConfig}', contextInitializerClasses = '[]', activeProfiles = '{}', propertySourceLocations = '{}', propertySourceProperties = '{}', contextCustomizers = set[[empty]], contextLoader = 'org.springframework.test.context.support.DelegatingSmartContextLoader', parent = [null]], attributes = map[[empty]]], class annotated with @DirtiesContext [false] with mode [null], method annotated with @DirtiesContext [false] with mode [null].
]]></system-out>
  </testcase>
</testsuite>