<?xml version="1.0" encoding="UTF-8"?>
<testsuite xmlns:xsi="http://www.w3.org/2001/XMLSchema-instance" xsi:noNamespaceSchemaLocation="https://maven.apache.org/surefire/maven-surefire-plugin/xsd/surefire-test-report-3.0.xsd" version="3.0" name="com.joseph.service.Impl.OrderServiceImplTest$rapports" time="0.423" tests="6" errors="0" skipped="0" failures="0">
  <properties>
[...]
</properties>
  <testcase name="getOrders" classname="com.joseph.service.Impl.OrderServiceImplTest" time="0.192">
    <system-out><![CDATA[12:53:22.053 [main] DEBUG org.springframework.test.context.BootstrapUtils - Instantiating CacheAwareContextLoaderDelegate from class [org.springframework.test.context.cache.DefaultCacheAwareContextLoaderDelegate]
12:53:22.053 [main] DEBUG org.springframework.test.context.BootstrapUtils - Instantiating BootstrapContext using constructor [public org.springframework.test.context.support.DefaultBootstrapContext(java.lang.Class,org.springframework.test.context.CacheAwareContextLoaderDelegate)]
12:53:22.054 [main] DEBUG org.springframework.test.context.BootstrapUtils - Instantiating TestContextBootstrapper for test class [com.joseph.service.Impl.OrderServiceImplTest] from class [org.springframework.test.context.support.DefaultTestContextBootstrapper]
12:53:22.055 [main] DEBUG org.springframework.test.context.support.AbstractDelegatingSmartContextLoader - Delegating to AnnotationConfigContextLoader to process context configuration [ContextConfigurationAttributes@ab2e6d2 declaringClass = 'com.joseph.service.Impl.OrderServiceImplTest', classes = '{class com.joseph.config.PersistenceJPAConfig}', locations = '{}', inheritLocations = true, initializers = '{}', inheritInitializers = true, name = [null], contextLoaderClass = 'org.springframework.test.context.ContextLoader'].
12:53:22.055 [main] DEBUG org.springframework.test.context.support.ActiveProfilesUtils - Could not find an 'annotation declaring class' for annotation type [org.springframework.test.context.ActiveProfiles] and class [com.joseph.service.Impl.OrderServiceImplTest]
12:53:22.055 [main] DEBUG org.springframework.test.context.support.DefaultTestContextBootstrapper - @TestExecutionListeners is not present for class [com.joseph.service.Impl.OrderServiceImplTest]: using defaults.
12:53:22.056 [main] INFO org.springframework.test.context.support.DefaultTestContextBootstrapper - Loaded default TestExecutionListener class names from location [META-INF/spring.factories]: [org.springframework.test.context.web.ServletTestExecutionListener, org.springframework.test.context.support.DirtiesContextBeforeModesTestExecutionListener, org.springframework.test.context.support.DependencyInjectionTestExecutionListener, org.springframework.test.context.support.DirtiesContextTestExecutionListener, org.springframework.test.context.transaction.TransactionalTestExecutionListener, org.springframework.test.context.jdbc.SqlScriptsTestExecutionListener, org.springframework.test.context.event.EventPublishingTestExecutionListener]
12:53:22.056 [main] INFO org.springframework.test.context.support.DefaultTestContextBootstrapper - Using TestExecutionListeners: [org.springframework.test.context.web.ServletTestExecutionListener@71664560, org.springframework.test.context.support.DirtiesContextBeforeModesTestExecutionListener@4d4436d0, org.springframework.test.context.support.DependencyInjectionTestExecutionListener@39da5e49, org.springframework.test.context.support.DirtiesContextTestExecutionListener@2443abd6, org.springframework.test.context.transaction.TransactionalTestExecutionListener@674da77b, org.springframework.test.context.jdbc.SqlScriptsTestExecutionListener@bd3eff4, org.springframework.test.context.event.EventPublishingTestExecutionListener@6010d0d1]
12:53:22.056 [main] DEBUG org.springframework.test.context.support.AbstractDirtiesContextTestExecutionListener - Before test class: context [DefaultTestContext@5934ca1e testClass = OrderServiceImplTest, testInstance = [null], testMethod = [null], testException = [null], mergedContextConfiguration = [MergedContextConfiguration@5348d83c testClass = OrderServiceImplTest, locations = '{}', classes = '{class com.joseph.config.PersistenceJPAConfig}', contextInitializerClasses = '[]', activeProfiles = '{}', propertySourceLocations = '{}', propertySourceProperties = '{}', contextCustomizers = set[[empty]], contextLoader = 'org.springframework.test.context.support.DelegatingSmartContextLoader', parent = [null]], attributes = map[[empty]]], class annotated with @DirtiesContext [false] with mode [null].
12:53:22.056 [main] DEBUG org.springframework.test.context.cache.DefaultCacheAwareContextLoaderDelegate - Retrieved ApplicationContext [2089016471] from cache with key [[MergedContextConfiguration@5348d83c testClass = OrderServiceImplTest, locations = '{}', classes = '{class com.joseph.config.PersistenceJPAConfig}', contextInitializerClasses = '[]', activeProfiles = '{}', propertySourceLocations = '{}', propertySourceProperties = '{}', contextCustomizers = set[[empty]], contextLoader = 'org.springframework.test.context.support.DelegatingSmartContextLoader', parent = [null]]]
12:53:22.057 [main] DEBUG org.springframework.test.context.cache - Spring test ApplicationContext cache statistics: [DefaultContextCache@414f87a9 size = 1, maxSize = 32, parentContextCount = 0, hitCount = 55, missCount = 1]
12:53:22.057 [main] DEBUG org.springframework.test.context.support.DependencyInjectionTestExecutionListener - Performing dependency injection for test context [[DefaultTestContext@5934ca1e testClass = OrderServiceImplTest, testInstance = com.joseph.service.Impl.OrderServiceImplTest@477021ee, testMethod = [null], testException = [null], mergedContextConfiguration = [MergedContextConfiguration@5348d83c testClass = OrderServiceImplTest, locations = '{}', classes = '{class com.joseph.config.PersistenceJPAConfig}', contextInitializerClasses = '[]', activeProfiles = '{}', propertySourceLocations = '{}', propertySourceProperties = '{}', contextCustomizers = set[[empty]], contextLoader = 'org.springframework.test.context.support.DelegatingSmartContextLoader', parent = [null]], attributes = map[[empty]]]].
12:53:22.057 [main] DEBUG org.springframework.test.context.cache.DefaultCacheAwareContextLoaderDelegate - Retrieved ApplicationContext [2089016471] from cache with key [[MergedContextConfiguration@5348d83c testClass = OrderServiceImplTest, locations = '{}', classes = '{class com.joseph.config.PersistenceJPAConfig}', contextInitializerClasses = '[]', activeProfiles = '{}', propertySourceLocations = '{}', propertySourceProperties = '{}', contextCustomizers = set[[empty]], contextLoader = 'org.springframework.test.context.support.DelegatingSmartContextLoader', parent = [null]]]
12:53:22.057 [main] DEBUG org.springframework.test.context.cache - Spring test ApplicationContext cache statistics: [DefaultContextCache@414f87a9 size = 1, maxSize = 32, parentContextCount = 0, hitCount = 56, missCount = 1]
12:53:22.060 [main] DEBUG org.springframework.test.context.cache.DefaultCacheAwareContextLoaderDelegate - Retrieved ApplicationContext [2089016471] from cache with key [[MergedContextConfiguration@5348d83c testClass = OrderServiceImplTest, locations = '{}', classes = '{class com.joseph.config.PersistenceJPAConfig}', contextInitializerClasses = '[]', activeProfiles = '{}', propertySourceLocations = '{}', propertySourceProperties = '{}', contextCustomizers = set[[empty]], contextLoader = 'org.springframework.test.context.support.DelegatingSmartContextLoader', parent = [null]]]
12:53:22.060 [main] DEBUG org.springframework.test.context.cache - Spring test ApplicationContext cache statistics: [DefaultContextCache@414f87a9 size = 1, maxSize = 32, parentContextCount = 0, hitCount = 57, missCount = 1]
12:53:22.063 [main] DEBUG org.springframework.test.context.support.AbstractDirtiesContextTestExecutionListener - Before test method: context [DefaultTestContext@5934ca1e testClass = OrderServiceImplTest, testInstance = com.joseph.service.Impl.OrderServiceImplTest@477021ee, testMethod = getOrders@OrderServiceImplTest, testException = [null], mergedContextConfiguration = [MergedContextConfiguration@5348d83c testClass = OrderServiceImplTest, locations = '{}', classes = '{class com.joseph.config.PersistenceJPAConfig}', contextInitializerClasses = '[]', activeProfiles = '{}', propertySourceLocations = '{}', propertySourceProperties = '{}', contextCustomizers = set[[empty]], contextLoader = 'org.springframework.test.context.support.DelegatingSmartContextLoader', parent = [null]], attributes = map[[empty]]], class annotated with @DirtiesContext [false] with mode [null], method annotated with @DirtiesContext [false] with mode [null].
12:53:22.064 [main] DEBUG org.springframework.test.context.cache.DefaultCacheAwareContextLoaderDelegate - Retrieved ApplicationContext [2089016471] from cache with key [[MergedContextConfiguration@5348d83c testClass = OrderServiceImplTest, locations = '{}', classes = '{class com.joseph.config.PersistenceJPAConfig}', contextInitializerClasses = '[]', activeProfiles = '{}', propertySourceLocations = '{}', propertySourceProperties = '{}', contextCustomizers = set[[empty]], contextLoader = 'org.springframework.test.context.support.DelegatingSmartContextLoader', parent = [null]]]
12:53:22.064 [main] DEBUG org.springframework.test.context.cache - Spring test ApplicationContext cache statistics: [DefaultContextCache@414f87a9 size = 1, maxSize = 32, parentContextCount = 0, hitCount = 58, missCount = 1]
12:53:22.065 [main] DEBUG org.springframework.orm.jpa.JpaTransactionManager - Creating new transaction with name [org.springframework.data.jpa.repository.support.SimpleJpaRepository.deleteAll]: PROPAGATION_REQUIRED,ISOLATION_DEFAULT
12:53:22.065 [main] DEBUG org.springframework.orm.jpa.JpaTransactionManager - Opened new EntityManager [SessionImpl(PersistenceContext[entityKeys=[],collectionKeys=[]];ActionQueue[insertions=ExecutableList{size=0} updates=ExecutableList{size=0} deletions=ExecutableList{size=0} orphanRemovals=ExecutableList{size=0} collectionCreations=ExecutableList{size=0} collectionRemovals=ExecutableList{size=0} collectionUpdates=ExecutableList{size=0} collectionQueuedOps=ExecutableList{size=0} unresolvedInsertDependencies=null])] for JPA transaction
12:53:22.065 [main] DEBUG org.hibernate.engine.transaction.internal.TransactionImpl - begin
12:53:22.065 [main] DEBUG org.springframework.jdbc.datasource.DriverManagerDataSource - Creating new JDBC DriverManager Connection to [jdbc:mysql://localhost:3306/testcraftcore?useSSL=false&useTimezone=true&serverTimezone=UTC]
12:53:22.070 [main] DEBUG org.springframework.orm.jpa.JpaTransactionManager - Exposing JPA transaction as JDBC [org.springframework.orm.jpa.vendor.HibernateJpaDialect$HibernateConnectionHandle@2ba42204]
12:53:22.070 [main] DEBUG org.hibernate.query.criteria.internal.CriteriaQueryImpl - Rendered criteria query -> select generatedAlias0 from Client as generatedAlias0
12:53:22.072 [main] DEBUG org.hibernate.SQL - select client0_.idclient as idclient1_0_, client0_.emailclient as emailcli2_0_, client0_.nameclient as nameclie3_0_ from client client0_
12:53:22.073 [main] DEBUG org.springframework.orm.jpa.JpaTransactionManager - Initiating transaction commit
12:53:22.073 [main] DEBUG org.springframework.orm.jpa.JpaTransactionManager - Committing JPA transaction on EntityManager [SessionImpl(PersistenceContext[entityKeys=[],collectionKeys=[]];ActionQueue[insertions=ExecutableList{size=0} updates=ExecutableList{size=0} deletions=ExecutableList{size=0} orphanRemovals=ExecutableList{size=0} collectionCreations=ExecutableList{size=0} collectionRemovals=ExecutableList{size=0} collectionUpdates=ExecutableList{size=0} collectionQueuedOps=ExecutableList{size=0} unresolvedInsertDependencies=null])]
12:53:22.074 [main] DEBUG org.hibernate.engine.transaction.internal.TransactionImpl - committing
12:53:22.074 [main] DEBUG org.springframework.orm.jpa.JpaTransactionManager - Closing JPA EntityManager [SessionImpl(PersistenceContext[entityKeys=[],collectionKeys=[]];ActionQueue[insertions=ExecutableList{size=0} updates=ExecutableList{size=0} deletions=ExecutableList{size=0} orphanRemovals=ExecutableList{size=0} collectionCreations=ExecutableList{size=0} collectionRemovals=ExecutableList{size=0} collectionUpdates=ExecutableList{size=0} collectionQueuedOps=ExecutableList{size=0} unresolvedInsertDependencies=null])] after transaction
12:53:22.075 [main] DEBUG org.springframework.orm.jpa.JpaTransactionManager - Creating new transaction with name [org.springframework.data.jpa.repository.support.SimpleJpaRepository.save]: PROPAGATION_REQUIRED,ISOLATION_DEFAULT
12:53:22.076 [main] DEBUG org.springframework.orm.jpa.JpaTransactionManager - Opened new EntityManager [SessionImpl(PersistenceContext[entityKeys=[],collectionKeys=[]];ActionQueue[insertions=ExecutableList{size=0} updates=ExecutableList{size=0} deletions=ExecutableList{size=0} orphanRemovals=ExecutableList{size=0} collectionCreations=ExecutableList{size=0} collectionRemovals=ExecutableList{size=0} collectionUpdates=ExecutableList{size=0} collectionQueuedOps=ExecutableList{size=0} unresolvedInsertDependencies=null])] for JPA transaction
12:53:22.076 [main] DEBUG org.hibernate.engine.transaction.internal.TransactionImpl - begin
12:53:22.076 [main] DEBUG org.springframework.jdbc.datasource.DriverManagerDataSource - Creating new JDBC DriverManager Connection to [jdbc:mysql://localhost:3306/testcraftcore?useSSL=false&useTimezone=true&serverTimezone=UTC]
12:53:22.081 [main] DEBUG org.springframework.orm.jpa.JpaTransactionManager - Exposing JPA transaction as JDBC [org.springframework.orm.jpa.vendor.HibernateJpaDialect$HibernateConnectionHandle@4c731956]
12:53:22.081 [main] DEBUG org.hibernate.engine.spi.ActionQueue - Executing identity-insert immediately
12:53:22.082 [main] DEBUG org.hibernate.SQL - insert into client (emailclient, nameclient) values (?, ?)
12:53:22.085 [main] DEBUG org.hibernate.id.IdentifierGeneratorHelper - Natively generated identity: 171
12:53:22.085 [main] DEBUG org.hibernate.resource.jdbc.internal.ResourceRegistryStandardImpl - HHH000387: ResultSet's statement was not registered
12:53:22.086 [main] DEBUG org.springframework.orm.jpa.JpaTransactionManager - Initiating transaction commit
12:53:22.086 [main] DEBUG org.springframework.orm.jpa.JpaTransactionManager - Committing JPA transaction on EntityManager [SessionImpl(PersistenceContext[entityKeys=[EntityKey[com.joseph.entity.Client#171]],collectionKeys=[]];ActionQueue[insertions=ExecutableList{size=0} updates=ExecutableList{size=0} deletions=ExecutableList{size=0} orphanRemovals=ExecutableList{size=0} collectionCreations=ExecutableList{size=0} collectionRemovals=ExecutableList{size=0} collectionUpdates=ExecutableList{size=0} collectionQueuedOps=ExecutableList{size=0} unresolvedInsertDependencies=null])]
12:53:22.086 [main] DEBUG org.hibernate.engine.transaction.internal.TransactionImpl - committing
12:53:22.086 [main] DEBUG org.hibernate.event.internal.AbstractFlushingEventListener - Processing flush-time cascades
12:53:22.086 [main] DEBUG org.hibernate.event.internal.AbstractFlushingEventListener - Dirty checking collections
12:53:22.086 [main] DEBUG org.hibernate.engine.internal.Collections - Collection found: [com.joseph.entity.Client.orders#171], was: [<unreferenced>] (initialized)
12:53:22.086 [main] DEBUG org.hibernate.event.internal.AbstractFlushingEventListener - Flushed: 0 insertions, 0 updates, 0 deletions to 1 objects
12:53:22.086 [main] DEBUG org.hibernate.event.internal.AbstractFlushingEventListener - Flushed: 1 (re)creations, 0 updates, 0 removals to 1 collections
12:53:22.086 [main] DEBUG org.hibernate.internal.util.EntityPrinter - Listing entities:
12:53:22.086 [main] DEBUG org.hibernate.internal.util.EntityPrinter - com.joseph.entity.Client{nameclient=null, emailclient=null, orders=[], idclient=171}
12:53:22.087 [main] DEBUG org.springframework.orm.jpa.JpaTransactionManager - Closing JPA EntityManager [SessionImpl(PersistenceContext[entityKeys=[EntityKey[com.joseph.entity.Client#171]],collectionKeys=[CollectionKey[com.joseph.entity.Client.orders#171]]];ActionQueue[insertions=ExecutableList{size=0} updates=ExecutableList{size=0} deletions=ExecutableList{size=0} orphanRemovals=ExecutableList{size=0} collectionCreations=ExecutableList{size=0} collectionRemovals=ExecutableList{size=0} collectionUpdates=ExecutableList{size=0} collectionQueuedOps=ExecutableList{size=0} unresolvedInsertDependencies=null])] after transaction
12:53:22.089 [main] DEBUG org.springframework.data.repository.core.support.TransactionalRepositoryProxyPostProcessor$CustomAnnotationTransactionAttributeSource - Adding transactional method 'save' with attribute: PROPAGATION_REQUIRED,ISOLATION_DEFAULT
12:53:22.089 [main] DEBUG org.springframework.orm.jpa.JpaTransactionManager - Creating new transaction with name [org.springframework.data.jpa.repository.support.SimpleJpaRepository.save]: PROPAGATION_REQUIRED,ISOLATION_DEFAULT
12:53:22.089 [main] DEBUG org.springframework.orm.jpa.JpaTransactionManager - Opened new EntityManager [SessionImpl(PersistenceContext[entityKeys=[],collectionKeys=[]];ActionQueue[insertions=ExecutableList{size=0} updates=ExecutableList{size=0} deletions=ExecutableList{size=0} orphanRemovals=ExecutableList{size=0} collectionCreations=ExecutableList{size=0} collectionRemovals=ExecutableList{size=0} collectionUpdates=ExecutableList{size=0} collectionQueuedOps=ExecutableList{size=0} unresolvedInsertDependencies=null])] for JPA transaction
12:53:22.089 [main] DEBUG org.hibernate.engine.transaction.internal.TransactionImpl - begin
12:53:22.090 [main] DEBUG org.springframework.jdbc.datasource.DriverManagerDataSource - Creating new JDBC DriverManager Connection to [jdbc:mysql://localhost:3306/testcraftcore?useSSL=false&useTimezone=true&serverTimezone=UTC]
12:53:22.094 [main] DEBUG org.springframework.orm.jpa.JpaTransactionManager - Exposing JPA transaction as JDBC [org.springframework.orm.jpa.vendor.HibernateJpaDialect$HibernateConnectionHandle@5f726750]
12:53:22.096 [main] DEBUG org.hibernate.engine.spi.ActionQueue - Executing identity-insert immediately
12:53:22.096 [main] DEBUG org.hibernate.SQL - insert into order_table (idclient, dateorder, statusorder, totalorder) values (?, ?, ?, ?)
12:53:22.111 [main] DEBUG org.hibernate.id.IdentifierGeneratorHelper - Natively generated identity: 102
12:53:22.111 [main] DEBUG org.hibernate.resource.jdbc.internal.ResourceRegistryStandardImpl - HHH000387: ResultSet's statement was not registered
12:53:22.112 [main] DEBUG org.springframework.orm.jpa.JpaTransactionManager - Initiating transaction commit
12:53:22.112 [main] DEBUG org.springframework.orm.jpa.JpaTransactionManager - Committing JPA transaction on EntityManager [SessionImpl(PersistenceContext[entityKeys=[EntityKey[com.joseph.entity.Order#102]],collectionKeys=[]];ActionQueue[insertions=ExecutableList{size=0} updates=ExecutableList{size=0} deletions=ExecutableList{size=0} orphanRemovals=ExecutableList{size=0} collectionCreations=ExecutableList{size=0} collectionRemovals=ExecutableList{size=0} collectionUpdates=ExecutableList{size=0} collectionQueuedOps=ExecutableList{size=0} unresolvedInsertDependencies=null])]
12:53:22.112 [main] DEBUG org.hibernate.engine.transaction.internal.TransactionImpl - committing
12:53:22.112 [main] DEBUG org.hibernate.event.internal.AbstractFlushingEventListener - Processing flush-time cascades
12:53:22.112 [main] DEBUG org.hibernate.event.internal.AbstractFlushingEventListener - Dirty checking collections
12:53:22.113 [main] DEBUG org.hibernate.engine.internal.Collections - Collection found: [com.joseph.entity.Order.orderItems#102], was: [<unreferenced>] (initialized)
12:53:22.113 [main] DEBUG org.hibernate.event.internal.AbstractFlushingEventListener - Flushed: 0 insertions, 0 updates, 0 deletions to 1 objects
12:53:22.113 [main] DEBUG org.hibernate.event.internal.AbstractFlushingEventListener - Flushed: 1 (re)creations, 0 updates, 0 removals to 1 collections
12:53:22.113 [main] DEBUG org.hibernate.internal.util.EntityPrinter - Listing entities:
12:53:22.113 [main] DEBUG org.hibernate.internal.util.EntityPrinter - com.joseph.entity.Order{idorder=102, client=com.joseph.entity.Client#171, dateorder=2024-01-04, orderItems=[], statusorder=INPROGRESS, totalorder=300.0}
12:53:22.114 [main] DEBUG org.springframework.orm.jpa.JpaTransactionManager - Closing JPA EntityManager [SessionImpl(PersistenceContext[entityKeys=[EntityKey[com.joseph.entity.Order#102]],collectionKeys=[CollectionKey[com.joseph.entity.Order.orderItems#102]]];ActionQueue[insertions=ExecutableList{size=0} updates=ExecutableList{size=0} deletions=ExecutableList{size=0} orphanRemovals=ExecutableList{size=0} collectionCreations=ExecutableList{size=0} collectionRemovals=ExecutableList{size=0} collectionUpdates=ExecutableList{size=0} collectionQueuedOps=ExecutableList{size=0} unresolvedInsertDependencies=null])] after transaction
12:53:22.115 [main] DEBUG org.springframework.orm.jpa.JpaTransactionManager - Creating new transaction with name [org.springframework.data.jpa.repository.support.SimpleJpaRepository.save]: PROPAGATION_REQUIRED,ISOLATION_DEFAULT
12:53:22.115 [main] DEBUG org.springframework.orm.jpa.JpaTransactionManager - Opened new EntityManager [SessionImpl(PersistenceContext[entityKeys=[],collectionKeys=[]];ActionQueue[insertions=ExecutableList{size=0} updates=ExecutableList{size=0} deletions=ExecutableList{size=0} orphanRemovals=ExecutableList{size=0} collectionCreations=ExecutableList{size=0} collectionRemovals=ExecutableList{size=0} collectionUpdates=ExecutableList{size=0} collectionQueuedOps=ExecutableList{size=0} unresolvedInsertDependencies=null])] for JPA transaction
12:53:22.115 [main] DEBUG org.hibernate.engine.transaction.internal.TransactionImpl - begin
12:53:22.115 [main] DEBUG org.springframework.jdbc.datasource.DriverManagerDataSource - Creating new JDBC DriverManager Connection to [jdbc:mysql://localhost:3306/testcraftcore?useSSL=false&useTimezone=true&serverTimezone=UTC]
12:53:22.120 [main] DEBUG org.springframework.orm.jpa.JpaTransactionManager - Exposing JPA transaction as JDBC [org.springframework.orm.jpa.vendor.HibernateJpaDialect$HibernateConnectionHandle@4d98e41b]
12:53:22.121 [main] DEBUG org.hibernate.engine.spi.ActionQueue - Executing identity-insert immediately
12:53:22.121 [main] DEBUG org.hibernate.SQL - insert into order_table (idclient, dateorder, statusorder, totalorder) values (?, ?, ?, ?)
12:53:22.123 [main] DEBUG org.hibernate.id.IdentifierGeneratorHelper - Natively generated identity: 103
12:53:22.123 [main] DEBUG org.hibernate.resource.jdbc.internal.ResourceRegistryStandardImpl - HHH000387: ResultSet's statement was not registered
12:53:22.123 [main] DEBUG org.springframework.orm.jpa.JpaTransactionManager - Initiating transaction commit
12:53:22.123 [main] DEBUG org.springframework.orm.jpa.JpaTransactionManager - Committing JPA transaction on EntityManager [SessionImpl(PersistenceContext[entityKeys=[EntityKey[com.joseph.entity.Order#103]],collectionKeys=[]];ActionQueue[insertions=ExecutableList{size=0} updates=ExecutableList{size=0} deletions=ExecutableList{size=0} orphanRemovals=ExecutableList{size=0} collectionCreations=ExecutableList{size=0} collectionRemovals=ExecutableList{size=0} collectionUpdates=ExecutableList{size=0} collectionQueuedOps=ExecutableList{size=0} unresolvedInsertDependencies=null])]
12:53:22.123 [main] DEBUG org.hibernate.engine.transaction.internal.TransactionImpl - committing
12:53:22.123 [main] DEBUG org.hibernate.event.internal.AbstractFlushingEventListener - Processing flush-time cascades
12:53:22.124 [main] DEBUG org.hibernate.event.internal.AbstractFlushingEventListener - Dirty checking collections
12:53:22.124 [main] DEBUG org.hibernate.engine.internal.Collections - Collection found: [com.joseph.entity.Order.orderItems#103], was: [<unreferenced>] (initialized)
12:53:22.124 [main] DEBUG org.hibernate.event.internal.AbstractFlushingEventListener - Flushed: 0 insertions, 0 updates, 0 deletions to 1 objects
12:53:22.124 [main] DEBUG org.hibernate.event.internal.AbstractFlushingEventListener - Flushed: 1 (re)creations, 0 updates, 0 removals to 1 collections
12:53:22.124 [main] DEBUG org.hibernate.internal.util.EntityPrinter - Listing entities:
12:53:22.124 [main] DEBUG org.hibernate.internal.util.EntityPrinter - com.joseph.entity.Order{idorder=103, client=com.joseph.entity.Client#171, dateorder=2024-01-04, orderItems=[], statusorder=INPROGRESS, totalorder=300.0}
12:53:22.125 [main] DEBUG org.springframework.orm.jpa.JpaTransactionManager - Closing JPA EntityManager [SessionImpl(PersistenceContext[entityKeys=[EntityKey[com.joseph.entity.Order#103]],collectionKeys=[CollectionKey[com.joseph.entity.Order.orderItems#103]]];ActionQueue[insertions=ExecutableList{size=0} updates=ExecutableList{size=0} deletions=ExecutableList{size=0} orphanRemovals=ExecutableList{size=0} collectionCreations=ExecutableList{size=0} collectionRemovals=ExecutableList{size=0} collectionUpdates=ExecutableList{size=0} collectionQueuedOps=ExecutableList{size=0} unresolvedInsertDependencies=null])] after transaction
12:53:22.126 [main] DEBUG org.springframework.orm.jpa.JpaTransactionManager - Creating new transaction with name [org.springframework.data.jpa.repository.support.SimpleJpaRepository.save]: PROPAGATION_REQUIRED,ISOLATION_DEFAULT
12:53:22.126 [main] DEBUG org.springframework.orm.jpa.JpaTransactionManager - Opened new EntityManager [SessionImpl(PersistenceContext[entityKeys=[],collectionKeys=[]];ActionQueue[insertions=ExecutableList{size=0} updates=ExecutableList{size=0} deletions=ExecutableList{size=0} orphanRemovals=ExecutableList{size=0} collectionCreations=ExecutableList{size=0} collectionRemovals=ExecutableList{size=0} collectionUpdates=ExecutableList{size=0} collectionQueuedOps=ExecutableList{size=0} unresolvedInsertDependencies=null])] for JPA transaction
12:53:22.127 [main] DEBUG org.hibernate.engine.transaction.internal.TransactionImpl - begin
12:53:22.127 [main] DEBUG org.springframework.jdbc.datasource.DriverManagerDataSource - Creating new JDBC DriverManager Connection to [jdbc:mysql://localhost:3306/testcraftcore?useSSL=false&useTimezone=true&serverTimezone=UTC]
12:53:22.132 [main] DEBUG org.springframework.orm.jpa.JpaTransactionManager - Exposing JPA transaction as JDBC [org.springframework.orm.jpa.vendor.HibernateJpaDialect$HibernateConnectionHandle@541bf968]
12:53:22.132 [main] DEBUG org.hibernate.engine.spi.ActionQueue - Executing identity-insert immediately
12:53:22.132 [main] DEBUG org.hibernate.SQL - insert into order_table (idclient, dateorder, statusorder, totalorder) values (?, ?, ?, ?)
12:53:22.134 [main] DEBUG org.hibernate.id.IdentifierGeneratorHelper - Natively generated identity: 104
12:53:22.134 [main] DEBUG org.hibernate.resource.jdbc.internal.ResourceRegistryStandardImpl - HHH000387: ResultSet's statement was not registered
12:53:22.135 [main] DEBUG org.springframework.orm.jpa.JpaTransactionManager - Initiating transaction commit
12:53:22.135 [main] DEBUG org.springframework.orm.jpa.JpaTransactionManager - Committing JPA transaction on EntityManager [SessionImpl(PersistenceContext[entityKeys=[EntityKey[com.joseph.entity.Order#104]],collectionKeys=[]];ActionQueue[insertions=ExecutableList{size=0} updates=ExecutableList{size=0} deletions=ExecutableList{size=0} orphanRemovals=ExecutableList{size=0} collectionCreations=ExecutableList{size=0} collectionRemovals=ExecutableList{size=0} collectionUpdates=ExecutableList{size=0} collectionQueuedOps=ExecutableList{size=0} unresolvedInsertDependencies=null])]
12:53:22.135 [main] DEBUG org.hibernate.engine.transaction.internal.TransactionImpl - committing
12:53:22.135 [main] DEBUG org.hibernate.event.internal.AbstractFlushingEventListener - Processing flush-time cascades
12:53:22.135 [main] DEBUG org.hibernate.event.internal.AbstractFlushingEventListener - Dirty checking collections
12:53:22.135 [main] DEBUG org.hibernate.engine.internal.Collections - Collection found: [com.joseph.entity.Order.orderItems#104], was: [<unreferenced>] (initialized)
12:53:22.135 [main] DEBUG org.hibernate.event.internal.AbstractFlushingEventListener - Flushed: 0 insertions, 0 updates, 0 deletions to 1 objects
12:53:22.135 [main] DEBUG org.hibernate.event.internal.AbstractFlushingEventListener - Flushed: 1 (re)creations, 0 updates, 0 removals to 1 collections
12:53:22.136 [main] DEBUG org.hibernate.internal.util.EntityPrinter - Listing entities:
12:53:22.136 [main] DEBUG org.hibernate.internal.util.EntityPrinter - com.joseph.entity.Order{idorder=104, client=com.joseph.entity.Client#171, dateorder=2024-01-04, orderItems=[], statusorder=INPROGRESS, totalorder=300.0}
12:53:22.137 [main] DEBUG org.springframework.orm.jpa.JpaTransactionManager - Closing JPA EntityManager [SessionImpl(PersistenceContext[entityKeys=[EntityKey[com.joseph.entity.Order#104]],collectionKeys=[CollectionKey[com.joseph.entity.Order.orderItems#104]]];ActionQueue[insertions=ExecutableList{size=0} updates=ExecutableList{size=0} deletions=ExecutableList{size=0} orphanRemovals=ExecutableList{size=0} collectionCreations=ExecutableList{size=0} collectionRemovals=ExecutableList{size=0} collectionUpdates=ExecutableList{size=0} collectionQueuedOps=ExecutableList{size=0} unresolvedInsertDependencies=null])] after transaction
12:53:22.138 [main] DEBUG org.springframework.test.context.cache.DefaultCacheAwareContextLoaderDelegate - Retrieved ApplicationContext [2089016471] from cache with key [[MergedContextConfiguration@5348d83c testClass = OrderServiceImplTest, locations = '{}', classes = '{class com.joseph.config.PersistenceJPAConfig}', contextInitializerClasses = '[]', activeProfiles = '{}', propertySourceLocations = '{}', propertySourceProperties = '{}', contextCustomizers = set[[empty]], contextLoader = 'org.springframework.test.context.support.DelegatingSmartContextLoader', parent = [null]]]
12:53:22.138 [main] DEBUG org.springframework.test.context.cache - Spring test ApplicationContext cache statistics: [DefaultContextCache@414f87a9 size = 1, maxSize = 32, parentContextCount = 0, hitCount = 59, missCount = 1]
12:53:22.138 [main] DEBUG org.springframework.orm.jpa.JpaTransactionManager - Creating new transaction with name [com.joseph.service.Impl.OrderServiceImpl.getOrders]: PROPAGATION_REQUIRED,ISOLATION_DEFAULT
12:53:22.138 [main] DEBUG org.springframework.orm.jpa.JpaTransactionManager - Opened new EntityManager [SessionImpl(PersistenceContext[entityKeys=[],collectionKeys=[]];ActionQueue[insertions=ExecutableList{size=0} updates=ExecutableList{size=0} deletions=ExecutableList{size=0} orphanRemovals=ExecutableList{size=0} collectionCreations=ExecutableList{size=0} collectionRemovals=ExecutableList{size=0} collectionUpdates=ExecutableList{size=0} collectionQueuedOps=ExecutableList{size=0} unresolvedInsertDependencies=null])] for JPA transaction
12:53:22.139 [main] DEBUG org.hibernate.engine.transaction.internal.TransactionImpl - begin
12:53:22.139 [main] DEBUG org.springframework.jdbc.datasource.DriverManagerDataSource - Creating new JDBC DriverManager Connection to [jdbc:mysql://localhost:3306/testcraftcore?useSSL=false&useTimezone=true&serverTimezone=UTC]
12:53:22.144 [main] DEBUG org.springframework.orm.jpa.JpaTransactionManager - Exposing JPA transaction as JDBC [org.springframework.orm.jpa.vendor.HibernateJpaDialect$HibernateConnectionHandle@1a2e0d57]
12:53:22.158 [main] DEBUG org.springframework.data.repository.core.support.TransactionalRepositoryProxyPostProcessor$CustomAnnotationTransactionAttributeSource - Adding transactional method 'findAll' with attribute: PROPAGATION_REQUIRED,ISOLATION_DEFAULT,readOnly
12:53:22.159 [main] DEBUG org.springframework.orm.jpa.JpaTransactionManager - Found thread-bound EntityManager [SessionImpl(PersistenceContext[entityKeys=[],collectionKeys=[]];ActionQueue[insertions=ExecutableList{size=0} updates=ExecutableList{size=0} deletions=ExecutableList{size=0} orphanRemovals=ExecutableList{size=0} collectionCreations=ExecutableList{size=0} collectionRemovals=ExecutableList{size=0} collectionUpdates=ExecutableList{size=0} collectionQueuedOps=ExecutableList{size=0} unresolvedInsertDependencies=null])] for JPA transaction
12:53:22.159 [main] DEBUG org.springframework.orm.jpa.JpaTransactionManager - Participating in existing transaction
12:53:22.159 [main] DEBUG org.hibernate.query.criteria.internal.CriteriaQueryImpl - Rendered criteria query -> select generatedAlias0 from Order as generatedAlias0
12:53:22.160 [main] DEBUG org.hibernate.hql.internal.ast.QueryTranslatorImpl - parse() - HQL: select generatedAlias0 from com.joseph.entity.Order as generatedAlias0
12:53:22.161 [main] DEBUG org.hibernate.hql.internal.ast.HqlParser - weakKeywords() : new LT(1) token - ["Order",<108> previously: <41>,line=1,col=47,possibleID=true]
12:53:22.161 [main] DEBUG org.hibernate.hql.internal.ast.ErrorCounter - throwQueryException() : no errors
12:53:22.161 [main] DEBUG org.hibernate.hql.internal.ast.QueryTranslatorImpl - --- HQL AST ---
 \-[QUERY] Node: 'query'
    \-[SELECT_FROM] Node: 'SELECT_FROM'
       +-[FROM] Node: 'from'
       |  \-[RANGE] Node: 'RANGE'
       |     +-[DOT] Node: '.'
       |     |  +-[DOT] Node: '.'
       |     |  |  +-[DOT] Node: '.'
       |     |  |  |  +-[IDENT] Node: 'com'
       |     |  |  |  \-[IDENT] Node: 'joseph'
       |     |  |  \-[IDENT] Node: 'entity'
       |     |  \-[IDENT] Node: 'Order'
       |     \-[ALIAS] Node: 'generatedAlias0'
       \-[SELECT] Node: 'select'
          \-[IDENT] Node: 'generatedAlias0'

12:53:22.162 [main] DEBUG org.hibernate.hql.internal.antlr.HqlSqlBaseWalker - select << begin [level=1, statement=select]
12:53:22.163 [main] DEBUG org.hibernate.hql.internal.ast.tree.FromElement - FromClause{level=1} : com.joseph.entity.Order (generatedAlias0) -> order0_
12:53:22.163 [main] DEBUG org.hibernate.hql.internal.ast.tree.FromReferenceNode - Resolved : generatedAlias0 -> order0_.idorder
12:53:22.163 [main] DEBUG org.hibernate.hql.internal.antlr.HqlSqlBaseWalker - select : finishing up [level=1, statement=select]
12:53:22.163 [main] DEBUG org.hibernate.hql.internal.ast.HqlSqlWalker - processQuery() :  ( SELECT ( {select clause} order0_.idorder ) ( FromClause{level=1} order_table order0_ ) )
12:53:22.164 [main] DEBUG org.hibernate.hql.internal.ast.util.JoinProcessor - Using FROM fragment [order_table order0_]
12:53:22.165 [main] DEBUG org.hibernate.hql.internal.antlr.HqlSqlBaseWalker - select >> end [level=1, statement=select]
12:53:22.165 [main] DEBUG org.hibernate.hql.internal.ast.QueryTranslatorImpl - --- SQL AST ---
 \-[SELECT] QueryNode: 'SELECT'  querySpaces (order_table)
    +-[SELECT_CLAUSE] SelectClause: '{select clause}'
    |  +-[ALIAS_REF] IdentNode: 'order0_.idorder as idorder1_1_' {alias=generatedAlias0, className=com.joseph.entity.Order, tableAlias=order0_}
    |  \-[SQL_TOKEN] SqlFragment: 'order0_.idclient as idclient5_1_, order0_.dateorder as dateorde2_1_, order0_.statusorder as statusor3_1_, order0_.totalorder as totalord4_1_'
    \-[FROM] FromClause: 'from' FromClause{level=1, fromElementCounter=1, fromElements=1, fromElementByClassAlias=[generatedAlias0], fromElementByTableAlias=[order0_], fromElementsByPath=[], collectionJoinFromElementsByPath=[], impliedElements=[]}
       \-[FROM_FRAGMENT] FromElement: 'order_table order0_' FromElement{explicit,not a collection join,not a fetch join,fetch non-lazy properties,classAlias=generatedAlias0,role=null,tableName=order_table,tableAlias=order0_,origin=null,columns={,className=com.joseph.entity.Order}}

12:53:22.165 [main] DEBUG org.hibernate.hql.internal.ast.ErrorCounter - throwQueryException() : no errors
12:53:22.166 [main] DEBUG org.hibernate.hql.internal.ast.QueryTranslatorImpl - HQL: select generatedAlias0 from com.joseph.entity.Order as generatedAlias0
12:53:22.166 [main] DEBUG org.hibernate.hql.internal.ast.QueryTranslatorImpl - SQL: select order0_.idorder as idorder1_1_, order0_.idclient as idclient5_1_, order0_.dateorder as dateorde2_1_, order0_.statusorder as statusor3_1_, order0_.totalorder as totalord4_1_ from order_table order0_
12:53:22.166 [main] DEBUG org.hibernate.hql.internal.ast.ErrorCounter - throwQueryException() : no errors
12:53:22.167 [main] DEBUG org.hibernate.SQL - select order0_.idorder as idorder1_1_, order0_.idclient as idclient5_1_, order0_.dateorder as dateorde2_1_, order0_.statusorder as statusor3_1_, order0_.totalorder as totalord4_1_ from order_table order0_
12:53:22.169 [main] DEBUG org.hibernate.loader.Loader - Result set row: 0
12:53:22.170 [main] DEBUG org.hibernate.loader.Loader - Result row: EntityKey[com.joseph.entity.Order#102]
12:53:22.175 [main] DEBUG org.hibernate.loader.Loader - Result set row: 1
12:53:22.175 [main] DEBUG org.hibernate.loader.Loader - Result row: EntityKey[com.joseph.entity.Order#103]
12:53:22.175 [main] DEBUG org.hibernate.loader.Loader - Result set row: 2
12:53:22.175 [main] DEBUG org.hibernate.loader.Loader - Result row: EntityKey[com.joseph.entity.Order#104]
12:53:22.176 [main] DEBUG org.hibernate.engine.internal.TwoPhaseLoad - Resolving associations for [com.joseph.entity.Order#102]
12:53:22.176 [main] DEBUG org.hibernate.SQL - select client0_.idclient as idclient1_0_0_, client0_.emailclient as emailcli2_0_0_, client0_.nameclient as nameclie3_0_0_ from client client0_ where client0_.idclient=?
12:53:22.178 [main] DEBUG org.hibernate.loader.plan.exec.process.internal.ResultSetProcessorImpl - Starting ResultSet row #0
12:53:22.179 [main] DEBUG org.hibernate.loader.plan.exec.process.internal.EntityReferenceInitializerImpl - On call to EntityIdentifierReaderImpl#resolve, EntityKey was already known; should only happen on root returns with an optional identifier specified
12:53:22.181 [main] DEBUG org.hibernate.engine.internal.TwoPhaseLoad - Resolving associations for [com.joseph.entity.Client#171]
12:53:22.182 [main] DEBUG org.hibernate.engine.internal.TwoPhaseLoad - Done materializing entity [com.joseph.entity.Client#171]
12:53:22.182 [main] DEBUG org.hibernate.resource.jdbc.internal.ResourceRegistryStandardImpl - HHH000387: ResultSet's statement was not registered
12:53:22.182 [main] DEBUG org.hibernate.loader.entity.plan.AbstractLoadPlanBasedEntityLoader - Done entity load : com.joseph.entity.Client#171
12:53:22.182 [main] DEBUG org.hibernate.engine.internal.TwoPhaseLoad - Done materializing entity [com.joseph.entity.Order#102]
12:53:22.182 [main] DEBUG org.hibernate.engine.internal.TwoPhaseLoad - Resolving associations for [com.joseph.entity.Order#103]
12:53:22.183 [main] DEBUG org.hibernate.engine.internal.TwoPhaseLoad - Done materializing entity [com.joseph.entity.Order#103]
12:53:22.183 [main] DEBUG org.hibernate.engine.internal.TwoPhaseLoad - Resolving associations for [com.joseph.entity.Order#104]
12:53:22.183 [main] DEBUG org.hibernate.engine.internal.TwoPhaseLoad - Done materializing entity [com.joseph.entity.Order#104]
12:53:22.184 [main] DEBUG org.springframework.orm.jpa.JpaTransactionManager - Initiating transaction commit
12:53:22.185 [main] DEBUG org.springframework.orm.jpa.JpaTransactionManager - Committing JPA transaction on EntityManager [SessionImpl(PersistenceContext[entityKeys=[EntityKey[com.joseph.entity.Order#103], EntityKey[com.joseph.entity.Order#102], EntityKey[com.joseph.entity.Client#171], EntityKey[com.joseph.entity.Order#104]],collectionKeys=[CollectionKey[com.joseph.entity.Order.orderItems#103], CollectionKey[com.joseph.entity.Order.orderItems#102], CollectionKey[com.joseph.entity.Client.orders#171], CollectionKey[com.joseph.entity.Order.orderItems#104]]];ActionQueue[insertions=ExecutableList{size=0} updates=ExecutableList{size=0} deletions=ExecutableList{size=0} orphanRemovals=ExecutableList{size=0} collectionCreations=ExecutableList{size=0} collectionRemovals=ExecutableList{size=0} collectionUpdates=ExecutableList{size=0} collectionQueuedOps=ExecutableList{size=0} unresolvedInsertDependencies=null])]
12:53:22.185 [main] DEBUG org.hibernate.engine.transaction.internal.TransactionImpl - committing
12:53:22.185 [main] DEBUG org.hibernate.event.internal.AbstractFlushingEventListener - Processing flush-time cascades
12:53:22.186 [main] DEBUG org.hibernate.event.internal.AbstractFlushingEventListener - Dirty checking collections
12:53:22.186 [main] DEBUG org.hibernate.engine.internal.Collections - Collection found: [com.joseph.entity.Order.orderItems#102], was: [com.joseph.entity.Order.orderItems#102] (uninitialized)
12:53:22.187 [main] DEBUG org.hibernate.engine.internal.Collections - Collection found: [com.joseph.entity.Order.orderItems#103], was: [com.joseph.entity.Order.orderItems#103] (uninitialized)
12:53:22.187 [main] DEBUG org.hibernate.engine.internal.Collections - Collection found: [com.joseph.entity.Order.orderItems#104], was: [com.joseph.entity.Order.orderItems#104] (uninitialized)
12:53:22.187 [main] DEBUG org.hibernate.engine.internal.Collections - Collection found: [com.joseph.entity.Client.orders#171], was: [com.joseph.entity.Client.orders#171] (uninitialized)
12:53:22.187 [main] DEBUG org.hibernate.event.internal.AbstractFlushingEventListener - Flushed: 0 insertions, 0 updates, 0 deletions to 4 objects
12:53:22.187 [main] DEBUG org.hibernate.event.internal.AbstractFlushingEventListener - Flushed: 0 (re)creations, 0 updates, 0 removals to 4 collections
12:53:22.187 [main] DEBUG org.hibernate.internal.util.EntityPrinter - Listing entities:
12:53:22.188 [main] DEBUG org.hibernate.internal.util.EntityPrinter - com.joseph.entity.Order{idorder=103, client=com.joseph.entity.Client#171, dateorder=2024-01-04, orderItems=<uninitialized>, statusorder=INPROGRESS, totalorder=300.0}
12:53:22.188 [main] DEBUG org.hibernate.internal.util.EntityPrinter - com.joseph.entity.Order{idorder=102, client=com.joseph.entity.Client#171, dateorder=2024-01-04, orderItems=<uninitialized>, statusorder=INPROGRESS, totalorder=300.0}
12:53:22.188 [main] DEBUG org.hibernate.internal.util.EntityPrinter - com.joseph.entity.Client{nameclient=null, emailclient=null, orders=<uninitialized>, idclient=171}
12:53:22.188 [main] DEBUG org.hibernate.internal.util.EntityPrinter - com.joseph.entity.Order{idorder=104, client=com.joseph.entity.Client#171, dateorder=2024-01-04, orderItems=<uninitialized>, statusorder=INPROGRESS, totalorder=300.0}
12:53:22.189 [main] DEBUG org.springframework.orm.jpa.JpaTransactionManager - Closing JPA EntityManager [SessionImpl(PersistenceContext[entityKeys=[EntityKey[com.joseph.entity.Order#103], EntityKey[com.joseph.entity.Order#102], EntityKey[com.joseph.entity.Client#171], EntityKey[com.joseph.entity.Order#104]],collectionKeys=[CollectionKey[com.joseph.entity.Order.orderItems#103], CollectionKey[com.joseph.entity.Order.orderItems#102], CollectionKey[com.joseph.entity.Client.orders#171], CollectionKey[com.joseph.entity.Order.orderItems#104]]];ActionQueue[insertions=ExecutableList{size=0} updates=ExecutableList{size=0} deletions=ExecutableList{size=0} orphanRemovals=ExecutableList{size=0} collectionCreations=ExecutableList{size=0} collectionRemovals=ExecutableList{size=0} collectionUpdates=ExecutableList{size=0} collectionQueuedOps=ExecutableList{size=0} unresolvedInsertDependencies=null])] after transaction
12:53:22.192 [main] DEBUG org.springframework.test.context.cache.DefaultCacheAwareContextLoaderDelegate - Retrieved ApplicationContext [2089016471] from cache with key [[MergedContextConfiguration@5348d83c testClass = OrderServiceImplTest, locations = '{}', classes = '{class com.joseph.config.PersistenceJPAConfig}', contextInitializerClasses = '[]', activeProfiles = '{}', propertySourceLocations = '{}', propertySourceProperties = '{}', contextCustomizers = set[[empty]], contextLoader = 'org.springframework.test.context.support.DelegatingSmartContextLoader', parent = [null]]]
12:53:22.192 [main] DEBUG org.springframework.test.context.cache - Spring test ApplicationContext cache statistics: [DefaultContextCache@414f87a9 size = 1, maxSize = 32, parentContextCount = 0, hitCount = 60, missCount = 1]
12:53:22.192 [main] DEBUG org.springframework.orm.jpa.JpaTransactionManager - Creating new transaction with name [org.springframework.data.jpa.repository.support.SimpleJpaRepository.deleteAll]: PROPAGATION_REQUIRED,ISOLATION_DEFAULT
12:53:22.193 [main] DEBUG org.springframework.orm.jpa.JpaTransactionManager - Opened new EntityManager [SessionImpl(PersistenceContext[entityKeys=[],collectionKeys=[]];ActionQueue[insertions=ExecutableList{size=0} updates=ExecutableList{size=0} deletions=ExecutableList{size=0} orphanRemovals=ExecutableList{size=0} collectionCreations=ExecutableList{size=0} collectionRemovals=ExecutableList{size=0} collectionUpdates=ExecutableList{size=0} collectionQueuedOps=ExecutableList{size=0} unresolvedInsertDependencies=null])] for JPA transaction
12:53:22.193 [main] DEBUG org.hibernate.engine.transaction.internal.TransactionImpl - begin
12:53:22.193 [main] DEBUG org.springframework.jdbc.datasource.DriverManagerDataSource - Creating new JDBC DriverManager Connection to [jdbc:mysql://localhost:3306/testcraftcore?useSSL=false&useTimezone=true&serverTimezone=UTC]
12:53:22.198 [main] DEBUG org.springframework.orm.jpa.JpaTransactionManager - Exposing JPA transaction as JDBC [org.springframework.orm.jpa.vendor.HibernateJpaDialect$HibernateConnectionHandle@489bc8fd]
12:53:22.199 [main] DEBUG org.hibernate.query.criteria.internal.CriteriaQueryImpl - Rendered criteria query -> select generatedAlias0 from Client as generatedAlias0
12:53:22.200 [main] DEBUG org.hibernate.SQL - select client0_.idclient as idclient1_0_, client0_.emailclient as emailcli2_0_, client0_.nameclient as nameclie3_0_ from client client0_
12:53:22.201 [main] DEBUG org.hibernate.loader.Loader - Result set row: 0
12:53:22.202 [main] DEBUG org.hibernate.loader.Loader - Result row: EntityKey[com.joseph.entity.Client#171]
12:53:22.202 [main] DEBUG org.hibernate.engine.internal.TwoPhaseLoad - Resolving associations for [com.joseph.entity.Client#171]
12:53:22.202 [main] DEBUG org.hibernate.engine.internal.TwoPhaseLoad - Done materializing entity [com.joseph.entity.Client#171]
12:53:22.203 [main] DEBUG org.hibernate.loader.collection.plan.AbstractLoadPlanBasedCollectionInitializer - Loading collection: [com.joseph.entity.Client.orders#171]
12:53:22.203 [main] DEBUG org.hibernate.SQL - select orders0_.idclient as idclient5_1_0_, orders0_.idorder as idorder1_1_0_, orders0_.idorder as idorder1_1_1_, orders0_.idclient as idclient5_1_1_, orders0_.dateorder as dateorde2_1_1_, orders0_.statusorder as statusor3_1_1_, orders0_.totalorder as totalord4_1_1_ from order_table orders0_ where orders0_.idclient=?
12:53:22.205 [main] DEBUG org.hibernate.loader.plan.exec.process.internal.ResultSetProcessorImpl - Preparing collection intializer : [com.joseph.entity.Client.orders#171]
12:53:22.205 [main] DEBUG org.hibernate.loader.plan.exec.process.internal.ResultSetProcessorImpl - Starting ResultSet row #0
12:53:22.206 [main] DEBUG org.hibernate.loader.plan.exec.process.internal.CollectionReferenceInitializerImpl - Found row of collection: [com.joseph.entity.Client.orders#171]
12:53:22.207 [main] DEBUG org.hibernate.loader.plan.exec.process.internal.ResultSetProcessorImpl - Starting ResultSet row #1
12:53:22.207 [main] DEBUG org.hibernate.loader.plan.exec.process.internal.CollectionReferenceInitializerImpl - Found row of collection: [com.joseph.entity.Client.orders#171]
12:53:22.208 [main] DEBUG org.hibernate.loader.plan.exec.process.internal.ResultSetProcessorImpl - Starting ResultSet row #2
12:53:22.208 [main] DEBUG org.hibernate.loader.plan.exec.process.internal.CollectionReferenceInitializerImpl - Found row of collection: [com.joseph.entity.Client.orders#171]
12:53:22.209 [main] DEBUG org.hibernate.engine.internal.TwoPhaseLoad - Resolving associations for [com.joseph.entity.Order#102]
12:53:22.209 [main] DEBUG org.hibernate.engine.internal.TwoPhaseLoad - Done materializing entity [com.joseph.entity.Order#102]
12:53:22.209 [main] DEBUG org.hibernate.engine.internal.TwoPhaseLoad - Resolving associations for [com.joseph.entity.Order#103]
12:53:22.210 [main] DEBUG org.hibernate.engine.internal.TwoPhaseLoad - Done materializing entity [com.joseph.entity.Order#103]
12:53:22.210 [main] DEBUG org.hibernate.engine.internal.TwoPhaseLoad - Resolving associations for [com.joseph.entity.Order#104]
12:53:22.210 [main] DEBUG org.hibernate.engine.internal.TwoPhaseLoad - Done materializing entity [com.joseph.entity.Order#104]
12:53:22.210 [main] DEBUG org.hibernate.engine.loading.internal.CollectionLoadContext - 1 collections were found in result set for role: com.joseph.entity.Client.orders
12:53:22.210 [main] DEBUG org.hibernate.engine.loading.internal.CollectionLoadContext - Collection fully initialized: [com.joseph.entity.Client.orders#171]
12:53:22.210 [main] DEBUG org.hibernate.engine.loading.internal.CollectionLoadContext - 1 collections initialized for role: com.joseph.entity.Client.orders
12:53:22.210 [main] DEBUG org.hibernate.resource.jdbc.internal.ResourceRegistryStandardImpl - HHH000387: ResultSet's statement was not registered
12:53:22.210 [main] DEBUG org.hibernate.loader.collection.plan.AbstractLoadPlanBasedCollectionInitializer - Done loading collection
12:53:22.211 [main] DEBUG org.hibernate.loader.collection.plan.AbstractLoadPlanBasedCollectionInitializer - Loading collection: [com.joseph.entity.Order.orderItems#104]
12:53:22.211 [main] DEBUG org.hibernate.SQL - select orderitems0_.idorder as idorder3_2_0_, orderitems0_.id as id1_2_0_, orderitems0_.id as id1_2_1_, orderitems0_.idorder as idorder3_2_1_, orderitems0_.idproduct as idproduc4_2_1_, orderitems0_.quantity as quantity2_2_1_, product1_.idproduct as idproduc1_3_2_, product1_.nameproduct as nameprod2_3_2_, product1_.priceproduct as pricepro3_3_2_, product1_.stockproduct as stockpro4_3_2_ from orderitems orderitems0_ left outer join Product product1_ on orderitems0_.idproduct=product1_.idproduct where orderitems0_.idorder=?
12:53:22.218 [main] DEBUG org.hibernate.loader.plan.exec.process.internal.ResultSetProcessorImpl - Preparing collection intializer : [com.joseph.entity.Order.orderItems#104]
12:53:22.218 [main] DEBUG org.hibernate.engine.loading.internal.CollectionLoadContext - 1 collections were found in result set for role: com.joseph.entity.Order.orderItems
12:53:22.218 [main] DEBUG org.hibernate.engine.loading.internal.CollectionLoadContext - Collection fully initialized: [com.joseph.entity.Order.orderItems#104]
12:53:22.218 [main] DEBUG org.hibernate.engine.loading.internal.CollectionLoadContext - 1 collections initialized for role: com.joseph.entity.Order.orderItems
12:53:22.218 [main] DEBUG org.hibernate.resource.jdbc.internal.ResourceRegistryStandardImpl - HHH000387: ResultSet's statement was not registered
12:53:22.218 [main] DEBUG org.hibernate.loader.collection.plan.AbstractLoadPlanBasedCollectionInitializer - Done loading collection
12:53:22.219 [main] DEBUG org.hibernate.loader.collection.plan.AbstractLoadPlanBasedCollectionInitializer - Loading collection: [com.joseph.entity.Order.orderItems#102]
12:53:22.219 [main] DEBUG org.hibernate.SQL - select orderitems0_.idorder as idorder3_2_0_, orderitems0_.id as id1_2_0_, orderitems0_.id as id1_2_1_, orderitems0_.idorder as idorder3_2_1_, orderitems0_.idproduct as idproduc4_2_1_, orderitems0_.quantity as quantity2_2_1_, product1_.idproduct as idproduc1_3_2_, product1_.nameproduct as nameprod2_3_2_, product1_.priceproduct as pricepro3_3_2_, product1_.stockproduct as stockpro4_3_2_ from orderitems orderitems0_ left outer join Product product1_ on orderitems0_.idproduct=product1_.idproduct where orderitems0_.idorder=?
12:53:22.221 [main] DEBUG org.hibernate.loader.plan.exec.process.internal.ResultSetProcessorImpl - Preparing collection intializer : [com.joseph.entity.Order.orderItems#102]
12:53:22.221 [main] DEBUG org.hibernate.engine.loading.internal.CollectionLoadContext - 1 collections were found in result set for role: com.joseph.entity.Order.orderItems
12:53:22.221 [main] DEBUG org.hibernate.engine.loading.internal.CollectionLoadContext - Collection fully initialized: [com.joseph.entity.Order.orderItems#102]
12:53:22.221 [main] DEBUG org.hibernate.engine.loading.internal.CollectionLoadContext - 1 collections initialized for role: com.joseph.entity.Order.orderItems
12:53:22.221 [main] DEBUG org.hibernate.resource.jdbc.internal.ResourceRegistryStandardImpl - HHH000387: ResultSet's statement was not registered
12:53:22.221 [main] DEBUG org.hibernate.loader.collection.plan.AbstractLoadPlanBasedCollectionInitializer - Done loading collection
12:53:22.222 [main] DEBUG org.hibernate.loader.collection.plan.AbstractLoadPlanBasedCollectionInitializer - Loading collection: [com.joseph.entity.Order.orderItems#103]
12:53:22.222 [main] DEBUG org.hibernate.SQL - select orderitems0_.idorder as idorder3_2_0_, orderitems0_.id as id1_2_0_, orderitems0_.id as id1_2_1_, orderitems0_.idorder as idorder3_2_1_, orderitems0_.idproduct as idproduc4_2_1_, orderitems0_.quantity as quantity2_2_1_, product1_.idproduct as idproduc1_3_2_, product1_.nameproduct as nameprod2_3_2_, product1_.priceproduct as pricepro3_3_2_, product1_.stockproduct as stockpro4_3_2_ from orderitems orderitems0_ left outer join Product product1_ on orderitems0_.idproduct=product1_.idproduct where orderitems0_.idorder=?
12:53:22.224 [main] DEBUG org.hibernate.loader.plan.exec.process.internal.ResultSetProcessorImpl - Preparing collection intializer : [com.joseph.entity.Order.orderItems#103]
12:53:22.224 [main] DEBUG org.hibernate.engine.loading.internal.CollectionLoadContext - 1 collections were found in result set for role: com.joseph.entity.Order.orderItems
12:53:22.224 [main] DEBUG org.hibernate.engine.loading.internal.CollectionLoadContext - Collection fully initialized: [com.joseph.entity.Order.orderItems#103]
12:53:22.224 [main] DEBUG org.hibernate.engine.loading.internal.CollectionLoadContext - 1 collections initialized for role: com.joseph.entity.Order.orderItems
12:53:22.224 [main] DEBUG org.hibernate.resource.jdbc.internal.ResourceRegistryStandardImpl - HHH000387: ResultSet's statement was not registered
12:53:22.224 [main] DEBUG org.hibernate.loader.collection.plan.AbstractLoadPlanBasedCollectionInitializer - Done loading collection
12:53:22.225 [main] DEBUG org.springframework.orm.jpa.JpaTransactionManager - Initiating transaction commit
12:53:22.225 [main] DEBUG org.springframework.orm.jpa.JpaTransactionManager - Committing JPA transaction on EntityManager [SessionImpl(PersistenceContext[entityKeys=[EntityKey[com.joseph.entity.Order#103], EntityKey[com.joseph.entity.Client#171], EntityKey[com.joseph.entity.Order#102], EntityKey[com.joseph.entity.Order#104]],collectionKeys=[CollectionKey[com.joseph.entity.Order.orderItems#103], CollectionKey[com.joseph.entity.Order.orderItems#102], CollectionKey[com.joseph.entity.Client.orders#171], CollectionKey[com.joseph.entity.Order.orderItems#104]]];ActionQueue[insertions=ExecutableList{size=0} updates=ExecutableList{size=0} deletions=ExecutableList{size=4} orphanRemovals=ExecutableList{size=0} collectionCreations=ExecutableList{size=0} collectionRemovals=ExecutableList{size=0} collectionUpdates=ExecutableList{size=0} collectionQueuedOps=ExecutableList{size=0} unresolvedInsertDependencies=null])]
12:53:22.225 [main] DEBUG org.hibernate.engine.transaction.internal.TransactionImpl - committing
12:53:22.225 [main] DEBUG org.hibernate.event.internal.AbstractFlushingEventListener - Processing flush-time cascades
12:53:22.225 [main] DEBUG org.hibernate.event.internal.AbstractFlushingEventListener - Dirty checking collections
12:53:22.225 [main] DEBUG org.hibernate.engine.internal.Collections - Collection dereferenced: [com.joseph.entity.Client.orders#171]
12:53:22.226 [main] DEBUG org.hibernate.engine.internal.Collections - Collection dereferenced: [com.joseph.entity.Order.orderItems#102]
12:53:22.226 [main] DEBUG org.hibernate.engine.internal.Collections - Collection dereferenced: [com.joseph.entity.Order.orderItems#103]
12:53:22.226 [main] DEBUG org.hibernate.engine.internal.Collections - Collection dereferenced: [com.joseph.entity.Order.orderItems#104]
12:53:22.226 [main] DEBUG org.hibernate.event.internal.AbstractFlushingEventListener - Flushed: 0 insertions, 0 updates, 4 deletions to 4 objects
12:53:22.229 [main] DEBUG org.hibernate.event.internal.AbstractFlushingEventListener - Flushed: 0 (re)creations, 0 updates, 4 removals to 4 collections
12:53:22.229 [main] DEBUG org.hibernate.internal.util.EntityPrinter - Listing entities:
12:53:22.229 [main] DEBUG org.hibernate.internal.util.EntityPrinter - com.joseph.entity.Order{idorder=103, client=com.joseph.entity.Client#171, dateorder=2024-01-04, orderItems=[], statusorder=INPROGRESS, totalorder=300.0}
12:53:22.230 [main] DEBUG org.hibernate.internal.util.EntityPrinter - com.joseph.entity.Client{nameclient=null, emailclient=null, orders=[com.joseph.entity.Order#104, com.joseph.entity.Order#102, com.joseph.entity.Order#103], idclient=171}
12:53:22.230 [main] DEBUG org.hibernate.internal.util.EntityPrinter - com.joseph.entity.Order{idorder=102, client=com.joseph.entity.Client#171, dateorder=2024-01-04, orderItems=[], statusorder=INPROGRESS, totalorder=300.0}
12:53:22.230 [main] DEBUG org.hibernate.internal.util.EntityPrinter - com.joseph.entity.Order{idorder=104, client=com.joseph.entity.Client#171, dateorder=2024-01-04, orderItems=[], statusorder=INPROGRESS, totalorder=300.0}
12:53:22.230 [main] DEBUG org.hibernate.SQL - delete from order_table where idorder=?
12:53:22.245 [main] DEBUG org.hibernate.SQL - delete from order_table where idorder=?
12:53:22.247 [main] DEBUG org.hibernate.SQL - delete from order_table where idorder=?
12:53:22.249 [main] DEBUG org.hibernate.SQL - delete from client where idclient=?
12:53:22.252 [main] DEBUG org.springframework.orm.jpa.JpaTransactionManager - Closing JPA EntityManager [SessionImpl(PersistenceContext[entityKeys=[],collectionKeys=[]];ActionQueue[insertions=ExecutableList{size=0} updates=ExecutableList{size=0} deletions=ExecutableList{size=0} orphanRemovals=ExecutableList{size=0} collectionCreations=ExecutableList{size=0} collectionRemovals=ExecutableList{size=0} collectionUpdates=ExecutableList{size=0} collectionQueuedOps=ExecutableList{size=0} unresolvedInsertDependencies=null])] after transaction
12:53:22.252 [main] DEBUG org.hibernate.engine.jdbc.internal.JdbcCoordinatorImpl - HHH000420: Closing un-released batch
12:53:22.253 [main] DEBUG org.springframework.test.context.cache.DefaultCacheAwareContextLoaderDelegate - Retrieved ApplicationContext [2089016471] from cache with key [[MergedContextConfiguration@5348d83c testClass = OrderServiceImplTest, locations = '{}', classes = '{class com.joseph.config.PersistenceJPAConfig}', contextInitializerClasses = '[]', activeProfiles = '{}', propertySourceLocations = '{}', propertySourceProperties = '{}', contextCustomizers = set[[empty]], contextLoader = 'org.springframework.test.context.support.DelegatingSmartContextLoader', parent = [null]]]
12:53:22.253 [main] DEBUG org.springframework.test.context.cache - Spring test ApplicationContext cache statistics: [DefaultContextCache@414f87a9 size = 1, maxSize = 32, parentContextCount = 0, hitCount = 61, missCount = 1]
12:53:22.253 [main] DEBUG org.springframework.test.context.support.AbstractDirtiesContextTestExecutionListener - After test method: context [DefaultTestContext@5934ca1e testClass = OrderServiceImplTest, testInstance = com.joseph.service.Impl.OrderServiceImplTest@477021ee, testMethod = getOrders@OrderServiceImplTest, testException = [null], mergedContextConfiguration = [MergedContextConfiguration@5348d83c testClass = OrderServiceImplTest, locations = '{}', classes = '{class com.joseph.config.PersistenceJPAConfig}', contextInitializerClasses = '[]', activeProfiles = '{}', propertySourceLocations = '{}', propertySourceProperties = '{}', contextCustomizers = set[[empty]], contextLoader = 'org.springframework.test.context.support.DelegatingSmartContextLoader', parent = [null]], attributes = map[[empty]]], class annotated with @DirtiesContext [false] with mode [null], method annotated with @DirtiesContext [false] with mode [null].
]]></system-out>
  </testcase>
  <testcase name="testdeleteOrder" classname="com.joseph.service.Impl.OrderServiceImplTest" time="0.16">
    <system-out><![CDATA[12:53:22.255 [main] DEBUG org.springframework.test.context.support.DependencyInjectionTestExecutionListener - Performing dependency injection for test context [[DefaultTestContext@5934ca1e testClass = OrderServiceImplTest, testInstance = com.joseph.service.Impl.OrderServiceImplTest@226de93c, testMethod = [null], testException = [null], mergedContextConfiguration = [MergedContextConfiguration@5348d83c testClass = OrderServiceImplTest, locations = '{}', classes = '{class com.joseph.config.PersistenceJPAConfig}', contextInitializerClasses = '[]', activeProfiles = '{}', propertySourceLocations = '{}', propertySourceProperties = '{}', contextCustomizers = set[[empty]], contextLoader = 'org.springframework.test.context.support.DelegatingSmartContextLoader', parent = [null]], attributes = map[[empty]]]].
12:53:22.255 [main] DEBUG org.springframework.test.context.cache.DefaultCacheAwareContextLoaderDelegate - Retrieved ApplicationContext [2089016471] from cache with key [[MergedContextConfiguration@5348d83c testClass = OrderServiceImplTest, locations = '{}', classes = '{class com.joseph.config.PersistenceJPAConfig}', contextInitializerClasses = '[]', activeProfiles = '{}', propertySourceLocations = '{}', propertySourceProperties = '{}', contextCustomizers = set[[empty]], contextLoader = 'org.springframework.test.context.support.DelegatingSmartContextLoader', parent = [null]]]
12:53:22.255 [main] DEBUG org.springframework.test.context.cache - Spring test ApplicationContext cache statistics: [DefaultContextCache@414f87a9 size = 1, maxSize = 32, parentContextCount = 0, hitCount = 62, missCount = 1]
12:53:22.256 [main] DEBUG org.springframework.test.context.cache.DefaultCacheAwareContextLoaderDelegate - Retrieved ApplicationContext [2089016471] from cache with key [[MergedContextConfiguration@5348d83c testClass = OrderServiceImplTest, locations = '{}', classes = '{class com.joseph.config.PersistenceJPAConfig}', contextInitializerClasses = '[]', activeProfiles = '{}', propertySourceLocations = '{}', propertySourceProperties = '{}', contextCustomizers = set[[empty]], contextLoader = 'org.springframework.test.context.support.DelegatingSmartContextLoader', parent = [null]]]
12:53:22.256 [main] DEBUG org.springframework.test.context.cache - Spring test ApplicationContext cache statistics: [DefaultContextCache@414f87a9 size = 1, maxSize = 32, parentContextCount = 0, hitCount = 63, missCount = 1]
12:53:22.260 [main] DEBUG org.springframework.test.context.support.AbstractDirtiesContextTestExecutionListener - Before test method: context [DefaultTestContext@5934ca1e testClass = OrderServiceImplTest, testInstance = com.joseph.service.Impl.OrderServiceImplTest@226de93c, testMethod = testdeleteOrder@OrderServiceImplTest, testException = [null], mergedContextConfiguration = [MergedContextConfiguration@5348d83c testClass = OrderServiceImplTest, locations = '{}', classes = '{class com.joseph.config.PersistenceJPAConfig}', contextInitializerClasses = '[]', activeProfiles = '{}', propertySourceLocations = '{}', propertySourceProperties = '{}', contextCustomizers = set[[empty]], contextLoader = 'org.springframework.test.context.support.DelegatingSmartContextLoader', parent = [null]], attributes = map[[empty]]], class annotated with @DirtiesContext [false] with mode [null], method annotated with @DirtiesContext [false] with mode [null].
12:53:22.260 [main] DEBUG org.springframework.test.context.cache.DefaultCacheAwareContextLoaderDelegate - Retrieved ApplicationContext [2089016471] from cache with key [[MergedContextConfiguration@5348d83c testClass = OrderServiceImplTest, locations = '{}', classes = '{class com.joseph.config.PersistenceJPAConfig}', contextInitializerClasses = '[]', activeProfiles = '{}', propertySourceLocations = '{}', propertySourceProperties = '{}', contextCustomizers = set[[empty]], contextLoader = 'org.springframework.test.context.support.DelegatingSmartContextLoader', parent = [null]]]
12:53:22.260 [main] DEBUG org.springframework.test.context.cache - Spring test ApplicationContext cache statistics: [DefaultContextCache@414f87a9 size = 1, maxSize = 32, parentContextCount = 0, hitCount = 64, missCount = 1]
12:53:22.261 [main] DEBUG org.springframework.orm.jpa.JpaTransactionManager - Creating new transaction with name [org.springframework.data.jpa.repository.support.SimpleJpaRepository.deleteAll]: PROPAGATION_REQUIRED,ISOLATION_DEFAULT
12:53:22.261 [main] DEBUG org.springframework.orm.jpa.JpaTransactionManager - Opened new EntityManager [SessionImpl(PersistenceContext[entityKeys=[],collectionKeys=[]];ActionQueue[insertions=ExecutableList{size=0} updates=ExecutableList{size=0} deletions=ExecutableList{size=0} orphanRemovals=ExecutableList{size=0} collectionCreations=ExecutableList{size=0} collectionRemovals=ExecutableList{size=0} collectionUpdates=ExecutableList{size=0} collectionQueuedOps=ExecutableList{size=0} unresolvedInsertDependencies=null])] for JPA transaction
12:53:22.262 [main] DEBUG org.hibernate.engine.transaction.internal.TransactionImpl - begin
12:53:22.262 [main] DEBUG org.springframework.jdbc.datasource.DriverManagerDataSource - Creating new JDBC DriverManager Connection to [jdbc:mysql://localhost:3306/testcraftcore?useSSL=false&useTimezone=true&serverTimezone=UTC]
12:53:22.268 [main] DEBUG org.springframework.orm.jpa.JpaTransactionManager - Exposing JPA transaction as JDBC [org.springframework.orm.jpa.vendor.HibernateJpaDialect$HibernateConnectionHandle@74667e6a]
12:53:22.268 [main] DEBUG org.hibernate.query.criteria.internal.CriteriaQueryImpl - Rendered criteria query -> select generatedAlias0 from Client as generatedAlias0
12:53:22.269 [main] DEBUG org.hibernate.SQL - select client0_.idclient as idclient1_0_, client0_.emailclient as emailcli2_0_, client0_.nameclient as nameclie3_0_ from client client0_
12:53:22.270 [main] DEBUG org.springframework.orm.jpa.JpaTransactionManager - Initiating transaction commit
12:53:22.271 [main] DEBUG org.springframework.orm.jpa.JpaTransactionManager - Committing JPA transaction on EntityManager [SessionImpl(PersistenceContext[entityKeys=[],collectionKeys=[]];ActionQueue[insertions=ExecutableList{size=0} updates=ExecutableList{size=0} deletions=ExecutableList{size=0} orphanRemovals=ExecutableList{size=0} collectionCreations=ExecutableList{size=0} collectionRemovals=ExecutableList{size=0} collectionUpdates=ExecutableList{size=0} collectionQueuedOps=ExecutableList{size=0} unresolvedInsertDependencies=null])]
12:53:22.271 [main] DEBUG org.hibernate.engine.transaction.internal.TransactionImpl - committing
12:53:22.272 [main] DEBUG org.springframework.orm.jpa.JpaTransactionManager - Closing JPA EntityManager [SessionImpl(PersistenceContext[entityKeys=[],collectionKeys=[]];ActionQueue[insertions=ExecutableList{size=0} updates=ExecutableList{size=0} deletions=ExecutableList{size=0} orphanRemovals=ExecutableList{size=0} collectionCreations=ExecutableList{size=0} collectionRemovals=ExecutableList{size=0} collectionUpdates=ExecutableList{size=0} collectionQueuedOps=ExecutableList{size=0} unresolvedInsertDependencies=null])] after transaction
12:53:22.272 [main] DEBUG org.springframework.orm.jpa.JpaTransactionManager - Creating new transaction with name [org.springframework.data.jpa.repository.support.SimpleJpaRepository.save]: PROPAGATION_REQUIRED,ISOLATION_DEFAULT
12:53:22.272 [main] DEBUG org.springframework.orm.jpa.JpaTransactionManager - Opened new EntityManager [SessionImpl(PersistenceContext[entityKeys=[],collectionKeys=[]];ActionQueue[insertions=ExecutableList{size=0} updates=ExecutableList{size=0} deletions=ExecutableList{size=0} orphanRemovals=ExecutableList{size=0} collectionCreations=ExecutableList{size=0} collectionRemovals=ExecutableList{size=0} collectionUpdates=ExecutableList{size=0} collectionQueuedOps=ExecutableList{size=0} unresolvedInsertDependencies=null])] for JPA transaction
12:53:22.272 [main] DEBUG org.hibernate.engine.transaction.internal.TransactionImpl - begin
12:53:22.273 [main] DEBUG org.springframework.jdbc.datasource.DriverManagerDataSource - Creating new JDBC DriverManager Connection to [jdbc:mysql://localhost:3306/testcraftcore?useSSL=false&useTimezone=true&serverTimezone=UTC]
12:53:22.277 [main] DEBUG org.springframework.orm.jpa.JpaTransactionManager - Exposing JPA transaction as JDBC [org.springframework.orm.jpa.vendor.HibernateJpaDialect$HibernateConnectionHandle@7df6d663]
12:53:22.278 [main] DEBUG org.hibernate.engine.spi.ActionQueue - Executing identity-insert immediately
12:53:22.278 [main] DEBUG org.hibernate.SQL - insert into client (emailclient, nameclient) values (?, ?)
12:53:22.280 [main] DEBUG org.hibernate.id.IdentifierGeneratorHelper - Natively generated identity: 172
12:53:22.280 [main] DEBUG org.hibernate.resource.jdbc.internal.ResourceRegistryStandardImpl - HHH000387: ResultSet's statement was not registered
12:53:22.280 [main] DEBUG org.springframework.orm.jpa.JpaTransactionManager - Initiating transaction commit
12:53:22.280 [main] DEBUG org.springframework.orm.jpa.JpaTransactionManager - Committing JPA transaction on EntityManager [SessionImpl(PersistenceContext[entityKeys=[EntityKey[com.joseph.entity.Client#172]],collectionKeys=[]];ActionQueue[insertions=ExecutableList{size=0} updates=ExecutableList{size=0} deletions=ExecutableList{size=0} orphanRemovals=ExecutableList{size=0} collectionCreations=ExecutableList{size=0} collectionRemovals=ExecutableList{size=0} collectionUpdates=ExecutableList{size=0} collectionQueuedOps=ExecutableList{size=0} unresolvedInsertDependencies=null])]
12:53:22.280 [main] DEBUG org.hibernate.engine.transaction.internal.TransactionImpl - committing
12:53:22.280 [main] DEBUG org.hibernate.event.internal.AbstractFlushingEventListener - Processing flush-time cascades
12:53:22.280 [main] DEBUG org.hibernate.event.internal.AbstractFlushingEventListener - Dirty checking collections
12:53:22.281 [main] DEBUG org.hibernate.engine.internal.Collections - Collection found: [com.joseph.entity.Client.orders#172], was: [<unreferenced>] (initialized)
12:53:22.281 [main] DEBUG org.hibernate.event.internal.AbstractFlushingEventListener - Flushed: 0 insertions, 0 updates, 0 deletions to 1 objects
12:53:22.281 [main] DEBUG org.hibernate.event.internal.AbstractFlushingEventListener - Flushed: 1 (re)creations, 0 updates, 0 removals to 1 collections
12:53:22.281 [main] DEBUG org.hibernate.internal.util.EntityPrinter - Listing entities:
12:53:22.281 [main] DEBUG org.hibernate.internal.util.EntityPrinter - com.joseph.entity.Client{nameclient=null, emailclient=null, orders=[], idclient=172}
12:53:22.283 [main] DEBUG org.springframework.orm.jpa.JpaTransactionManager - Closing JPA EntityManager [SessionImpl(PersistenceContext[entityKeys=[EntityKey[com.joseph.entity.Client#172]],collectionKeys=[CollectionKey[com.joseph.entity.Client.orders#172]]];ActionQueue[insertions=ExecutableList{size=0} updates=ExecutableList{size=0} deletions=ExecutableList{size=0} orphanRemovals=ExecutableList{size=0} collectionCreations=ExecutableList{size=0} collectionRemovals=ExecutableList{size=0} collectionUpdates=ExecutableList{size=0} collectionQueuedOps=ExecutableList{size=0} unresolvedInsertDependencies=null])] after transaction
12:53:22.283 [main] DEBUG org.springframework.orm.jpa.JpaTransactionManager - Creating new transaction with name [org.springframework.data.jpa.repository.support.SimpleJpaRepository.save]: PROPAGATION_REQUIRED,ISOLATION_DEFAULT
12:53:22.284 [main] DEBUG org.springframework.orm.jpa.JpaTransactionManager - Opened new EntityManager [SessionImpl(PersistenceContext[entityKeys=[],collectionKeys=[]];ActionQueue[insertions=ExecutableList{size=0} updates=ExecutableList{size=0} deletions=ExecutableList{size=0} orphanRemovals=ExecutableList{size=0} collectionCreations=ExecutableList{size=0} collectionRemovals=ExecutableList{size=0} collectionUpdates=ExecutableList{size=0} collectionQueuedOps=ExecutableList{size=0} unresolvedInsertDependencies=null])] for JPA transaction
12:53:22.284 [main] DEBUG org.hibernate.engine.transaction.internal.TransactionImpl - begin
12:53:22.284 [main] DEBUG org.springframework.jdbc.datasource.DriverManagerDataSource - Creating new JDBC DriverManager Connection to [jdbc:mysql://localhost:3306/testcraftcore?useSSL=false&useTimezone=true&serverTimezone=UTC]
12:53:22.288 [main] DEBUG org.springframework.orm.jpa.JpaTransactionManager - Exposing JPA transaction as JDBC [org.springframework.orm.jpa.vendor.HibernateJpaDialect$HibernateConnectionHandle@23310248]
12:53:22.289 [main] DEBUG org.hibernate.engine.spi.ActionQueue - Executing identity-insert immediately
12:53:22.289 [main] DEBUG org.hibernate.SQL - insert into order_table (idclient, dateorder, statusorder, totalorder) values (?, ?, ?, ?)
12:53:22.291 [main] DEBUG org.hibernate.id.IdentifierGeneratorHelper - Natively generated identity: 105
12:53:22.291 [main] DEBUG org.hibernate.resource.jdbc.internal.ResourceRegistryStandardImpl - HHH000387: ResultSet's statement was not registered
12:53:22.291 [main] DEBUG org.springframework.orm.jpa.JpaTransactionManager - Initiating transaction commit
12:53:22.291 [main] DEBUG org.springframework.orm.jpa.JpaTransactionManager - Committing JPA transaction on EntityManager [SessionImpl(PersistenceContext[entityKeys=[EntityKey[com.joseph.entity.Order#105]],collectionKeys=[]];ActionQueue[insertions=ExecutableList{size=0} updates=ExecutableList{size=0} deletions=ExecutableList{size=0} orphanRemovals=ExecutableList{size=0} collectionCreations=ExecutableList{size=0} collectionRemovals=ExecutableList{size=0} collectionUpdates=ExecutableList{size=0} collectionQueuedOps=ExecutableList{size=0} unresolvedInsertDependencies=null])]
12:53:22.291 [main] DEBUG org.hibernate.engine.transaction.internal.TransactionImpl - committing
12:53:22.291 [main] DEBUG org.hibernate.event.internal.AbstractFlushingEventListener - Processing flush-time cascades
12:53:22.291 [main] DEBUG org.hibernate.event.internal.AbstractFlushingEventListener - Dirty checking collections
12:53:22.292 [main] DEBUG org.hibernate.engine.internal.Collections - Collection found: [com.joseph.entity.Order.orderItems#105], was: [<unreferenced>] (initialized)
12:53:22.292 [main] DEBUG org.hibernate.event.internal.AbstractFlushingEventListener - Flushed: 0 insertions, 0 updates, 0 deletions to 1 objects
12:53:22.292 [main] DEBUG org.hibernate.event.internal.AbstractFlushingEventListener - Flushed: 1 (re)creations, 0 updates, 0 removals to 1 collections
12:53:22.292 [main] DEBUG org.hibernate.internal.util.EntityPrinter - Listing entities:
12:53:22.292 [main] DEBUG org.hibernate.internal.util.EntityPrinter - com.joseph.entity.Order{idorder=105, client=com.joseph.entity.Client#172, dateorder=2024-01-04, orderItems=[], statusorder=INPROGRESS, totalorder=300.0}
12:53:22.293 [main] DEBUG org.springframework.orm.jpa.JpaTransactionManager - Closing JPA EntityManager [SessionImpl(PersistenceContext[entityKeys=[EntityKey[com.joseph.entity.Order#105]],collectionKeys=[CollectionKey[com.joseph.entity.Order.orderItems#105]]];ActionQueue[insertions=ExecutableList{size=0} updates=ExecutableList{size=0} deletions=ExecutableList{size=0} orphanRemovals=ExecutableList{size=0} collectionCreations=ExecutableList{size=0} collectionRemovals=ExecutableList{size=0} collectionUpdates=ExecutableList{size=0} collectionQueuedOps=ExecutableList{size=0} unresolvedInsertDependencies=null])] after transaction
12:53:22.294 [main] DEBUG org.springframework.orm.jpa.JpaTransactionManager - Creating new transaction with name [org.springframework.data.jpa.repository.support.SimpleJpaRepository.save]: PROPAGATION_REQUIRED,ISOLATION_DEFAULT
12:53:22.294 [main] DEBUG org.springframework.orm.jpa.JpaTransactionManager - Opened new EntityManager [SessionImpl(PersistenceContext[entityKeys=[],collectionKeys=[]];ActionQueue[insertions=ExecutableList{size=0} updates=ExecutableList{size=0} deletions=ExecutableList{size=0} orphanRemovals=ExecutableList{size=0} collectionCreations=ExecutableList{size=0} collectionRemovals=ExecutableList{size=0} collectionUpdates=ExecutableList{size=0} collectionQueuedOps=ExecutableList{size=0} unresolvedInsertDependencies=null])] for JPA transaction
12:53:22.294 [main] DEBUG org.hibernate.engine.transaction.internal.TransactionImpl - begin
12:53:22.294 [main] DEBUG org.springframework.jdbc.datasource.DriverManagerDataSource - Creating new JDBC DriverManager Connection to [jdbc:mysql://localhost:3306/testcraftcore?useSSL=false&useTimezone=true&serverTimezone=UTC]
12:53:22.298 [main] DEBUG org.springframework.orm.jpa.JpaTransactionManager - Exposing JPA transaction as JDBC [org.springframework.orm.jpa.vendor.HibernateJpaDialect$HibernateConnectionHandle@2eb60c71]
12:53:22.299 [main] DEBUG org.hibernate.engine.spi.ActionQueue - Executing identity-insert immediately
12:53:22.299 [main] DEBUG org.hibernate.SQL - insert into order_table (idclient, dateorder, statusorder, totalorder) values (?, ?, ?, ?)
12:53:22.301 [main] DEBUG org.hibernate.id.IdentifierGeneratorHelper - Natively generated identity: 106
12:53:22.301 [main] DEBUG org.hibernate.resource.jdbc.internal.ResourceRegistryStandardImpl - HHH000387: ResultSet's statement was not registered
12:53:22.301 [main] DEBUG org.springframework.orm.jpa.JpaTransactionManager - Initiating transaction commit
12:53:22.302 [main] DEBUG org.springframework.orm.jpa.JpaTransactionManager - Committing JPA transaction on EntityManager [SessionImpl(PersistenceContext[entityKeys=[EntityKey[com.joseph.entity.Order#106]],collectionKeys=[]];ActionQueue[insertions=ExecutableList{size=0} updates=ExecutableList{size=0} deletions=ExecutableList{size=0} orphanRemovals=ExecutableList{size=0} collectionCreations=ExecutableList{size=0} collectionRemovals=ExecutableList{size=0} collectionUpdates=ExecutableList{size=0} collectionQueuedOps=ExecutableList{size=0} unresolvedInsertDependencies=null])]
12:53:22.302 [main] DEBUG org.hibernate.engine.transaction.internal.TransactionImpl - committing
12:53:22.302 [main] DEBUG org.hibernate.event.internal.AbstractFlushingEventListener - Processing flush-time cascades
12:53:22.302 [main] DEBUG org.hibernate.event.internal.AbstractFlushingEventListener - Dirty checking collections
12:53:22.302 [main] DEBUG org.hibernate.engine.internal.Collections - Collection found: [com.joseph.entity.Order.orderItems#106], was: [<unreferenced>] (initialized)
12:53:22.302 [main] DEBUG org.hibernate.event.internal.AbstractFlushingEventListener - Flushed: 0 insertions, 0 updates, 0 deletions to 1 objects
12:53:22.302 [main] DEBUG org.hibernate.event.internal.AbstractFlushingEventListener - Flushed: 1 (re)creations, 0 updates, 0 removals to 1 collections
12:53:22.302 [main] DEBUG org.hibernate.internal.util.EntityPrinter - Listing entities:
12:53:22.303 [main] DEBUG org.hibernate.internal.util.EntityPrinter - com.joseph.entity.Order{idorder=106, client=com.joseph.entity.Client#172, dateorder=2024-01-04, orderItems=[], statusorder=INPROGRESS, totalorder=300.0}
[...]
12:53:23.092 [main] DEBUG org.hibernate.engine.internal.TwoPhaseLoad - Done materializing entity [com.joseph.entity.Order#121]
12:53:23.092 [main] DEBUG org.hibernate.engine.internal.TwoPhaseLoad - Resolving associations for [com.joseph.entity.Order#120]
12:53:23.092 [main] DEBUG org.hibernate.engine.internal.TwoPhaseLoad - Done materializing entity [com.joseph.entity.Order#120]
12:53:23.092 [main] DEBUG org.hibernate.engine.internal.TwoPhaseLoad - Resolving associations for [com.joseph.entity.Order#118]
12:53:23.092 [main] DEBUG org.hibernate.engine.internal.TwoPhaseLoad - Done materializing entity [com.joseph.entity.Order#118]
12:53:23.092 [main] DEBUG org.hibernate.engine.internal.TwoPhaseLoad - Resolving associations for [com.joseph.entity.Order#119]
12:53:23.092 [main] DEBUG org.hibernate.engine.internal.TwoPhaseLoad - Done materializing entity [com.joseph.entity.Order#119]
12:53:23.092 [main] DEBUG org.hibernate.engine.internal.TwoPhaseLoad - Resolving associations for [com.joseph.entity.Order#122]
12:53:23.092 [main] DEBUG org.hibernate.engine.internal.TwoPhaseLoad - Done materializing entity [com.joseph.entity.Order#122]
12:53:23.092 [main] DEBUG org.hibernate.engine.internal.TwoPhaseLoad - Resolving associations for [com.joseph.entity.Order#123]
12:53:23.093 [main] DEBUG org.hibernate.engine.internal.TwoPhaseLoad - Done materializing entity [com.joseph.entity.Order#123]
12:53:23.093 [main] DEBUG org.hibernate.engine.loading.internal.CollectionLoadContext - 1 collections were found in result set for role: com.joseph.entity.Client.orders
12:53:23.093 [main] DEBUG org.hibernate.engine.loading.internal.CollectionLoadContext - Collection fully initialized: [com.joseph.entity.Client.orders#176]
12:53:23.093 [main] DEBUG org.hibernate.engine.loading.internal.CollectionLoadContext - 1 collections initialized for role: com.joseph.entity.Client.orders
12:53:23.094 [main] DEBUG org.hibernate.resource.jdbc.internal.ResourceRegistryStandardImpl - HHH000387: ResultSet's statement was not registered
12:53:23.094 [main] DEBUG org.hibernate.loader.collection.plan.AbstractLoadPlanBasedCollectionInitializer - Done loading collection
12:53:23.094 [main] DEBUG org.hibernate.loader.collection.plan.AbstractLoadPlanBasedCollectionInitializer - Loading collection: [com.joseph.entity.Order.orderItems#121]
12:53:23.095 [main] DEBUG org.hibernate.SQL - select orderitems0_.idorder as idorder3_2_0_, orderitems0_.id as id1_2_0_, orderitems0_.id as id1_2_1_, orderitems0_.idorder as idorder3_2_1_, orderitems0_.idproduct as idproduc4_2_1_, orderitems0_.quantity as quantity2_2_1_, product1_.idproduct as idproduc1_3_2_, product1_.nameproduct as nameprod2_3_2_, product1_.priceproduct as pricepro3_3_2_, product1_.stockproduct as stockpro4_3_2_ from orderitems orderitems0_ left outer join Product product1_ on orderitems0_.idproduct=product1_.idproduct where orderitems0_.idorder=?
12:53:23.096 [main] DEBUG org.hibernate.loader.plan.exec.process.internal.ResultSetProcessorImpl - Preparing collection intializer : [com.joseph.entity.Order.orderItems#121]
12:53:23.096 [main] DEBUG org.hibernate.engine.loading.internal.CollectionLoadContext - 1 collections were found in result set for role: com.joseph.entity.Order.orderItems
12:53:23.096 [main] DEBUG org.hibernate.engine.loading.internal.CollectionLoadContext - Collection fully initialized: [com.joseph.entity.Order.orderItems#121]
12:53:23.096 [main] DEBUG org.hibernate.engine.loading.internal.CollectionLoadContext - 1 collections initialized for role: com.joseph.entity.Order.orderItems
12:53:23.097 [main] DEBUG org.hibernate.resource.jdbc.internal.ResourceRegistryStandardImpl - HHH000387: ResultSet's statement was not registered
12:53:23.097 [main] DEBUG org.hibernate.loader.collection.plan.AbstractLoadPlanBasedCollectionInitializer - Done loading collection
12:53:23.097 [main] DEBUG org.hibernate.loader.collection.plan.AbstractLoadPlanBasedCollectionInitializer - Loading collection: [com.joseph.entity.Order.orderItems#119]
12:53:23.097 [main] DEBUG org.hibernate.SQL - select orderitems0_.idorder as idorder3_2_0_, orderitems0_.id as id1_2_0_, orderitems0_.id as id1_2_1_, orderitems0_.idorder as idorder3_2_1_, orderitems0_.idproduct as idproduc4_2_1_, orderitems0_.quantity as quantity2_2_1_, product1_.idproduct as idproduc1_3_2_, product1_.nameproduct as nameprod2_3_2_, product1_.priceproduct as pricepro3_3_2_, product1_.stockproduct as stockpro4_3_2_ from orderitems orderitems0_ left outer join Product product1_ on orderitems0_.idproduct=product1_.idproduct where orderitems0_.idorder=?
12:53:23.099 [main] DEBUG org.hibernate.loader.plan.exec.process.internal.ResultSetProcessorImpl - Preparing collection intializer : [com.joseph.entity.Order.orderItems#119]
12:53:23.100 [main] DEBUG org.hibernate.engine.loading.internal.CollectionLoadContext - 1 collections were found in result set for role: com.joseph.entity.Order.orderItems
12:53:23.100 [main] DEBUG org.hibernate.engine.loading.internal.CollectionLoadContext - Collection fully initialized: [com.joseph.entity.Order.orderItems#119]
12:53:23.100 [main] DEBUG org.hibernate.engine.loading.internal.CollectionLoadContext - 1 collections initialized for role: com.joseph.entity.Order.orderItems
12:53:23.100 [main] DEBUG org.hibernate.resource.jdbc.internal.ResourceRegistryStandardImpl - HHH000387: ResultSet's statement was not registered
12:53:23.100 [main] DEBUG org.hibernate.loader.collection.plan.AbstractLoadPlanBasedCollectionInitializer - Done loading collection
12:53:23.100 [main] DEBUG org.hibernate.loader.collection.plan.AbstractLoadPlanBasedCollectionInitializer - Loading collection: [com.joseph.entity.Order.orderItems#118]
12:53:23.100 [main] DEBUG org.hibernate.SQL - select orderitems0_.idorder as idorder3_2_0_, orderitems0_.id as id1_2_0_, orderitems0_.id as id1_2_1_, orderitems0_.idorder as idorder3_2_1_, orderitems0_.idproduct as idproduc4_2_1_, orderitems0_.quantity as quantity2_2_1_, product1_.idproduct as idproduc1_3_2_, product1_.nameproduct as nameprod2_3_2_, product1_.priceproduct as pricepro3_3_2_, product1_.stockproduct as stockpro4_3_2_ from orderitems orderitems0_ left outer join Product product1_ on orderitems0_.idproduct=product1_.idproduct where orderitems0_.idorder=?
12:53:23.103 [main] DEBUG org.hibernate.loader.plan.exec.process.internal.ResultSetProcessorImpl - Preparing collection intializer : [com.joseph.entity.Order.orderItems#118]
12:53:23.103 [main] DEBUG org.hibernate.engine.loading.internal.CollectionLoadContext - 1 collections were found in result set for role: com.joseph.entity.Order.orderItems
12:53:23.103 [main] DEBUG org.hibernate.engine.loading.internal.CollectionLoadContext - Collection fully initialized: [com.joseph.entity.Order.orderItems#118]
12:53:23.103 [main] DEBUG org.hibernate.engine.loading.internal.CollectionLoadContext - 1 collections initialized for role: com.joseph.entity.Order.orderItems
12:53:23.103 [main] DEBUG org.hibernate.resource.jdbc.internal.ResourceRegistryStandardImpl - HHH000387: ResultSet's statement was not registered
12:53:23.103 [main] DEBUG org.hibernate.loader.collection.plan.AbstractLoadPlanBasedCollectionInitializer - Done loading collection
12:53:23.104 [main] DEBUG org.hibernate.loader.collection.plan.AbstractLoadPlanBasedCollectionInitializer - Loading collection: [com.joseph.entity.Order.orderItems#123]
12:53:23.104 [main] DEBUG org.hibernate.SQL - select orderitems0_.idorder as idorder3_2_0_, orderitems0_.id as id1_2_0_, orderitems0_.id as id1_2_1_, orderitems0_.idorder as idorder3_2_1_, orderitems0_.idproduct as idproduc4_2_1_, orderitems0_.quantity as quantity2_2_1_, product1_.idproduct as idproduc1_3_2_, product1_.nameproduct as nameprod2_3_2_, product1_.priceproduct as pricepro3_3_2_, product1_.stockproduct as stockpro4_3_2_ from orderitems orderitems0_ left outer join Product product1_ on orderitems0_.idproduct=product1_.idproduct where orderitems0_.idorder=?
12:53:23.111 [main] DEBUG org.hibernate.loader.plan.exec.process.internal.ResultSetProcessorImpl - Preparing collection intializer : [com.joseph.entity.Order.orderItems#123]
12:53:23.111 [main] DEBUG org.hibernate.engine.loading.internal.CollectionLoadContext - 1 collections were found in result set for role: com.joseph.entity.Order.orderItems
12:53:23.112 [main] DEBUG org.hibernate.engine.loading.internal.CollectionLoadContext - Collection fully initialized: [com.joseph.entity.Order.orderItems#123]
12:53:23.112 [main] DEBUG org.hibernate.engine.loading.internal.CollectionLoadContext - 1 collections initialized for role: com.joseph.entity.Order.orderItems
12:53:23.112 [main] DEBUG org.hibernate.resource.jdbc.internal.ResourceRegistryStandardImpl - HHH000387: ResultSet's statement was not registered
12:53:23.112 [main] DEBUG org.hibernate.loader.collection.plan.AbstractLoadPlanBasedCollectionInitializer - Done loading collection
12:53:23.112 [main] DEBUG org.hibernate.loader.collection.plan.AbstractLoadPlanBasedCollectionInitializer - Loading collection: [com.joseph.entity.Order.orderItems#122]
12:53:23.112 [main] DEBUG org.hibernate.SQL - select orderitems0_.idorder as idorder3_2_0_, orderitems0_.id as id1_2_0_, orderitems0_.id as id1_2_1_, orderitems0_.idorder as idorder3_2_1_, orderitems0_.idproduct as idproduc4_2_1_, orderitems0_.quantity as quantity2_2_1_, product1_.idproduct as idproduc1_3_2_, product1_.nameproduct as nameprod2_3_2_, product1_.priceproduct as pricepro3_3_2_, product1_.stockproduct as stockpro4_3_2_ from orderitems orderitems0_ left outer join Product product1_ on orderitems0_.idproduct=product1_.idproduct where orderitems0_.idorder=?
12:53:23.114 [main] DEBUG org.hibernate.loader.plan.exec.process.internal.ResultSetProcessorImpl - Preparing collection intializer : [com.joseph.entity.Order.orderItems#122]
12:53:23.114 [main] DEBUG org.hibernate.engine.loading.internal.CollectionLoadContext - 1 collections were found in result set for role: com.joseph.entity.Order.orderItems
12:53:23.114 [main] DEBUG org.hibernate.engine.loading.internal.CollectionLoadContext - Collection fully initialized: [com.joseph.entity.Order.orderItems#122]
12:53:23.114 [main] DEBUG org.hibernate.engine.loading.internal.CollectionLoadContext - 1 collections initialized for role: com.joseph.entity.Order.orderItems
12:53:23.115 [main] DEBUG org.hibernate.resource.jdbc.internal.ResourceRegistryStandardImpl - HHH000387: ResultSet's statement was not registered
12:53:23.115 [main] DEBUG org.hibernate.loader.collection.plan.AbstractLoadPlanBasedCollectionInitializer - Done loading collection
12:53:23.115 [main] DEBUG org.hibernate.loader.collection.plan.AbstractLoadPlanBasedCollectionInitializer - Loading collection: [com.joseph.entity.Order.orderItems#120]
12:53:23.115 [main] DEBUG org.hibernate.SQL - select orderitems0_.idorder as idorder3_2_0_, orderitems0_.id as id1_2_0_, orderitems0_.id as id1_2_1_, orderitems0_.idorder as idorder3_2_1_, orderitems0_.idproduct as idproduc4_2_1_, orderitems0_.quantity as quantity2_2_1_, product1_.idproduct as idproduc1_3_2_, product1_.nameproduct as nameprod2_3_2_, product1_.priceproduct as pricepro3_3_2_, product1_.stockproduct as stockpro4_3_2_ from orderitems orderitems0_ left outer join Product product1_ on orderitems0_.idproduct=product1_.idproduct where orderitems0_.idorder=?
12:53:23.117 [main] DEBUG org.hibernate.loader.plan.exec.process.internal.ResultSetProcessorImpl - Preparing collection intializer : [com.joseph.entity.Order.orderItems#120]
12:53:23.117 [main] DEBUG org.hibernate.engine.loading.internal.CollectionLoadContext - 1 collections were found in result set for role: com.joseph.entity.Order.orderItems
12:53:23.117 [main] DEBUG org.hibernate.engine.loading.internal.CollectionLoadContext - Collection fully initialized: [com.joseph.entity.Order.orderItems#120]
12:53:23.117 [main] DEBUG org.hibernate.engine.loading.internal.CollectionLoadContext - 1 collections initialized for role: com.joseph.entity.Order.orderItems
12:53:23.117 [main] DEBUG org.hibernate.resource.jdbc.internal.ResourceRegistryStandardImpl - HHH000387: ResultSet's statement was not registered
12:53:23.117 [main] DEBUG org.hibernate.loader.collection.plan.AbstractLoadPlanBasedCollectionInitializer - Done loading collection
12:53:23.118 [main] DEBUG org.springframework.orm.jpa.JpaTransactionManager - Initiating transaction commit
12:53:23.118 [main] DEBUG org.springframework.orm.jpa.JpaTransactionManager - Committing JPA transaction on EntityManager [SessionImpl(PersistenceContext[entityKeys=[EntityKey[com.joseph.entity.Client#176], EntityKey[com.joseph.entity.Order#123], EntityKey[com.joseph.entity.Order#122], EntityKey[com.joseph.entity.Order#119], EntityKey[com.joseph.entity.Order#118], EntityKey[com.joseph.entity.Order#121], EntityKey[com.joseph.entity.Order#120]],collectionKeys=[CollectionKey[com.joseph.entity.Order.orderItems#123], CollectionKey[com.joseph.entity.Order.orderItems#122], CollectionKey[com.joseph.entity.Order.orderItems#121], CollectionKey[com.joseph.entity.Order.orderItems#120], CollectionKey[com.joseph.entity.Client.orders#176], CollectionKey[com.joseph.entity.Order.orderItems#119], CollectionKey[com.joseph.entity.Order.orderItems#118]]];ActionQueue[insertions=ExecutableList{size=0} updates=ExecutableList{size=0} deletions=ExecutableList{size=7} orphanRemovals=ExecutableList{size=0} collectionCreations=ExecutableList{size=0} collectionRemovals=ExecutableList{size=0} collectionUpdates=ExecutableList{size=0} collectionQueuedOps=ExecutableList{size=0} unresolvedInsertDependencies=null])]
12:53:23.118 [main] DEBUG org.hibernate.engine.transaction.internal.TransactionImpl - committing
12:53:23.118 [main] DEBUG org.hibernate.event.internal.AbstractFlushingEventListener - Processing flush-time cascades
12:53:23.118 [main] DEBUG org.hibernate.event.internal.AbstractFlushingEventListener - Dirty checking collections
12:53:23.119 [main] DEBUG org.hibernate.engine.internal.Collections - Collection dereferenced: [com.joseph.entity.Client.orders#176]
12:53:23.119 [main] DEBUG org.hibernate.engine.internal.Collections - Collection dereferenced: [com.joseph.entity.Order.orderItems#121]
12:53:23.119 [main] DEBUG org.hibernate.engine.internal.Collections - Collection dereferenced: [com.joseph.entity.Order.orderItems#120]
12:53:23.119 [main] DEBUG org.hibernate.engine.internal.Collections - Collection dereferenced: [com.joseph.entity.Order.orderItems#118]
12:53:23.119 [main] DEBUG org.hibernate.engine.internal.Collections - Collection dereferenced: [com.joseph.entity.Order.orderItems#119]
12:53:23.119 [main] DEBUG org.hibernate.engine.internal.Collections - Collection dereferenced: [com.joseph.entity.Order.orderItems#122]
12:53:23.119 [main] DEBUG org.hibernate.engine.internal.Collections - Collection dereferenced: [com.joseph.entity.Order.orderItems#123]
12:53:23.119 [main] DEBUG org.hibernate.event.internal.AbstractFlushingEventListener - Flushed: 0 insertions, 0 updates, 7 deletions to 7 objects
12:53:23.119 [main] DEBUG org.hibernate.event.internal.AbstractFlushingEventListener - Flushed: 0 (re)creations, 0 updates, 7 removals to 7 collections
12:53:23.119 [main] DEBUG org.hibernate.internal.util.EntityPrinter - Listing entities:
12:53:23.119 [main] DEBUG org.hibernate.internal.util.EntityPrinter - com.joseph.entity.Client{nameclient=null, emailclient=null, orders=[com.joseph.entity.Order#121, com.joseph.entity.Order#119, com.joseph.entity.Order#118, com.joseph.entity.Order#123, com.joseph.entity.Order#122, com.joseph.entity.Order#120], idclient=176}
12:53:23.119 [main] DEBUG org.hibernate.internal.util.EntityPrinter - com.joseph.entity.Order{idorder=123, client=com.joseph.entity.Client#176, dateorder=2022-12-23, orderItems=[], statusorder=INPROGRESS, totalorder=300.0}
12:53:23.120 [main] DEBUG org.hibernate.internal.util.EntityPrinter - com.joseph.entity.Order{idorder=122, client=com.joseph.entity.Client#176, dateorder=2022-12-23, orderItems=[], statusorder=INPROGRESS, totalorder=300.0}
12:53:23.120 [main] DEBUG org.hibernate.internal.util.EntityPrinter - com.joseph.entity.Order{idorder=119, client=com.joseph.entity.Client#176, dateorder=2024-01-04, orderItems=[], statusorder=INPROGRESS, totalorder=300.0}
12:53:23.120 [main] DEBUG org.hibernate.internal.util.EntityPrinter - com.joseph.entity.Order{idorder=118, client=com.joseph.entity.Client#176, dateorder=2024-01-04, orderItems=[], statusorder=INPROGRESS, totalorder=300.0}
12:53:23.120 [main] DEBUG org.hibernate.internal.util.EntityPrinter - com.joseph.entity.Order{idorder=121, client=com.joseph.entity.Client#176, dateorder=2022-12-23, orderItems=[], statusorder=INPROGRESS, totalorder=300.0}
12:53:23.120 [main] DEBUG org.hibernate.internal.util.EntityPrinter - com.joseph.entity.Order{idorder=120, client=com.joseph.entity.Client#176, dateorder=2024-01-04, orderItems=[], statusorder=INPROGRESS, totalorder=300.0}
12:53:23.120 [main] DEBUG org.hibernate.SQL - delete from order_table where idorder=?
12:53:23.121 [main] DEBUG org.hibernate.SQL - delete from order_table where idorder=?
12:53:23.122 [main] DEBUG org.hibernate.SQL - delete from order_table where idorder=?
12:53:23.124 [main] DEBUG org.hibernate.SQL - delete from order_table where idorder=?
12:53:23.125 [main] DEBUG org.hibernate.SQL - delete from order_table where idorder=?
12:53:23.128 [main] DEBUG org.hibernate.SQL - delete from order_table where idorder=?
12:53:23.130 [main] DEBUG org.hibernate.SQL - delete from client where idclient=?
12:53:23.132 [main] DEBUG org.springframework.orm.jpa.JpaTransactionManager - Closing JPA EntityManager [SessionImpl(PersistenceContext[entityKeys=[],collectionKeys=[]];ActionQueue[insertions=ExecutableList{size=0} updates=ExecutableList{size=0} deletions=ExecutableList{size=0} orphanRemovals=ExecutableList{size=0} collectionCreations=ExecutableList{size=0} collectionRemovals=ExecutableList{size=0} collectionUpdates=ExecutableList{size=0} collectionQueuedOps=ExecutableList{size=0} unresolvedInsertDependencies=null])] after transaction
12:53:23.133 [main] DEBUG org.hibernate.engine.jdbc.internal.JdbcCoordinatorImpl - HHH000420: Closing un-released batch
12:53:23.133 [main] DEBUG org.springframework.test.context.cache.DefaultCacheAwareContextLoaderDelegate - Retrieved ApplicationContext [2089016471] from cache with key [[MergedContextConfiguration@27960b1e testClass = OrderServiceImplTest.rapports, locations = '{}', classes = '{class com.joseph.config.PersistenceJPAConfig}', contextInitializerClasses = '[]', activeProfiles = '{}', propertySourceLocations = '{}', propertySourceProperties = '{}', contextCustomizers = set[[empty]], contextLoader = 'org.springframework.test.context.support.DelegatingSmartContextLoader', parent = [null]]]
12:53:23.133 [main] DEBUG org.springframework.test.context.cache - Spring test ApplicationContext cache statistics: [DefaultContextCache@414f87a9 size = 1, maxSize = 32, parentContextCount = 0, hitCount = 96, missCount = 1]
12:53:23.133 [main] DEBUG org.springframework.test.context.support.AbstractDirtiesContextTestExecutionListener - After test method: context [DefaultTestContext@1c046c92 testClass = OrderServiceImplTest.rapports, testInstance = com.joseph.service.Impl.OrderServiceImplTest$rapports@58278366, testMethod = getorderdate2@OrderServiceImplTest.rapports, testException = [null], mergedContextConfiguration = [MergedContextConfiguration@27960b1e testClass = OrderServiceImplTest.rapports, locations = '{}', classes = '{class com.joseph.config.PersistenceJPAConfig}', contextInitializerClasses = '[]', activeProfiles = '{}', propertySourceLocations = '{}', propertySourceProperties = '{}', contextCustomizers = set[[empty]], contextLoader = 'org.springframework.test.context.support.DelegatingSmartContextLoader', parent = [null]], attributes = map[[empty]]], class annotated with @DirtiesContext [false] with mode [null], method annotated with @DirtiesContext [false] with mode [null].
]]></system-out>
  </testcase>
</testsuite>