<?xml version="1.0" encoding="UTF-8"?>
<testsuite xmlns:xsi="http://www.w3.org/2001/XMLSchema-instance" xsi:noNamespaceSchemaLocation="https://maven.apache.org/surefire/maven-surefire-plugin/xsd/surefire-test-report-3.0.xsd" version="3.0" name="com.joseph.service.Impl.OrderServiceImplTest$rapports" time="0.278" tests="6" errors="0" skipped="0" failures="0">
  <properties>
[...]
</properties>
  <testcase name="getOrders" classname="com.joseph.service.Impl.OrderServiceImplTest" time="0.156">
    <system-out><![CDATA[16:39:04.681 [main] DEBUG org.springframework.test.context.BootstrapUtils - Instantiating CacheAwareContextLoaderDelegate from class [org.springframework.test.context.cache.DefaultCacheAwareContextLoaderDelegate]
16:39:04.681 [main] DEBUG org.springframework.test.context.BootstrapUtils - Instantiating BootstrapContext using constructor [public org.springframework.test.context.support.DefaultBootstrapContext(java.lang.Class,org.springframework.test.context.CacheAwareContextLoaderDelegate)]
16:39:04.682 [main] DEBUG org.springframework.test.context.BootstrapUtils - Instantiating TestContextBootstrapper for test class [com.joseph.service.Impl.OrderServiceImplTest] from class [org.springframework.test.context.support.DefaultTestContextBootstrapper]
16:39:04.683 [main] DEBUG org.springframework.test.context.support.AbstractDelegatingSmartContextLoader - Delegating to AnnotationConfigContextLoader to process context configuration [ContextConfigurationAttributes@4ef4f627 declaringClass = 'com.joseph.service.Impl.OrderServiceImplTest', classes = '{class com.joseph.config.PersistenceJPAConfig}', locations = '{}', inheritLocations = true, initializers = '{}', inheritInitializers = true, name = [null], contextLoaderClass = 'org.springframework.test.context.ContextLoader'].
16:39:04.685 [main] DEBUG org.springframework.test.context.support.ActiveProfilesUtils - Could not find an 'annotation declaring class' for annotation type [org.springframework.test.context.ActiveProfiles] and class [com.joseph.service.Impl.OrderServiceImplTest]
16:39:04.685 [main] DEBUG org.springframework.test.context.support.DefaultTestContextBootstrapper - @TestExecutionListeners is not present for class [com.joseph.service.Impl.OrderServiceImplTest]: using defaults.
16:39:04.686 [main] INFO org.springframework.test.context.support.DefaultTestContextBootstrapper - Loaded default TestExecutionListener class names from location [META-INF/spring.factories]: [org.springframework.test.context.web.ServletTestExecutionListener, org.springframework.test.context.support.DirtiesContextBeforeModesTestExecutionListener, org.springframework.test.context.support.DependencyInjectionTestExecutionListener, org.springframework.test.context.support.DirtiesContextTestExecutionListener, org.springframework.test.context.transaction.TransactionalTestExecutionListener, org.springframework.test.context.jdbc.SqlScriptsTestExecutionListener, org.springframework.test.context.event.EventPublishingTestExecutionListener]
16:39:04.686 [main] INFO org.springframework.test.context.support.DefaultTestContextBootstrapper - Using TestExecutionListeners: [org.springframework.test.context.web.ServletTestExecutionListener@4ea56bdb, org.springframework.test.context.support.DirtiesContextBeforeModesTestExecutionListener@32227215, org.springframework.test.context.support.DependencyInjectionTestExecutionListener@108e9837, org.springframework.test.context.support.DirtiesContextTestExecutionListener@79a201cf, org.springframework.test.context.transaction.TransactionalTestExecutionListener@1cbc5693, org.springframework.test.context.jdbc.SqlScriptsTestExecutionListener@3d2f3dcb, org.springframework.test.context.event.EventPublishingTestExecutionListener@59845579]
16:39:04.686 [main] DEBUG org.springframework.test.context.support.AbstractDirtiesContextTestExecutionListener - Before test class: context [DefaultTestContext@30c19bff testClass = OrderServiceImplTest, testInstance = [null], testMethod = [null], testException = [null], mergedContextConfiguration = [MergedContextConfiguration@4e375bba testClass = OrderServiceImplTest, locations = '{}', classes = '{class com.joseph.config.PersistenceJPAConfig}', contextInitializerClasses = '[]', activeProfiles = '{}', propertySourceLocations = '{}', propertySourceProperties = '{}', contextCustomizers = set[[empty]], contextLoader = 'org.springframework.test.context.support.DelegatingSmartContextLoader', parent = [null]], attributes = map[[empty]]], class annotated with @DirtiesContext [false] with mode [null].
16:39:04.686 [main] DEBUG org.springframework.test.context.cache.DefaultCacheAwareContextLoaderDelegate - Retrieved ApplicationContext [270056930] from cache with key [[MergedContextConfiguration@4e375bba testClass = OrderServiceImplTest, locations = '{}', classes = '{class com.joseph.config.PersistenceJPAConfig}', contextInitializerClasses = '[]', activeProfiles = '{}', propertySourceLocations = '{}', propertySourceProperties = '{}', contextCustomizers = set[[empty]], contextLoader = 'org.springframework.test.context.support.DelegatingSmartContextLoader', parent = [null]]]
16:39:04.687 [main] DEBUG org.springframework.test.context.cache - Spring test ApplicationContext cache statistics: [DefaultContextCache@65bb6275 size = 1, maxSize = 32, parentContextCount = 0, hitCount = 55, missCount = 1]
16:39:04.687 [main] DEBUG org.springframework.test.context.support.DependencyInjectionTestExecutionListener - Performing dependency injection for test context [[DefaultTestContext@30c19bff testClass = OrderServiceImplTest, testInstance = com.joseph.service.Impl.OrderServiceImplTest@ab2e6d2, testMethod = [null], testException = [null], mergedContextConfiguration = [MergedContextConfiguration@4e375bba testClass = OrderServiceImplTest, locations = '{}', classes = '{class com.joseph.config.PersistenceJPAConfig}', contextInitializerClasses = '[]', activeProfiles = '{}', propertySourceLocations = '{}', propertySourceProperties = '{}', contextCustomizers = set[[empty]], contextLoader = 'org.springframework.test.context.support.DelegatingSmartContextLoader', parent = [null]], attributes = map[[empty]]]].
16:39:04.687 [main] DEBUG org.springframework.test.context.cache.DefaultCacheAwareContextLoaderDelegate - Retrieved ApplicationContext [270056930] from cache with key [[MergedContextConfiguration@4e375bba testClass = OrderServiceImplTest, locations = '{}', classes = '{class com.joseph.config.PersistenceJPAConfig}', contextInitializerClasses = '[]', activeProfiles = '{}', propertySourceLocations = '{}', propertySourceProperties = '{}', contextCustomizers = set[[empty]], contextLoader = 'org.springframework.test.context.support.DelegatingSmartContextLoader', parent = [null]]]
16:39:04.687 [main] DEBUG org.springframework.test.context.cache - Spring test ApplicationContext cache statistics: [DefaultContextCache@65bb6275 size = 1, maxSize = 32, parentContextCount = 0, hitCount = 56, missCount = 1]
16:39:04.688 [main] DEBUG org.springframework.test.context.cache.DefaultCacheAwareContextLoaderDelegate - Retrieved ApplicationContext [270056930] from cache with key [[MergedContextConfiguration@4e375bba testClass = OrderServiceImplTest, locations = '{}', classes = '{class com.joseph.config.PersistenceJPAConfig}', contextInitializerClasses = '[]', activeProfiles = '{}', propertySourceLocations = '{}', propertySourceProperties = '{}', contextCustomizers = set[[empty]], contextLoader = 'org.springframework.test.context.support.DelegatingSmartContextLoader', parent = [null]]]
16:39:04.688 [main] DEBUG org.springframework.test.context.cache - Spring test ApplicationContext cache statistics: [DefaultContextCache@65bb6275 size = 1, maxSize = 32, parentContextCount = 0, hitCount = 57, missCount = 1]
16:39:04.690 [main] DEBUG org.springframework.test.context.support.AbstractDirtiesContextTestExecutionListener - Before test method: context [DefaultTestContext@30c19bff testClass = OrderServiceImplTest, testInstance = com.joseph.service.Impl.OrderServiceImplTest@ab2e6d2, testMethod = getOrders@OrderServiceImplTest, testException = [null], mergedContextConfiguration = [MergedContextConfiguration@4e375bba testClass = OrderServiceImplTest, locations = '{}', classes = '{class com.joseph.config.PersistenceJPAConfig}', contextInitializerClasses = '[]', activeProfiles = '{}', propertySourceLocations = '{}', propertySourceProperties = '{}', contextCustomizers = set[[empty]], contextLoader = 'org.springframework.test.context.support.DelegatingSmartContextLoader', parent = [null]], attributes = map[[empty]]], class annotated with @DirtiesContext [false] with mode [null], method annotated with @DirtiesContext [false] with mode [null].
16:39:04.691 [main] DEBUG org.springframework.test.context.cache.DefaultCacheAwareContextLoaderDelegate - Retrieved ApplicationContext [270056930] from cache with key [[MergedContextConfiguration@4e375bba testClass = OrderServiceImplTest, locations = '{}', classes = '{class com.joseph.config.PersistenceJPAConfig}', contextInitializerClasses = '[]', activeProfiles = '{}', propertySourceLocations = '{}', propertySourceProperties = '{}', contextCustomizers = set[[empty]], contextLoader = 'org.springframework.test.context.support.DelegatingSmartContextLoader', parent = [null]]]
16:39:04.691 [main] DEBUG org.springframework.test.context.cache - Spring test ApplicationContext cache statistics: [DefaultContextCache@65bb6275 size = 1, maxSize = 32, parentContextCount = 0, hitCount = 58, missCount = 1]
16:39:04.692 [main] DEBUG org.springframework.orm.jpa.JpaTransactionManager - Creating new transaction with name [org.springframework.data.jpa.repository.support.SimpleJpaRepository.deleteAll]: PROPAGATION_REQUIRED,ISOLATION_DEFAULT
16:39:04.692 [main] DEBUG org.springframework.orm.jpa.JpaTransactionManager - Opened new EntityManager [SessionImpl(PersistenceContext[entityKeys=[],collectionKeys=[]];ActionQueue[insertions=ExecutableList{size=0} updates=ExecutableList{size=0} deletions=ExecutableList{size=0} orphanRemovals=ExecutableList{size=0} collectionCreations=ExecutableList{size=0} collectionRemovals=ExecutableList{size=0} collectionUpdates=ExecutableList{size=0} collectionQueuedOps=ExecutableList{size=0} unresolvedInsertDependencies=null])] for JPA transaction
16:39:04.692 [main] DEBUG org.hibernate.engine.transaction.internal.TransactionImpl - begin
16:39:04.692 [main] DEBUG org.springframework.jdbc.datasource.DriverManagerDataSource - Creating new JDBC DriverManager Connection to [jdbc:mysql://localhost:3306/testcraftcore?useSSL=false&useTimezone=true&serverTimezone=UTC]
16:39:04.697 [main] DEBUG org.springframework.orm.jpa.JpaTransactionManager - Exposing JPA transaction as JDBC [org.springframework.orm.jpa.vendor.HibernateJpaDialect$HibernateConnectionHandle@674da77b]
16:39:04.697 [main] DEBUG org.hibernate.query.criteria.internal.CriteriaQueryImpl - Rendered criteria query -> select generatedAlias0 from Client as generatedAlias0
16:39:04.699 [main] DEBUG org.hibernate.SQL - select client0_.idclient as idclient1_0_, client0_.emailclient as emailcli2_0_, client0_.nameclient as nameclie3_0_ from client client0_
16:39:04.701 [main] DEBUG org.springframework.orm.jpa.JpaTransactionManager - Initiating transaction commit
16:39:04.701 [main] DEBUG org.springframework.orm.jpa.JpaTransactionManager - Committing JPA transaction on EntityManager [SessionImpl(PersistenceContext[entityKeys=[],collectionKeys=[]];ActionQueue[insertions=ExecutableList{size=0} updates=ExecutableList{size=0} deletions=ExecutableList{size=0} orphanRemovals=ExecutableList{size=0} collectionCreations=ExecutableList{size=0} collectionRemovals=ExecutableList{size=0} collectionUpdates=ExecutableList{size=0} collectionQueuedOps=ExecutableList{size=0} unresolvedInsertDependencies=null])]
16:39:04.701 [main] DEBUG org.hibernate.engine.transaction.internal.TransactionImpl - committing
16:39:04.703 [main] DEBUG org.springframework.orm.jpa.JpaTransactionManager - Closing JPA EntityManager [SessionImpl(PersistenceContext[entityKeys=[],collectionKeys=[]];ActionQueue[insertions=ExecutableList{size=0} updates=ExecutableList{size=0} deletions=ExecutableList{size=0} orphanRemovals=ExecutableList{size=0} collectionCreations=ExecutableList{size=0} collectionRemovals=ExecutableList{size=0} collectionUpdates=ExecutableList{size=0} collectionQueuedOps=ExecutableList{size=0} unresolvedInsertDependencies=null])] after transaction
16:39:04.704 [main] DEBUG org.springframework.orm.jpa.JpaTransactionManager - Creating new transaction with name [org.springframework.data.jpa.repository.support.SimpleJpaRepository.save]: PROPAGATION_REQUIRED,ISOLATION_DEFAULT
16:39:04.704 [main] DEBUG org.springframework.orm.jpa.JpaTransactionManager - Opened new EntityManager [SessionImpl(PersistenceContext[entityKeys=[],collectionKeys=[]];ActionQueue[insertions=ExecutableList{size=0} updates=ExecutableList{size=0} deletions=ExecutableList{size=0} orphanRemovals=ExecutableList{size=0} collectionCreations=ExecutableList{size=0} collectionRemovals=ExecutableList{size=0} collectionUpdates=ExecutableList{size=0} collectionQueuedOps=ExecutableList{size=0} unresolvedInsertDependencies=null])] for JPA transaction
16:39:04.704 [main] DEBUG org.hibernate.engine.transaction.internal.TransactionImpl - begin
16:39:04.704 [main] DEBUG org.springframework.jdbc.datasource.DriverManagerDataSource - Creating new JDBC DriverManager Connection to [jdbc:mysql://localhost:3306/testcraftcore?useSSL=false&useTimezone=true&serverTimezone=UTC]
16:39:04.709 [main] DEBUG org.springframework.orm.jpa.JpaTransactionManager - Exposing JPA transaction as JDBC [org.springframework.orm.jpa.vendor.HibernateJpaDialect$HibernateConnectionHandle@5e9bbd9d]
16:39:04.709 [main] DEBUG org.hibernate.engine.spi.ActionQueue - Executing identity-insert immediately
16:39:04.709 [main] DEBUG org.hibernate.SQL - insert into client (emailclient, nameclient) values (?, ?)
16:39:04.711 [main] DEBUG org.hibernate.id.IdentifierGeneratorHelper - Natively generated identity: 135
16:39:04.711 [main] DEBUG org.hibernate.resource.jdbc.internal.ResourceRegistryStandardImpl - HHH000387: ResultSet's statement was not registered
16:39:04.711 [main] DEBUG org.springframework.orm.jpa.JpaTransactionManager - Initiating transaction commit
16:39:04.711 [main] DEBUG org.springframework.orm.jpa.JpaTransactionManager - Committing JPA transaction on EntityManager [SessionImpl(PersistenceContext[entityKeys=[EntityKey[com.joseph.entity.Client#135]],collectionKeys=[]];ActionQueue[insertions=ExecutableList{size=0} updates=ExecutableList{size=0} deletions=ExecutableList{size=0} orphanRemovals=ExecutableList{size=0} collectionCreations=ExecutableList{size=0} collectionRemovals=ExecutableList{size=0} collectionUpdates=ExecutableList{size=0} collectionQueuedOps=ExecutableList{size=0} unresolvedInsertDependencies=null])]
16:39:04.711 [main] DEBUG org.hibernate.engine.transaction.internal.TransactionImpl - committing
16:39:04.711 [main] DEBUG org.hibernate.event.internal.AbstractFlushingEventListener - Processing flush-time cascades
16:39:04.711 [main] DEBUG org.hibernate.event.internal.AbstractFlushingEventListener - Dirty checking collections
16:39:04.711 [main] DEBUG org.hibernate.engine.internal.Collections - Collection found: [com.joseph.entity.Client.orders#135], was: [<unreferenced>] (initialized)
16:39:04.711 [main] DEBUG org.hibernate.event.internal.AbstractFlushingEventListener - Flushed: 0 insertions, 0 updates, 0 deletions to 1 objects
16:39:04.711 [main] DEBUG org.hibernate.event.internal.AbstractFlushingEventListener - Flushed: 1 (re)creations, 0 updates, 0 removals to 1 collections
16:39:04.711 [main] DEBUG org.hibernate.internal.util.EntityPrinter - Listing entities:
16:39:04.712 [main] DEBUG org.hibernate.internal.util.EntityPrinter - com.joseph.entity.Client{nameclient=null, emailclient=null, orders=[], idclient=135}
16:39:04.712 [main] DEBUG org.springframework.orm.jpa.JpaTransactionManager - Closing JPA EntityManager [SessionImpl(PersistenceContext[entityKeys=[EntityKey[com.joseph.entity.Client#135]],collectionKeys=[CollectionKey[com.joseph.entity.Client.orders#135]]];ActionQueue[insertions=ExecutableList{size=0} updates=ExecutableList{size=0} deletions=ExecutableList{size=0} orphanRemovals=ExecutableList{size=0} collectionCreations=ExecutableList{size=0} collectionRemovals=ExecutableList{size=0} collectionUpdates=ExecutableList{size=0} collectionQueuedOps=ExecutableList{size=0} unresolvedInsertDependencies=null])] after transaction
16:39:04.713 [main] DEBUG org.springframework.data.repository.core.support.TransactionalRepositoryProxyPostProcessor$CustomAnnotationTransactionAttributeSource - Adding transactional method 'save' with attribute: PROPAGATION_REQUIRED,ISOLATION_DEFAULT
16:39:04.714 [main] DEBUG org.springframework.orm.jpa.JpaTransactionManager - Creating new transaction with name [org.springframework.data.jpa.repository.support.SimpleJpaRepository.save]: PROPAGATION_REQUIRED,ISOLATION_DEFAULT
16:39:04.714 [main] DEBUG org.springframework.orm.jpa.JpaTransactionManager - Opened new EntityManager [SessionImpl(PersistenceContext[entityKeys=[],collectionKeys=[]];ActionQueue[insertions=ExecutableList{size=0} updates=ExecutableList{size=0} deletions=ExecutableList{size=0} orphanRemovals=ExecutableList{size=0} collectionCreations=ExecutableList{size=0} collectionRemovals=ExecutableList{size=0} collectionUpdates=ExecutableList{size=0} collectionQueuedOps=ExecutableList{size=0} unresolvedInsertDependencies=null])] for JPA transaction
16:39:04.714 [main] DEBUG org.hibernate.engine.transaction.internal.TransactionImpl - begin
16:39:04.714 [main] DEBUG org.springframework.jdbc.datasource.DriverManagerDataSource - Creating new JDBC DriverManager Connection to [jdbc:mysql://localhost:3306/testcraftcore?useSSL=false&useTimezone=true&serverTimezone=UTC]
16:39:04.719 [main] DEBUG org.springframework.orm.jpa.JpaTransactionManager - Exposing JPA transaction as JDBC [org.springframework.orm.jpa.vendor.HibernateJpaDialect$HibernateConnectionHandle@2de6f1bc]
16:39:04.721 [main] DEBUG org.hibernate.engine.spi.ActionQueue - Executing identity-insert immediately
16:39:04.721 [main] DEBUG org.hibernate.SQL - insert into order_table (idclient, dateorder, statusorder, totalorder) values (?, ?, ?, ?)
16:39:04.729 [main] DEBUG org.hibernate.id.IdentifierGeneratorHelper - Natively generated identity: 89
16:39:04.729 [main] DEBUG org.hibernate.resource.jdbc.internal.ResourceRegistryStandardImpl - HHH000387: ResultSet's statement was not registered
16:39:04.730 [main] DEBUG org.springframework.orm.jpa.JpaTransactionManager - Initiating transaction commit
16:39:04.730 [main] DEBUG org.springframework.orm.jpa.JpaTransactionManager - Committing JPA transaction on EntityManager [SessionImpl(PersistenceContext[entityKeys=[EntityKey[com.joseph.entity.Order#89]],collectionKeys=[]];ActionQueue[insertions=ExecutableList{size=0} updates=ExecutableList{size=0} deletions=ExecutableList{size=0} orphanRemovals=ExecutableList{size=0} collectionCreations=ExecutableList{size=0} collectionRemovals=ExecutableList{size=0} collectionUpdates=ExecutableList{size=0} collectionQueuedOps=ExecutableList{size=0} unresolvedInsertDependencies=null])]
16:39:04.730 [main] DEBUG org.hibernate.engine.transaction.internal.TransactionImpl - committing
16:39:04.730 [main] DEBUG org.hibernate.event.internal.AbstractFlushingEventListener - Processing flush-time cascades
16:39:04.730 [main] DEBUG org.hibernate.event.internal.AbstractFlushingEventListener - Dirty checking collections
16:39:04.730 [main] DEBUG org.hibernate.engine.internal.Collections - Collection found: [com.joseph.entity.Order.orderItems#89], was: [<unreferenced>] (initialized)
16:39:04.730 [main] DEBUG org.hibernate.event.internal.AbstractFlushingEventListener - Flushed: 0 insertions, 0 updates, 0 deletions to 1 objects
16:39:04.730 [main] DEBUG org.hibernate.event.internal.AbstractFlushingEventListener - Flushed: 1 (re)creations, 0 updates, 0 removals to 1 collections
16:39:04.730 [main] DEBUG org.hibernate.internal.util.EntityPrinter - Listing entities:
16:39:04.731 [main] DEBUG org.hibernate.internal.util.EntityPrinter - com.joseph.entity.Order{idorder=89, client=com.joseph.entity.Client#135, dateorder=2024-01-04, orderItems=[], statusorder=INPROGRESS, totalorder=300.0}
16:39:04.731 [main] DEBUG org.springframework.orm.jpa.JpaTransactionManager - Closing JPA EntityManager [SessionImpl(PersistenceContext[entityKeys=[EntityKey[com.joseph.entity.Order#89]],collectionKeys=[CollectionKey[com.joseph.entity.Order.orderItems#89]]];ActionQueue[insertions=ExecutableList{size=0} updates=ExecutableList{size=0} deletions=ExecutableList{size=0} orphanRemovals=ExecutableList{size=0} collectionCreations=ExecutableList{size=0} collectionRemovals=ExecutableList{size=0} collectionUpdates=ExecutableList{size=0} collectionQueuedOps=ExecutableList{size=0} unresolvedInsertDependencies=null])] after transaction
16:39:04.732 [main] DEBUG org.springframework.orm.jpa.JpaTransactionManager - Creating new transaction with name [org.springframework.data.jpa.repository.support.SimpleJpaRepository.save]: PROPAGATION_REQUIRED,ISOLATION_DEFAULT
16:39:04.733 [main] DEBUG org.springframework.orm.jpa.JpaTransactionManager - Opened new EntityManager [SessionImpl(PersistenceContext[entityKeys=[],collectionKeys=[]];ActionQueue[insertions=ExecutableList{size=0} updates=ExecutableList{size=0} deletions=ExecutableList{size=0} orphanRemovals=ExecutableList{size=0} collectionCreations=ExecutableList{size=0} collectionRemovals=ExecutableList{size=0} collectionUpdates=ExecutableList{size=0} collectionQueuedOps=ExecutableList{size=0} unresolvedInsertDependencies=null])] for JPA transaction
16:39:04.733 [main] DEBUG org.hibernate.engine.transaction.internal.TransactionImpl - begin
16:39:04.733 [main] DEBUG org.springframework.jdbc.datasource.DriverManagerDataSource - Creating new JDBC DriverManager Connection to [jdbc:mysql://localhost:3306/testcraftcore?useSSL=false&useTimezone=true&serverTimezone=UTC]
16:39:04.739 [main] DEBUG org.springframework.orm.jpa.JpaTransactionManager - Exposing JPA transaction as JDBC [org.springframework.orm.jpa.vendor.HibernateJpaDialect$HibernateConnectionHandle@4e80a001]
16:39:04.740 [main] DEBUG org.hibernate.engine.spi.ActionQueue - Executing identity-insert immediately
16:39:04.740 [main] DEBUG org.hibernate.SQL - insert into order_table (idclient, dateorder, statusorder, totalorder) values (?, ?, ?, ?)
16:39:04.742 [main] DEBUG org.hibernate.id.IdentifierGeneratorHelper - Natively generated identity: 90
16:39:04.742 [main] DEBUG org.hibernate.resource.jdbc.internal.ResourceRegistryStandardImpl - HHH000387: ResultSet's statement was not registered
16:39:04.743 [main] DEBUG org.springframework.orm.jpa.JpaTransactionManager - Initiating transaction commit
16:39:04.743 [main] DEBUG org.springframework.orm.jpa.JpaTransactionManager - Committing JPA transaction on EntityManager [SessionImpl(PersistenceContext[entityKeys=[EntityKey[com.joseph.entity.Order#90]],collectionKeys=[]];ActionQueue[insertions=ExecutableList{size=0} updates=ExecutableList{size=0} deletions=ExecutableList{size=0} orphanRemovals=ExecutableList{size=0} collectionCreations=ExecutableList{size=0} collectionRemovals=ExecutableList{size=0} collectionUpdates=ExecutableList{size=0} collectionQueuedOps=ExecutableList{size=0} unresolvedInsertDependencies=null])]
16:39:04.743 [main] DEBUG org.hibernate.engine.transaction.internal.TransactionImpl - committing
16:39:04.743 [main] DEBUG org.hibernate.event.internal.AbstractFlushingEventListener - Processing flush-time cascades
16:39:04.743 [main] DEBUG org.hibernate.event.internal.AbstractFlushingEventListener - Dirty checking collections
16:39:04.743 [main] DEBUG org.hibernate.engine.internal.Collections - Collection found: [com.joseph.entity.Order.orderItems#90], was: [<unreferenced>] (initialized)
16:39:04.743 [main] DEBUG org.hibernate.event.internal.AbstractFlushingEventListener - Flushed: 0 insertions, 0 updates, 0 deletions to 1 objects
16:39:04.743 [main] DEBUG org.hibernate.event.internal.AbstractFlushingEventListener - Flushed: 1 (re)creations, 0 updates, 0 removals to 1 collections
16:39:04.743 [main] DEBUG org.hibernate.internal.util.EntityPrinter - Listing entities:
16:39:04.743 [main] DEBUG org.hibernate.internal.util.EntityPrinter - com.joseph.entity.Order{idorder=90, client=com.joseph.entity.Client#135, dateorder=2024-01-04, orderItems=[], statusorder=INPROGRESS, totalorder=300.0}
16:39:04.744 [main] DEBUG org.springframework.orm.jpa.JpaTransactionManager - Closing JPA EntityManager [SessionImpl(PersistenceContext[entityKeys=[EntityKey[com.joseph.entity.Order#90]],collectionKeys=[CollectionKey[com.joseph.entity.Order.orderItems#90]]];ActionQueue[insertions=ExecutableList{size=0} updates=ExecutableList{size=0} deletions=ExecutableList{size=0} orphanRemovals=ExecutableList{size=0} collectionCreations=ExecutableList{size=0} collectionRemovals=ExecutableList{size=0} collectionUpdates=ExecutableList{size=0} collectionQueuedOps=ExecutableList{size=0} unresolvedInsertDependencies=null])] after transaction
16:39:04.744 [main] DEBUG org.springframework.orm.jpa.JpaTransactionManager - Creating new transaction with name [org.springframework.data.jpa.repository.support.SimpleJpaRepository.save]: PROPAGATION_REQUIRED,ISOLATION_DEFAULT
16:39:04.748 [main] DEBUG org.springframework.orm.jpa.JpaTransactionManager - Opened new EntityManager [SessionImpl(PersistenceContext[entityKeys=[],collectionKeys=[]];ActionQueue[insertions=ExecutableList{size=0} updates=ExecutableList{size=0} deletions=ExecutableList{size=0} orphanRemovals=ExecutableList{size=0} collectionCreations=ExecutableList{size=0} collectionRemovals=ExecutableList{size=0} collectionUpdates=ExecutableList{size=0} collectionQueuedOps=ExecutableList{size=0} unresolvedInsertDependencies=null])] for JPA transaction
16:39:04.748 [main] DEBUG org.hibernate.engine.transaction.internal.TransactionImpl - begin
16:39:04.748 [main] DEBUG org.springframework.jdbc.datasource.DriverManagerDataSource - Creating new JDBC DriverManager Connection to [jdbc:mysql://localhost:3306/testcraftcore?useSSL=false&useTimezone=true&serverTimezone=UTC]
16:39:04.756 [main] DEBUG org.springframework.orm.jpa.JpaTransactionManager - Exposing JPA transaction as JDBC [org.springframework.orm.jpa.vendor.HibernateJpaDialect$HibernateConnectionHandle@1d15c0a1]
16:39:04.756 [main] DEBUG org.hibernate.engine.spi.ActionQueue - Executing identity-insert immediately
16:39:04.756 [main] DEBUG org.hibernate.SQL - insert into order_table (idclient, dateorder, statusorder, totalorder) values (?, ?, ?, ?)
16:39:04.759 [main] DEBUG org.hibernate.id.IdentifierGeneratorHelper - Natively generated identity: 91
16:39:04.759 [main] DEBUG org.hibernate.resource.jdbc.internal.ResourceRegistryStandardImpl - HHH000387: ResultSet's statement was not registered
16:39:04.759 [main] DEBUG org.springframework.orm.jpa.JpaTransactionManager - Initiating transaction commit
16:39:04.759 [main] DEBUG org.springframework.orm.jpa.JpaTransactionManager - Committing JPA transaction on EntityManager [SessionImpl(PersistenceContext[entityKeys=[EntityKey[com.joseph.entity.Order#91]],collectionKeys=[]];ActionQueue[insertions=ExecutableList{size=0} updates=ExecutableList{size=0} deletions=ExecutableList{size=0} orphanRemovals=ExecutableList{size=0} collectionCreations=ExecutableList{size=0} collectionRemovals=ExecutableList{size=0} collectionUpdates=ExecutableList{size=0} collectionQueuedOps=ExecutableList{size=0} unresolvedInsertDependencies=null])]
16:39:04.759 [main] DEBUG org.hibernate.engine.transaction.internal.TransactionImpl - committing
16:39:04.759 [main] DEBUG org.hibernate.event.internal.AbstractFlushingEventListener - Processing flush-time cascades
16:39:04.759 [main] DEBUG org.hibernate.event.internal.AbstractFlushingEventListener - Dirty checking collections
16:39:04.759 [main] DEBUG org.hibernate.engine.internal.Collections - Collection found: [com.joseph.entity.Order.orderItems#91], was: [<unreferenced>] (initialized)
16:39:04.760 [main] DEBUG org.hibernate.event.internal.AbstractFlushingEventListener - Flushed: 0 insertions, 0 updates, 0 deletions to 1 objects
16:39:04.760 [main] DEBUG org.hibernate.event.internal.AbstractFlushingEventListener - Flushed: 1 (re)creations, 0 updates, 0 removals to 1 collections
16:39:04.760 [main] DEBUG org.hibernate.internal.util.EntityPrinter - Listing entities:
16:39:04.760 [main] DEBUG org.hibernate.internal.util.EntityPrinter - com.joseph.entity.Order{idorder=91, client=com.joseph.entity.Client#135, dateorder=2024-01-04, orderItems=[], statusorder=INPROGRESS, totalorder=300.0}
16:39:04.760 [main] DEBUG org.springframework.orm.jpa.JpaTransactionManager - Closing JPA EntityManager [SessionImpl(PersistenceContext[entityKeys=[EntityKey[com.joseph.entity.Order#91]],collectionKeys=[CollectionKey[com.joseph.entity.Order.orderItems#91]]];ActionQueue[insertions=ExecutableList{size=0} updates=ExecutableList{size=0} deletions=ExecutableList{size=0} orphanRemovals=ExecutableList{size=0} collectionCreations=ExecutableList{size=0} collectionRemovals=ExecutableList{size=0} collectionUpdates=ExecutableList{size=0} collectionQueuedOps=ExecutableList{size=0} unresolvedInsertDependencies=null])] after transaction
16:39:04.761 [main] DEBUG org.springframework.test.context.cache.DefaultCacheAwareContextLoaderDelegate - Retrieved ApplicationContext [270056930] from cache with key [[MergedContextConfiguration@4e375bba testClass = OrderServiceImplTest, locations = '{}', classes = '{class com.joseph.config.PersistenceJPAConfig}', contextInitializerClasses = '[]', activeProfiles = '{}', propertySourceLocations = '{}', propertySourceProperties = '{}', contextCustomizers = set[[empty]], contextLoader = 'org.springframework.test.context.support.DelegatingSmartContextLoader', parent = [null]]]
16:39:04.761 [main] DEBUG org.springframework.test.context.cache - Spring test ApplicationContext cache statistics: [DefaultContextCache@65bb6275 size = 1, maxSize = 32, parentContextCount = 0, hitCount = 59, missCount = 1]
16:39:04.761 [main] DEBUG org.springframework.orm.jpa.JpaTransactionManager - Creating new transaction with name [com.joseph.service.Impl.OrderServiceImpl.getOrders]: PROPAGATION_REQUIRED,ISOLATION_DEFAULT
16:39:04.762 [main] DEBUG org.springframework.orm.jpa.JpaTransactionManager - Opened new EntityManager [SessionImpl(PersistenceContext[entityKeys=[],collectionKeys=[]];ActionQueue[insertions=ExecutableList{size=0} updates=ExecutableList{size=0} deletions=ExecutableList{size=0} orphanRemovals=ExecutableList{size=0} collectionCreations=ExecutableList{size=0} collectionRemovals=ExecutableList{size=0} collectionUpdates=ExecutableList{size=0} collectionQueuedOps=ExecutableList{size=0} unresolvedInsertDependencies=null])] for JPA transaction
16:39:04.762 [main] DEBUG org.hibernate.engine.transaction.internal.TransactionImpl - begin
16:39:04.762 [main] DEBUG org.springframework.jdbc.datasource.DriverManagerDataSource - Creating new JDBC DriverManager Connection to [jdbc:mysql://localhost:3306/testcraftcore?useSSL=false&useTimezone=true&serverTimezone=UTC]
16:39:04.766 [main] DEBUG org.springframework.orm.jpa.JpaTransactionManager - Exposing JPA transaction as JDBC [org.springframework.orm.jpa.vendor.HibernateJpaDialect$HibernateConnectionHandle@4d98e41b]
16:39:04.775 [main] DEBUG org.springframework.data.repository.core.support.TransactionalRepositoryProxyPostProcessor$CustomAnnotationTransactionAttributeSource - Adding transactional method 'findAll' with attribute: PROPAGATION_REQUIRED,ISOLATION_DEFAULT,readOnly
16:39:04.775 [main] DEBUG org.springframework.orm.jpa.JpaTransactionManager - Found thread-bound EntityManager [SessionImpl(PersistenceContext[entityKeys=[],collectionKeys=[]];ActionQueue[insertions=ExecutableList{size=0} updates=ExecutableList{size=0} deletions=ExecutableList{size=0} orphanRemovals=ExecutableList{size=0} collectionCreations=ExecutableList{size=0} collectionRemovals=ExecutableList{size=0} collectionUpdates=ExecutableList{size=0} collectionQueuedOps=ExecutableList{size=0} unresolvedInsertDependencies=null])] for JPA transaction
16:39:04.775 [main] DEBUG org.springframework.orm.jpa.JpaTransactionManager - Participating in existing transaction
16:39:04.776 [main] DEBUG org.hibernate.query.criteria.internal.CriteriaQueryImpl - Rendered criteria query -> select generatedAlias0 from Order as generatedAlias0
16:39:04.776 [main] DEBUG org.hibernate.hql.internal.ast.QueryTranslatorImpl - parse() - HQL: select generatedAlias0 from com.joseph.entity.Order as generatedAlias0
16:39:04.776 [main] DEBUG org.hibernate.hql.internal.ast.HqlParser - weakKeywords() : new LT(1) token - ["Order",<108> previously: <41>,line=1,col=47,possibleID=true]
16:39:04.776 [main] DEBUG org.hibernate.hql.internal.ast.ErrorCounter - throwQueryException() : no errors
16:39:04.776 [main] DEBUG org.hibernate.hql.internal.ast.QueryTranslatorImpl - --- HQL AST ---
 \-[QUERY] Node: 'query'
    \-[SELECT_FROM] Node: 'SELECT_FROM'
       +-[FROM] Node: 'from'
       |  \-[RANGE] Node: 'RANGE'
       |     +-[DOT] Node: '.'
       |     |  +-[DOT] Node: '.'
       |     |  |  +-[DOT] Node: '.'
       |     |  |  |  +-[IDENT] Node: 'com'
       |     |  |  |  \-[IDENT] Node: 'joseph'
       |     |  |  \-[IDENT] Node: 'entity'
       |     |  \-[IDENT] Node: 'Order'
       |     \-[ALIAS] Node: 'generatedAlias0'
       \-[SELECT] Node: 'select'
          \-[IDENT] Node: 'generatedAlias0'

16:39:04.778 [main] DEBUG org.hibernate.hql.internal.antlr.HqlSqlBaseWalker - select << begin [level=1, statement=select]
16:39:04.778 [main] DEBUG org.hibernate.hql.internal.ast.tree.FromElement - FromClause{level=1} : com.joseph.entity.Order (generatedAlias0) -> order0_
16:39:04.778 [main] DEBUG org.hibernate.hql.internal.ast.tree.FromReferenceNode - Resolved : generatedAlias0 -> order0_.idorder
16:39:04.778 [main] DEBUG org.hibernate.hql.internal.antlr.HqlSqlBaseWalker - select : finishing up [level=1, statement=select]
16:39:04.778 [main] DEBUG org.hibernate.hql.internal.ast.HqlSqlWalker - processQuery() :  ( SELECT ( {select clause} order0_.idorder ) ( FromClause{level=1} order_table order0_ ) )
16:39:04.778 [main] DEBUG org.hibernate.hql.internal.ast.util.JoinProcessor - Using FROM fragment [order_table order0_]
16:39:04.778 [main] DEBUG org.hibernate.hql.internal.antlr.HqlSqlBaseWalker - select >> end [level=1, statement=select]
16:39:04.778 [main] DEBUG org.hibernate.hql.internal.ast.QueryTranslatorImpl - --- SQL AST ---
 \-[SELECT] QueryNode: 'SELECT'  querySpaces (order_table)
    +-[SELECT_CLAUSE] SelectClause: '{select clause}'
    |  +-[ALIAS_REF] IdentNode: 'order0_.idorder as idorder1_1_' {alias=generatedAlias0, className=com.joseph.entity.Order, tableAlias=order0_}
    |  \-[SQL_TOKEN] SqlFragment: 'order0_.idclient as idclient5_1_, order0_.dateorder as dateorde2_1_, order0_.statusorder as statusor3_1_, order0_.totalorder as totalord4_1_'
    \-[FROM] FromClause: 'from' FromClause{level=1, fromElementCounter=1, fromElements=1, fromElementByClassAlias=[generatedAlias0], fromElementByTableAlias=[order0_], fromElementsByPath=[], collectionJoinFromElementsByPath=[], impliedElements=[]}
       \-[FROM_FRAGMENT] FromElement: 'order_table order0_' FromElement{explicit,not a collection join,not a fetch join,fetch non-lazy properties,classAlias=generatedAlias0,role=null,tableName=order_table,tableAlias=order0_,origin=null,columns={,className=com.joseph.entity.Order}}

16:39:04.778 [main] DEBUG org.hibernate.hql.internal.ast.ErrorCounter - throwQueryException() : no errors
16:39:04.778 [main] DEBUG org.hibernate.hql.internal.ast.QueryTranslatorImpl - HQL: select generatedAlias0 from com.joseph.entity.Order as generatedAlias0
16:39:04.778 [main] DEBUG org.hibernate.hql.internal.ast.QueryTranslatorImpl - SQL: select order0_.idorder as idorder1_1_, order0_.idclient as idclient5_1_, order0_.dateorder as dateorde2_1_, order0_.statusorder as statusor3_1_, order0_.totalorder as totalord4_1_ from order_table order0_
16:39:04.778 [main] DEBUG org.hibernate.hql.internal.ast.ErrorCounter - throwQueryException() : no errors
16:39:04.779 [main] DEBUG org.hibernate.SQL - select order0_.idorder as idorder1_1_, order0_.idclient as idclient5_1_, order0_.dateorder as dateorde2_1_, order0_.statusorder as statusor3_1_, order0_.totalorder as totalord4_1_ from order_table order0_
16:39:04.781 [main] DEBUG org.hibernate.loader.Loader - Result set row: 0
16:39:04.781 [main] DEBUG org.hibernate.loader.Loader - Result row: EntityKey[com.joseph.entity.Order#89]
16:39:04.786 [main] DEBUG org.hibernate.loader.Loader - Result set row: 1
16:39:04.786 [main] DEBUG org.hibernate.loader.Loader - Result row: EntityKey[com.joseph.entity.Order#90]
16:39:04.787 [main] DEBUG org.hibernate.loader.Loader - Result set row: 2
16:39:04.787 [main] DEBUG org.hibernate.loader.Loader - Result row: EntityKey[com.joseph.entity.Order#91]
16:39:04.787 [main] DEBUG org.hibernate.engine.internal.TwoPhaseLoad - Resolving associations for [com.joseph.entity.Order#89]
16:39:04.787 [main] DEBUG org.hibernate.SQL - select client0_.idclient as idclient1_0_0_, client0_.emailclient as emailcli2_0_0_, client0_.nameclient as nameclie3_0_0_ from client client0_ where client0_.idclient=?
16:39:04.789 [main] DEBUG org.hibernate.loader.plan.exec.process.internal.ResultSetProcessorImpl - Starting ResultSet row #0
16:39:04.790 [main] DEBUG org.hibernate.loader.plan.exec.process.internal.EntityReferenceInitializerImpl - On call to EntityIdentifierReaderImpl#resolve, EntityKey was already known; should only happen on root returns with an optional identifier specified
16:39:04.791 [main] DEBUG org.hibernate.engine.internal.TwoPhaseLoad - Resolving associations for [com.joseph.entity.Client#135]
16:39:04.791 [main] DEBUG org.hibernate.engine.internal.TwoPhaseLoad - Done materializing entity [com.joseph.entity.Client#135]
16:39:04.791 [main] DEBUG org.hibernate.resource.jdbc.internal.ResourceRegistryStandardImpl - HHH000387: ResultSet's statement was not registered
16:39:04.791 [main] DEBUG org.hibernate.loader.entity.plan.AbstractLoadPlanBasedEntityLoader - Done entity load : com.joseph.entity.Client#135
16:39:04.791 [main] DEBUG org.hibernate.engine.internal.TwoPhaseLoad - Done materializing entity [com.joseph.entity.Order#89]
16:39:04.791 [main] DEBUG org.hibernate.engine.internal.TwoPhaseLoad - Resolving associations for [com.joseph.entity.Order#90]
16:39:04.791 [main] DEBUG org.hibernate.engine.internal.TwoPhaseLoad - Done materializing entity [com.joseph.entity.Order#90]
16:39:04.791 [main] DEBUG org.hibernate.engine.internal.TwoPhaseLoad - Resolving associations for [com.joseph.entity.Order#91]
16:39:04.792 [main] DEBUG org.hibernate.engine.internal.TwoPhaseLoad - Done materializing entity [com.joseph.entity.Order#91]
16:39:04.792 [main] DEBUG org.springframework.orm.jpa.JpaTransactionManager - Initiating transaction commit
16:39:04.792 [main] DEBUG org.springframework.orm.jpa.JpaTransactionManager - Committing JPA transaction on EntityManager [SessionImpl(PersistenceContext[entityKeys=[EntityKey[com.joseph.entity.Order#91], EntityKey[com.joseph.entity.Order#90], EntityKey[com.joseph.entity.Client#135], EntityKey[com.joseph.entity.Order#89]],collectionKeys=[CollectionKey[com.joseph.entity.Order.orderItems#91], CollectionKey[com.joseph.entity.Order.orderItems#90], CollectionKey[com.joseph.entity.Order.orderItems#89], CollectionKey[com.joseph.entity.Client.orders#135]]];ActionQueue[insertions=ExecutableList{size=0} updates=ExecutableList{size=0} deletions=ExecutableList{size=0} orphanRemovals=ExecutableList{size=0} collectionCreations=ExecutableList{size=0} collectionRemovals=ExecutableList{size=0} collectionUpdates=ExecutableList{size=0} collectionQueuedOps=ExecutableList{size=0} unresolvedInsertDependencies=null])]
16:39:04.792 [main] DEBUG org.hibernate.engine.transaction.internal.TransactionImpl - committing
16:39:04.792 [main] DEBUG org.hibernate.event.internal.AbstractFlushingEventListener - Processing flush-time cascades
16:39:04.792 [main] DEBUG org.hibernate.event.internal.AbstractFlushingEventListener - Dirty checking collections
16:39:04.792 [main] DEBUG org.hibernate.engine.internal.Collections - Collection found: [com.joseph.entity.Order.orderItems#89], was: [com.joseph.entity.Order.orderItems#89] (uninitialized)
16:39:04.792 [main] DEBUG org.hibernate.engine.internal.Collections - Collection found: [com.joseph.entity.Order.orderItems#90], was: [com.joseph.entity.Order.orderItems#90] (uninitialized)
16:39:04.792 [main] DEBUG org.hibernate.engine.internal.Collections - Collection found: [com.joseph.entity.Order.orderItems#91], was: [com.joseph.entity.Order.orderItems#91] (uninitialized)
16:39:04.792 [main] DEBUG org.hibernate.engine.internal.Collections - Collection found: [com.joseph.entity.Client.orders#135], was: [com.joseph.entity.Client.orders#135] (uninitialized)
16:39:04.792 [main] DEBUG org.hibernate.event.internal.AbstractFlushingEventListener - Flushed: 0 insertions, 0 updates, 0 deletions to 4 objects
16:39:04.793 [main] DEBUG org.hibernate.event.internal.AbstractFlushingEventListener - Flushed: 0 (re)creations, 0 updates, 0 removals to 4 collections
16:39:04.793 [main] DEBUG org.hibernate.internal.util.EntityPrinter - Listing entities:
16:39:04.793 [main] DEBUG org.hibernate.internal.util.EntityPrinter - com.joseph.entity.Order{idorder=91, client=com.joseph.entity.Client#135, dateorder=2024-01-04, orderItems=<uninitialized>, statusorder=INPROGRESS, totalorder=300.0}
16:39:04.793 [main] DEBUG org.hibernate.internal.util.EntityPrinter - com.joseph.entity.Order{idorder=90, client=com.joseph.entity.Client#135, dateorder=2024-01-04, orderItems=<uninitialized>, statusorder=INPROGRESS, totalorder=300.0}
16:39:04.793 [main] DEBUG org.hibernate.internal.util.EntityPrinter - com.joseph.entity.Client{nameclient=null, emailclient=null, orders=<uninitialized>, idclient=135}
16:39:04.793 [main] DEBUG org.hibernate.internal.util.EntityPrinter - com.joseph.entity.Order{idorder=89, client=com.joseph.entity.Client#135, dateorder=2024-01-04, orderItems=<uninitialized>, statusorder=INPROGRESS, totalorder=300.0}
16:39:04.793 [main] DEBUG org.springframework.orm.jpa.JpaTransactionManager - Closing JPA EntityManager [SessionImpl(PersistenceContext[entityKeys=[EntityKey[com.joseph.entity.Order#91], EntityKey[com.joseph.entity.Order#90], EntityKey[com.joseph.entity.Client#135], EntityKey[com.joseph.entity.Order#89]],collectionKeys=[CollectionKey[com.joseph.entity.Order.orderItems#91], CollectionKey[com.joseph.entity.Order.orderItems#90], CollectionKey[com.joseph.entity.Order.orderItems#89], CollectionKey[com.joseph.entity.Client.orders#135]]];ActionQueue[insertions=ExecutableList{size=0} updates=ExecutableList{size=0} deletions=ExecutableList{size=0} orphanRemovals=ExecutableList{size=0} collectionCreations=ExecutableList{size=0} collectionRemovals=ExecutableList{size=0} collectionUpdates=ExecutableList{size=0} collectionQueuedOps=ExecutableList{size=0} unresolvedInsertDependencies=null])] after transaction
16:39:04.795 [main] DEBUG org.springframework.test.context.cache.DefaultCacheAwareContextLoaderDelegate - Retrieved ApplicationContext [270056930] from cache with key [[MergedContextConfiguration@4e375bba testClass = OrderServiceImplTest, locations = '{}', classes = '{class com.joseph.config.PersistenceJPAConfig}', contextInitializerClasses = '[]', activeProfiles = '{}', propertySourceLocations = '{}', propertySourceProperties = '{}', contextCustomizers = set[[empty]], contextLoader = 'org.springframework.test.context.support.DelegatingSmartContextLoader', parent = [null]]]
16:39:04.796 [main] DEBUG org.springframework.test.context.cache - Spring test ApplicationContext cache statistics: [DefaultContextCache@65bb6275 size = 1, maxSize = 32, parentContextCount = 0, hitCount = 60, missCount = 1]
16:39:04.796 [main] DEBUG org.springframework.orm.jpa.JpaTransactionManager - Creating new transaction with name [org.springframework.data.jpa.repository.support.SimpleJpaRepository.deleteAll]: PROPAGATION_REQUIRED,ISOLATION_DEFAULT
16:39:04.796 [main] DEBUG org.springframework.orm.jpa.JpaTransactionManager - Opened new EntityManager [SessionImpl(PersistenceContext[entityKeys=[],collectionKeys=[]];ActionQueue[insertions=ExecutableList{size=0} updates=ExecutableList{size=0} deletions=ExecutableList{size=0} orphanRemovals=ExecutableList{size=0} collectionCreations=ExecutableList{size=0} collectionRemovals=ExecutableList{size=0} collectionUpdates=ExecutableList{size=0} collectionQueuedOps=ExecutableList{size=0} unresolvedInsertDependencies=null])] for JPA transaction
16:39:04.796 [main] DEBUG org.hibernate.engine.transaction.internal.TransactionImpl - begin
16:39:04.796 [main] DEBUG org.springframework.jdbc.datasource.DriverManagerDataSource - Creating new JDBC DriverManager Connection to [jdbc:mysql://localhost:3306/testcraftcore?useSSL=false&useTimezone=true&serverTimezone=UTC]
16:39:04.806 [main] DEBUG org.springframework.orm.jpa.JpaTransactionManager - Exposing JPA transaction as JDBC [org.springframework.orm.jpa.vendor.HibernateJpaDialect$HibernateConnectionHandle@415d88de]
16:39:04.806 [main] DEBUG org.hibernate.query.criteria.internal.CriteriaQueryImpl - Rendered criteria query -> select generatedAlias0 from Client as generatedAlias0
16:39:04.807 [main] DEBUG org.hibernate.SQL - select client0_.idclient as idclient1_0_, client0_.emailclient as emailcli2_0_, client0_.nameclient as nameclie3_0_ from client client0_
16:39:04.807 [main] DEBUG org.hibernate.loader.Loader - Result set row: 0
16:39:04.807 [main] DEBUG org.hibernate.loader.Loader - Result row: EntityKey[com.joseph.entity.Client#135]
16:39:04.809 [main] DEBUG org.hibernate.engine.internal.TwoPhaseLoad - Resolving associations for [com.joseph.entity.Client#135]
16:39:04.809 [main] DEBUG org.hibernate.engine.internal.TwoPhaseLoad - Done materializing entity [com.joseph.entity.Client#135]
16:39:04.809 [main] DEBUG org.hibernate.loader.collection.plan.AbstractLoadPlanBasedCollectionInitializer - Loading collection: [com.joseph.entity.Client.orders#135]
16:39:04.809 [main] DEBUG org.hibernate.SQL - select orders0_.idclient as idclient5_1_0_, orders0_.idorder as idorder1_1_0_, orders0_.idorder as idorder1_1_1_, orders0_.idclient as idclient5_1_1_, orders0_.dateorder as dateorde2_1_1_, orders0_.statusorder as statusor3_1_1_, orders0_.totalorder as totalord4_1_1_ from order_table orders0_ where orders0_.idclient=?
16:39:04.810 [main] DEBUG org.hibernate.loader.plan.exec.process.internal.ResultSetProcessorImpl - Preparing collection intializer : [com.joseph.entity.Client.orders#135]
16:39:04.811 [main] DEBUG org.hibernate.loader.plan.exec.process.internal.ResultSetProcessorImpl - Starting ResultSet row #0
16:39:04.811 [main] DEBUG org.hibernate.loader.plan.exec.process.internal.CollectionReferenceInitializerImpl - Found row of collection: [com.joseph.entity.Client.orders#135]
16:39:04.812 [main] DEBUG org.hibernate.loader.plan.exec.process.internal.ResultSetProcessorImpl - Starting ResultSet row #1
16:39:04.812 [main] DEBUG org.hibernate.loader.plan.exec.process.internal.CollectionReferenceInitializerImpl - Found row of collection: [com.joseph.entity.Client.orders#135]
16:39:04.812 [main] DEBUG org.hibernate.loader.plan.exec.process.internal.ResultSetProcessorImpl - Starting ResultSet row #2
16:39:04.812 [main] DEBUG org.hibernate.loader.plan.exec.process.internal.CollectionReferenceInitializerImpl - Found row of collection: [com.joseph.entity.Client.orders#135]
16:39:04.812 [main] DEBUG org.hibernate.engine.internal.TwoPhaseLoad - Resolving associations for [com.joseph.entity.Order#89]
16:39:04.813 [main] DEBUG org.hibernate.engine.internal.TwoPhaseLoad - Done materializing entity [com.joseph.entity.Order#89]
16:39:04.813 [main] DEBUG org.hibernate.engine.internal.TwoPhaseLoad - Resolving associations for [com.joseph.entity.Order#90]
16:39:04.813 [main] DEBUG org.hibernate.engine.internal.TwoPhaseLoad - Done materializing entity [com.joseph.entity.Order#90]
16:39:04.813 [main] DEBUG org.hibernate.engine.internal.TwoPhaseLoad - Resolving associations for [com.joseph.entity.Order#91]
16:39:04.813 [main] DEBUG org.hibernate.engine.internal.TwoPhaseLoad - Done materializing entity [com.joseph.entity.Order#91]
16:39:04.813 [main] DEBUG org.hibernate.engine.loading.internal.CollectionLoadContext - 1 collections were found in result set for role: com.joseph.entity.Client.orders
16:39:04.813 [main] DEBUG org.hibernate.engine.loading.internal.CollectionLoadContext - Collection fully initialized: [com.joseph.entity.Client.orders#135]
16:39:04.813 [main] DEBUG org.hibernate.engine.loading.internal.CollectionLoadContext - 1 collections initialized for role: com.joseph.entity.Client.orders
16:39:04.814 [main] DEBUG org.hibernate.resource.jdbc.internal.ResourceRegistryStandardImpl - HHH000387: ResultSet's statement was not registered
16:39:04.814 [main] DEBUG org.hibernate.loader.collection.plan.AbstractLoadPlanBasedCollectionInitializer - Done loading collection
16:39:04.814 [main] DEBUG org.hibernate.loader.collection.plan.AbstractLoadPlanBasedCollectionInitializer - Loading collection: [com.joseph.entity.Order.orderItems#89]
16:39:04.814 [main] DEBUG org.hibernate.SQL - select orderitems0_.idorder as idorder3_2_0_, orderitems0_.id as id1_2_0_, orderitems0_.id as id1_2_1_, orderitems0_.idorder as idorder3_2_1_, orderitems0_.idproduct as idproduc4_2_1_, orderitems0_.quantity as quantity2_2_1_, product1_.idproduct as idproduc1_3_2_, product1_.nameproduct as nameprod2_3_2_, product1_.priceproduct as pricepro3_3_2_, product1_.stockproduct as stockpro4_3_2_ from orderitems orderitems0_ left outer join Product product1_ on orderitems0_.idproduct=product1_.idproduct where orderitems0_.idorder=?
16:39:04.820 [main] DEBUG org.hibernate.loader.plan.exec.process.internal.ResultSetProcessorImpl - Preparing collection intializer : [com.joseph.entity.Order.orderItems#89]
16:39:04.820 [main] DEBUG org.hibernate.engine.loading.internal.CollectionLoadContext - 1 collections were found in result set for role: com.joseph.entity.Order.orderItems
16:39:04.820 [main] DEBUG org.hibernate.engine.loading.internal.CollectionLoadContext - Collection fully initialized: [com.joseph.entity.Order.orderItems#89]
16:39:04.820 [main] DEBUG org.hibernate.engine.loading.internal.CollectionLoadContext - 1 collections initialized for role: com.joseph.entity.Order.orderItems
16:39:04.820 [main] DEBUG org.hibernate.resource.jdbc.internal.ResourceRegistryStandardImpl - HHH000387: ResultSet's statement was not registered
16:39:04.820 [main] DEBUG org.hibernate.loader.collection.plan.AbstractLoadPlanBasedCollectionInitializer - Done loading collection
16:39:04.821 [main] DEBUG org.hibernate.loader.collection.plan.AbstractLoadPlanBasedCollectionInitializer - Loading collection: [com.joseph.entity.Order.orderItems#90]
16:39:04.821 [main] DEBUG org.hibernate.SQL - select orderitems0_.idorder as idorder3_2_0_, orderitems0_.id as id1_2_0_, orderitems0_.id as id1_2_1_, orderitems0_.idorder as idorder3_2_1_, orderitems0_.idproduct as idproduc4_2_1_, orderitems0_.quantity as quantity2_2_1_, product1_.idproduct as idproduc1_3_2_, product1_.nameproduct as nameprod2_3_2_, product1_.priceproduct as pricepro3_3_2_, product1_.stockproduct as stockpro4_3_2_ from orderitems orderitems0_ left outer join Product product1_ on orderitems0_.idproduct=product1_.idproduct where orderitems0_.idorder=?
16:39:04.822 [main] DEBUG org.hibernate.loader.plan.exec.process.internal.ResultSetProcessorImpl - Preparing collection intializer : [com.joseph.entity.Order.orderItems#90]
16:39:04.822 [main] DEBUG org.hibernate.engine.loading.internal.CollectionLoadContext - 1 collections were found in result set for role: com.joseph.entity.Order.orderItems
16:39:04.822 [main] DEBUG org.hibernate.engine.loading.internal.CollectionLoadContext - Collection fully initialized: [com.joseph.entity.Order.orderItems#90]
16:39:04.822 [main] DEBUG org.hibernate.engine.loading.internal.CollectionLoadContext - 1 collections initialized for role: com.joseph.entity.Order.orderItems
16:39:04.822 [main] DEBUG org.hibernate.resource.jdbc.internal.ResourceRegistryStandardImpl - HHH000387: ResultSet's statement was not registered
16:39:04.822 [main] DEBUG org.hibernate.loader.collection.plan.AbstractLoadPlanBasedCollectionInitializer - Done loading collection
16:39:04.823 [main] DEBUG org.hibernate.loader.collection.plan.AbstractLoadPlanBasedCollectionInitializer - Loading collection: [com.joseph.entity.Order.orderItems#91]
16:39:04.823 [main] DEBUG org.hibernate.SQL - select orderitems0_.idorder as idorder3_2_0_, orderitems0_.id as id1_2_0_, orderitems0_.id as id1_2_1_, orderitems0_.idorder as idorder3_2_1_, orderitems0_.idproduct as idproduc4_2_1_, orderitems0_.quantity as quantity2_2_1_, product1_.idproduct as idproduc1_3_2_, product1_.nameproduct as nameprod2_3_2_, product1_.priceproduct as pricepro3_3_2_, product1_.stockproduct as stockpro4_3_2_ from orderitems orderitems0_ left outer join Product product1_ on orderitems0_.idproduct=product1_.idproduct where orderitems0_.idorder=?
16:39:04.824 [main] DEBUG org.hibernate.loader.plan.exec.process.internal.ResultSetProcessorImpl - Preparing collection intializer : [com.joseph.entity.Order.orderItems#91]
16:39:04.824 [main] DEBUG org.hibernate.engine.loading.internal.CollectionLoadContext - 1 collections were found in result set for role: com.joseph.entity.Order.orderItems
16:39:04.824 [main] DEBUG org.hibernate.engine.loading.internal.CollectionLoadContext - Collection fully initialized: [com.joseph.entity.Order.orderItems#91]
16:39:04.824 [main] DEBUG org.hibernate.engine.loading.internal.CollectionLoadContext - 1 collections initialized for role: com.joseph.entity.Order.orderItems
16:39:04.824 [main] DEBUG org.hibernate.resource.jdbc.internal.ResourceRegistryStandardImpl - HHH000387: ResultSet's statement was not registered
16:39:04.824 [main] DEBUG org.hibernate.loader.collection.plan.AbstractLoadPlanBasedCollectionInitializer - Done loading collection
16:39:04.824 [main] DEBUG org.springframework.orm.jpa.JpaTransactionManager - Initiating transaction commit
16:39:04.824 [main] DEBUG org.springframework.orm.jpa.JpaTransactionManager - Committing JPA transaction on EntityManager [SessionImpl(PersistenceContext[entityKeys=[EntityKey[com.joseph.entity.Order#91], EntityKey[com.joseph.entity.Client#135], EntityKey[com.joseph.entity.Order#90], EntityKey[com.joseph.entity.Order#89]],collectionKeys=[CollectionKey[com.joseph.entity.Order.orderItems#91], CollectionKey[com.joseph.entity.Order.orderItems#90], CollectionKey[com.joseph.entity.Order.orderItems#89], CollectionKey[com.joseph.entity.Client.orders#135]]];ActionQueue[insertions=ExecutableList{size=0} updates=ExecutableList{size=0} deletions=ExecutableList{size=4} orphanRemovals=ExecutableList{size=0} collectionCreations=ExecutableList{size=0} collectionRemovals=ExecutableList{size=0} collectionUpdates=ExecutableList{size=0} collectionQueuedOps=ExecutableList{size=0} unresolvedInsertDependencies=null])]
16:39:04.824 [main] DEBUG org.hibernate.engine.transaction.internal.TransactionImpl - committing
16:39:04.825 [main] DEBUG org.hibernate.event.internal.AbstractFlushingEventListener - Processing flush-time cascades
16:39:04.825 [main] DEBUG org.hibernate.event.internal.AbstractFlushingEventListener - Dirty checking collections
16:39:04.825 [main] DEBUG org.hibernate.engine.internal.Collections - Collection dereferenced: [com.joseph.entity.Client.orders#135]
16:39:04.825 [main] DEBUG org.hibernate.engine.internal.Collections - Collection dereferenced: [com.joseph.entity.Order.orderItems#89]
16:39:04.825 [main] DEBUG org.hibernate.engine.internal.Collections - Collection dereferenced: [com.joseph.entity.Order.orderItems#90]
16:39:04.838 [main] DEBUG org.hibernate.engine.internal.Collections - Collection dereferenced: [com.joseph.entity.Order.orderItems#91]
16:39:04.838 [main] DEBUG org.hibernate.event.internal.AbstractFlushingEventListener - Flushed: 0 insertions, 0 updates, 4 deletions to 4 objects
16:39:04.838 [main] DEBUG org.hibernate.event.internal.AbstractFlushingEventListener - Flushed: 0 (re)creations, 0 updates, 4 removals to 4 collections
16:39:04.838 [main] DEBUG org.hibernate.internal.util.EntityPrinter - Listing entities:
16:39:04.838 [main] DEBUG org.hibernate.internal.util.EntityPrinter - com.joseph.entity.Order{idorder=91, client=com.joseph.entity.Client#135, dateorder=2024-01-04, orderItems=[], statusorder=INPROGRESS, totalorder=300.0}
16:39:04.838 [main] DEBUG org.hibernate.internal.util.EntityPrinter - com.joseph.entity.Client{nameclient=null, emailclient=null, orders=[com.joseph.entity.Order#89, com.joseph.entity.Order#90, com.joseph.entity.Order#91], idclient=135}
16:39:04.838 [main] DEBUG org.hibernate.internal.util.EntityPrinter - com.joseph.entity.Order{idorder=90, client=com.joseph.entity.Client#135, dateorder=2024-01-04, orderItems=[], statusorder=INPROGRESS, totalorder=300.0}
16:39:04.838 [main] DEBUG org.hibernate.internal.util.EntityPrinter - com.joseph.entity.Order{idorder=89, client=com.joseph.entity.Client#135, dateorder=2024-01-04, orderItems=[], statusorder=INPROGRESS, totalorder=300.0}
16:39:04.838 [main] DEBUG org.hibernate.SQL - delete from order_table where idorder=?
16:39:04.840 [main] DEBUG org.hibernate.SQL - delete from order_table where idorder=?
16:39:04.841 [main] DEBUG org.hibernate.SQL - delete from order_table where idorder=?
16:39:04.841 [main] DEBUG org.hibernate.SQL - delete from client where idclient=?
16:39:04.844 [main] DEBUG org.springframework.orm.jpa.JpaTransactionManager - Closing JPA EntityManager [SessionImpl(PersistenceContext[entityKeys=[],collectionKeys=[]];ActionQueue[insertions=ExecutableList{size=0} updates=ExecutableList{size=0} deletions=ExecutableList{size=0} orphanRemovals=ExecutableList{size=0} collectionCreations=ExecutableList{size=0} collectionRemovals=ExecutableList{size=0} collectionUpdates=ExecutableList{size=0} collectionQueuedOps=ExecutableList{size=0} unresolvedInsertDependencies=null])] after transaction
16:39:04.844 [main] DEBUG org.hibernate.engine.jdbc.internal.JdbcCoordinatorImpl - HHH000420: Closing un-released batch
16:39:04.844 [main] DEBUG org.springframework.test.context.cache.DefaultCacheAwareContextLoaderDelegate - Retrieved ApplicationContext [270056930] from cache with key [[MergedContextConfiguration@4e375bba testClass = OrderServiceImplTest, locations = '{}', classes = '{class com.joseph.config.PersistenceJPAConfig}', contextInitializerClasses = '[]', activeProfiles = '{}', propertySourceLocations = '{}', propertySourceProperties = '{}', contextCustomizers = set[[empty]], contextLoader = 'org.springframework.test.context.support.DelegatingSmartContextLoader', parent = [null]]]
16:39:04.844 [main] DEBUG org.springframework.test.context.cache - Spring test ApplicationContext cache statistics: [DefaultContextCache@65bb6275 size = 1, maxSize = 32, parentContextCount = 0, hitCount = 61, missCount = 1]
16:39:04.845 [main] DEBUG org.springframework.test.context.support.AbstractDirtiesContextTestExecutionListener - After test method: context [DefaultTestContext@30c19bff testClass = OrderServiceImplTest, testInstance = com.joseph.service.Impl.OrderServiceImplTest@ab2e6d2, testMethod = getOrders@OrderServiceImplTest, testException = [null], mergedContextConfiguration = [MergedContextConfiguration@4e375bba testClass = OrderServiceImplTest, locations = '{}', classes = '{class com.joseph.config.PersistenceJPAConfig}', contextInitializerClasses = '[]', activeProfiles = '{}', propertySourceLocations = '{}', propertySourceProperties = '{}', contextCustomizers = set[[empty]], contextLoader = 'org.springframework.test.context.support.DelegatingSmartContextLoader', parent = [null]], attributes = map[[empty]]], class annotated with @DirtiesContext [false] with mode [null], method annotated with @DirtiesContext [false] with mode [null].
]]></system-out>
  </testcase>
  <testcase name="testdeleteOrder" classname="com.joseph.service.Impl.OrderServiceImplTest" time="0.136">
    <system-out><![CDATA[16:39:04.846 [main] DEBUG org.springframework.test.context.support.DependencyInjectionTestExecutionListener - Performing dependency injection for test context [[DefaultTestContext@30c19bff testClass = OrderServiceImplTest, testInstance = com.joseph.service.Impl.OrderServiceImplTest@7a083b96, testMethod = [null], testException = [null], mergedContextConfiguration = [MergedContextConfiguration@4e375bba testClass = OrderServiceImplTest, locations = '{}', classes = '{class com.joseph.config.PersistenceJPAConfig}', contextInitializerClasses = '[]', activeProfiles = '{}', propertySourceLocations = '{}', propertySourceProperties = '{}', contextCustomizers = set[[empty]], contextLoader = 'org.springframework.test.context.support.DelegatingSmartContextLoader', parent = [null]], attributes = map[[empty]]]].
16:39:04.846 [main] DEBUG org.springframework.test.context.cache.DefaultCacheAwareContextLoaderDelegate - Retrieved ApplicationContext [270056930] from cache with key [[MergedContextConfiguration@4e375bba testClass = OrderServiceImplTest, locations = '{}', classes = '{class com.joseph.config.PersistenceJPAConfig}', contextInitializerClasses = '[]', activeProfiles = '{}', propertySourceLocations = '{}', propertySourceProperties = '{}', contextCustomizers = set[[empty]], contextLoader = 'org.springframework.test.context.support.DelegatingSmartContextLoader', parent = [null]]]
16:39:04.846 [main] DEBUG org.springframework.test.context.cache - Spring test ApplicationContext cache statistics: [DefaultContextCache@65bb6275 size = 1, maxSize = 32, parentContextCount = 0, hitCount = 62, missCount = 1]
16:39:04.847 [main] DEBUG org.springframework.test.context.cache.DefaultCacheAwareContextLoaderDelegate - Retrieved ApplicationContext [270056930] from cache with key [[MergedContextConfiguration@4e375bba testClass = OrderServiceImplTest, locations = '{}', classes = '{class com.joseph.config.PersistenceJPAConfig}', contextInitializerClasses = '[]', activeProfiles = '{}', propertySourceLocations = '{}', propertySourceProperties = '{}', contextCustomizers = set[[empty]], contextLoader = 'org.springframework.test.context.support.DelegatingSmartContextLoader', parent = [null]]]
16:39:04.847 [main] DEBUG org.springframework.test.context.cache - Spring test ApplicationContext cache statistics: [DefaultContextCache@65bb6275 size = 1, maxSize = 32, parentContextCount = 0, hitCount = 63, missCount = 1]
16:39:04.848 [main] DEBUG org.springframework.test.context.support.AbstractDirtiesContextTestExecutionListener - Before test method: context [DefaultTestContext@30c19bff testClass = OrderServiceImplTest, testInstance = com.joseph.service.Impl.OrderServiceImplTest@7a083b96, testMethod = testdeleteOrder@OrderServiceImplTest, testException = [null], mergedContextConfiguration = [MergedContextConfiguration@4e375bba testClass = OrderServiceImplTest, locations = '{}', classes = '{class com.joseph.config.PersistenceJPAConfig}', contextInitializerClasses = '[]', activeProfiles = '{}', propertySourceLocations = '{}', propertySourceProperties = '{}', contextCustomizers = set[[empty]], contextLoader = 'org.springframework.test.context.support.DelegatingSmartContextLoader', parent = [null]], attributes = map[[empty]]], class annotated with @DirtiesContext [false] with mode [null], method annotated with @DirtiesContext [false] with mode [null].
16:39:04.849 [main] DEBUG org.springframework.test.context.cache.DefaultCacheAwareContextLoaderDelegate - Retrieved ApplicationContext [270056930] from cache with key [[MergedContextConfiguration@4e375bba testClass = OrderServiceImplTest, locations = '{}', classes = '{class com.joseph.config.PersistenceJPAConfig}', contextInitializerClasses = '[]', activeProfiles = '{}', propertySourceLocations = '{}', propertySourceProperties = '{}', contextCustomizers = set[[empty]], contextLoader = 'org.springframework.test.context.support.DelegatingSmartContextLoader', parent = [null]]]
16:39:04.849 [main] DEBUG org.springframework.test.context.cache - Spring test ApplicationContext cache statistics: [DefaultContextCache@65bb6275 size = 1, maxSize = 32, parentContextCount = 0, hitCount = 64, missCount = 1]
16:39:04.850 [main] DEBUG org.springframework.orm.jpa.JpaTransactionManager - Creating new transaction with name [org.springframework.data.jpa.repository.support.SimpleJpaRepository.deleteAll]: PROPAGATION_REQUIRED,ISOLATION_DEFAULT
16:39:04.850 [main] DEBUG org.springframework.orm.jpa.JpaTransactionManager - Opened new EntityManager [SessionImpl(PersistenceContext[entityKeys=[],collectionKeys=[]];ActionQueue[insertions=ExecutableList{size=0} updates=ExecutableList{size=0} deletions=ExecutableList{size=0} orphanRemovals=ExecutableList{size=0} collectionCreations=ExecutableList{size=0} collectionRemovals=ExecutableList{size=0} collectionUpdates=ExecutableList{size=0} collectionQueuedOps=ExecutableList{size=0} unresolvedInsertDependencies=null])] for JPA transaction
16:39:04.850 [main] DEBUG org.hibernate.engine.transaction.internal.TransactionImpl - begin
16:39:04.850 [main] DEBUG org.springframework.jdbc.datasource.DriverManagerDataSource - Creating new JDBC DriverManager Connection to [jdbc:mysql://localhost:3306/testcraftcore?useSSL=false&useTimezone=true&serverTimezone=UTC]
16:39:04.857 [main] DEBUG org.springframework.orm.jpa.JpaTransactionManager - Exposing JPA transaction as JDBC [org.springframework.orm.jpa.vendor.HibernateJpaDialect$HibernateConnectionHandle@2c604965]
16:39:04.857 [main] DEBUG org.hibernate.query.criteria.internal.CriteriaQueryImpl - Rendered criteria query -> select generatedAlias0 from Client as generatedAlias0
16:39:04.857 [main] DEBUG org.hibernate.SQL - select client0_.idclient as idclient1_0_, client0_.emailclient as emailcli2_0_, client0_.nameclient as nameclie3_0_ from client client0_
16:39:04.859 [main] DEBUG org.springframework.orm.jpa.JpaTransactionManager - Initiating transaction commit
16:39:04.859 [main] DEBUG org.springframework.orm.jpa.JpaTransactionManager - Committing JPA transaction on EntityManager [SessionImpl(PersistenceContext[entityKeys=[],collectionKeys=[]];ActionQueue[insertions=ExecutableList{size=0} updates=ExecutableList{size=0} deletions=ExecutableList{size=0} orphanRemovals=ExecutableList{size=0} collectionCreations=ExecutableList{size=0} collectionRemovals=ExecutableList{size=0} collectionUpdates=ExecutableList{size=0} collectionQueuedOps=ExecutableList{size=0} unresolvedInsertDependencies=null])]
16:39:04.859 [main] DEBUG org.hibernate.engine.transaction.internal.TransactionImpl - committing
16:39:04.861 [main] DEBUG org.springframework.orm.jpa.JpaTransactionManager - Closing JPA EntityManager [SessionImpl(PersistenceContext[entityKeys=[],collectionKeys=[]];ActionQueue[insertions=ExecutableList{size=0} updates=ExecutableList{size=0} deletions=ExecutableList{size=0} orphanRemovals=ExecutableList{size=0} collectionCreations=ExecutableList{size=0} collectionRemovals=ExecutableList{size=0} collectionUpdates=ExecutableList{size=0} collectionQueuedOps=ExecutableList{size=0} unresolvedInsertDependencies=null])] after transaction
16:39:04.862 [main] DEBUG org.springframework.orm.jpa.JpaTransactionManager - Creating new transaction with name [org.springframework.data.jpa.repository.support.SimpleJpaRepository.save]: PROPAGATION_REQUIRED,ISOLATION_DEFAULT
16:39:04.862 [main] DEBUG org.springframework.orm.jpa.JpaTransactionManager - Opened new EntityManager [SessionImpl(PersistenceContext[entityKeys=[],collectionKeys=[]];ActionQueue[insertions=ExecutableList{size=0} updates=ExecutableList{size=0} deletions=ExecutableList{size=0} orphanRemovals=ExecutableList{size=0} collectionCreations=ExecutableList{size=0} collectionRemovals=ExecutableList{size=0} collectionUpdates=ExecutableList{size=0} collectionQueuedOps=ExecutableList{size=0} unresolvedInsertDependencies=null])] for JPA transaction
16:39:04.863 [main] DEBUG org.hibernate.engine.transaction.internal.TransactionImpl - begin
16:39:04.863 [main] DEBUG org.springframework.jdbc.datasource.DriverManagerDataSource - Creating new JDBC DriverManager Connection to [jdbc:mysql://localhost:3306/testcraftcore?useSSL=false&useTimezone=true&serverTimezone=UTC]
16:39:04.867 [main] DEBUG org.springframework.orm.jpa.JpaTransactionManager - Exposing JPA transaction as JDBC [org.springframework.orm.jpa.vendor.HibernateJpaDialect$HibernateConnectionHandle@1b4872bc]
16:39:04.868 [main] DEBUG org.hibernate.engine.spi.ActionQueue - Executing identity-insert immediately
16:39:04.868 [main] DEBUG org.hibernate.SQL - insert into client (emailclient, nameclient) values (?, ?)
16:39:04.869 [main] DEBUG org.hibernate.id.IdentifierGeneratorHelper - Natively generated identity: 136
16:39:04.869 [main] DEBUG org.hibernate.resource.jdbc.internal.ResourceRegistryStandardImpl - HHH000387: ResultSet's statement was not registered
16:39:04.870 [main] DEBUG org.springframework.orm.jpa.JpaTransactionManager - Initiating transaction commit
16:39:04.870 [main] DEBUG org.springframework.orm.jpa.JpaTransactionManager - Committing JPA transaction on EntityManager [SessionImpl(PersistenceContext[entityKeys=[EntityKey[com.joseph.entity.Client#136]],collectionKeys=[]];ActionQueue[insertions=ExecutableList{size=0} updates=ExecutableList{size=0} deletions=ExecutableList{size=0} orphanRemovals=ExecutableList{size=0} collectionCreations=ExecutableList{size=0} collectionRemovals=ExecutableList{size=0} collectionUpdates=ExecutableList{size=0} collectionQueuedOps=ExecutableList{size=0} unresolvedInsertDependencies=null])]
16:39:04.870 [main] DEBUG org.hibernate.engine.transaction.internal.TransactionImpl - committing
16:39:04.870 [main] DEBUG org.hibernate.event.internal.AbstractFlushingEventListener - Processing flush-time cascades
16:39:04.870 [main] DEBUG org.hibernate.event.internal.AbstractFlushingEventListener - Dirty checking collections
16:39:04.870 [main] DEBUG org.hibernate.engine.internal.Collections - Collection found: [com.joseph.entity.Client.orders#136], was: [<unreferenced>] (initialized)
16:39:04.870 [main] DEBUG org.hibernate.event.internal.AbstractFlushingEventListener - Flushed: 0 insertions, 0 updates, 0 deletions to 1 objects
16:39:04.870 [main] DEBUG org.hibernate.event.internal.AbstractFlushingEventListener - Flushed: 1 (re)creations, 0 updates, 0 removals to 1 collections
16:39:04.870 [main] DEBUG org.hibernate.internal.util.EntityPrinter - Listing entities:
16:39:04.870 [main] DEBUG org.hibernate.internal.util.EntityPrinter - com.joseph.entity.Client{nameclient=null, emailclient=null, orders=[], idclient=136}
16:39:04.871 [main] DEBUG org.springframework.orm.jpa.JpaTransactionManager - Closing JPA EntityManager [SessionImpl(PersistenceContext[entityKeys=[EntityKey[com.joseph.entity.Client#136]],collectionKeys=[CollectionKey[com.joseph.entity.Client.orders#136]]];ActionQueue[insertions=ExecutableList{size=0} updates=ExecutableList{size=0} deletions=ExecutableList{size=0} orphanRemovals=ExecutableList{size=0} collectionCreations=ExecutableList{size=0} collectionRemovals=ExecutableList{size=0} collectionUpdates=ExecutableList{size=0} collectionQueuedOps=ExecutableList{size=0} unresolvedInsertDependencies=null])] after transaction
16:39:04.872 [main] DEBUG org.springframework.orm.jpa.JpaTransactionManager - Creating new transaction with name [org.springframework.data.jpa.repository.support.SimpleJpaRepository.save]: PROPAGATION_REQUIRED,ISOLATION_DEFAULT
16:39:04.872 [main] DEBUG org.springframework.orm.jpa.JpaTransactionManager - Opened new EntityManager [SessionImpl(PersistenceContext[entityKeys=[],collectionKeys=[]];ActionQueue[insertions=ExecutableList{size=0} updates=ExecutableList{size=0} deletions=ExecutableList{size=0} orphanRemovals=ExecutableList{size=0} collectionCreations=ExecutableList{size=0} collectionRemovals=ExecutableList{size=0} collectionUpdates=ExecutableList{size=0} collectionQueuedOps=ExecutableList{size=0} unresolvedInsertDependencies=null])] for JPA transaction
16:39:04.872 [main] DEBUG org.hibernate.engine.transaction.internal.TransactionImpl - begin
16:39:04.872 [main] DEBUG org.springframework.jdbc.datasource.DriverManagerDataSource - Creating new JDBC DriverManager Connection to [jdbc:mysql://localhost:3306/testcraftcore?useSSL=false&useTimezone=true&serverTimezone=UTC]
16:39:04.877 [main] DEBUG org.springframework.orm.jpa.JpaTransactionManager - Exposing JPA transaction as JDBC [org.springframework.orm.jpa.vendor.HibernateJpaDialect$HibernateConnectionHandle@226de93c]
16:39:04.878 [main] DEBUG org.hibernate.engine.spi.ActionQueue - Executing identity-insert immediately
16:39:04.878 [main] DEBUG org.hibernate.SQL - insert into order_table (idclient, dateorder, statusorder, totalorder) values (?, ?, ?, ?)
16:39:04.879 [main] DEBUG org.hibernate.id.IdentifierGeneratorHelper - Natively generated identity: 92
16:39:04.879 [main] DEBUG org.hibernate.resource.jdbc.internal.ResourceRegistryStandardImpl - HHH000387: ResultSet's statement was not registered
16:39:04.880 [main] DEBUG org.springframework.orm.jpa.JpaTransactionManager - Initiating transaction commit
16:39:04.880 [main] DEBUG org.springframework.orm.jpa.JpaTransactionManager - Committing JPA transaction on EntityManager [SessionImpl(PersistenceContext[entityKeys=[EntityKey[com.joseph.entity.Order#92]],collectionKeys=[]];ActionQueue[insertions=ExecutableList{size=0} updates=ExecutableList{size=0} deletions=ExecutableList{size=0} orphanRemovals=ExecutableList{size=0} collectionCreations=ExecutableList{size=0} collectionRemovals=ExecutableList{size=0} collectionUpdates=ExecutableList{size=0} collectionQueuedOps=ExecutableList{size=0} unresolvedInsertDependencies=null])]
16:39:04.880 [main] DEBUG org.hibernate.engine.transaction.internal.TransactionImpl - committing
16:39:04.880 [main] DEBUG org.hibernate.event.internal.AbstractFlushingEventListener - Processing flush-time cascades
16:39:04.880 [main] DEBUG org.hibernate.event.internal.AbstractFlushingEventListener - Dirty checking collections
16:39:04.880 [main] DEBUG org.hibernate.engine.internal.Collections - Collection found: [com.joseph.entity.Order.orderItems#92], was: [<unreferenced>] (initialized)
16:39:04.880 [main] DEBUG org.hibernate.event.internal.AbstractFlushingEventListener - Flushed: 0 insertions, 0 updates, 0 deletions to 1 objects
16:39:04.880 [main] DEBUG org.hibernate.event.internal.AbstractFlushingEventListener - Flushed: 1 (re)creations, 0 updates, 0 removals to 1 collections
16:39:04.880 [main] DEBUG org.hibernate.internal.util.EntityPrinter - Listing entities:
16:39:04.880 [main] DEBUG org.hibernate.internal.util.EntityPrinter - com.joseph.entity.Order{idorder=92, client=com.joseph.entity.Client#136, dateorder=2024-01-04, orderItems=[], statusorder=INPROGRESS, totalorder=300.0}
16:39:04.881 [main] DEBUG org.springframework.orm.jpa.JpaTransactionManager - Closing JPA EntityManager [SessionImpl(PersistenceContext[entityKeys=[EntityKey[com.joseph.entity.Order#92]],collectionKeys=[CollectionKey[com.joseph.entity.Order.orderItems#92]]];ActionQueue[insertions=ExecutableList{size=0} updates=ExecutableList{size=0} deletions=ExecutableList{size=0} orphanRemovals=ExecutableList{size=0} collectionCreations=ExecutableList{size=0} collectionRemovals=ExecutableList{size=0} collectionUpdates=ExecutableList{size=0} collectionQueuedOps=ExecutableList{size=0} unresolvedInsertDependencies=null])] after transaction
16:39:04.882 [main] DEBUG org.springframework.orm.jpa.JpaTransactionManager - Creating new transaction with name [org.springframework.data.jpa.repository.support.SimpleJpaRepository.save]: PROPAGATION_REQUIRED,ISOLATION_DEFAULT
16:39:04.883 [main] DEBUG org.springframework.orm.jpa.JpaTransactionManager - Opened new EntityManager [SessionImpl(PersistenceContext[entityKeys=[],collectionKeys=[]];ActionQueue[insertions=ExecutableList{size=0} updates=ExecutableList{size=0} deletions=ExecutableList{size=0} orphanRemovals=ExecutableList{size=0} collectionCreations=ExecutableList{size=0} collectionRemovals=ExecutableList{size=0} collectionUpdates=ExecutableList{size=0} collectionQueuedOps=ExecutableList{size=0} unresolvedInsertDependencies=null])] for JPA transaction
16:39:04.884 [main] DEBUG org.hibernate.engine.transaction.internal.TransactionImpl - begin
16:39:04.884 [main] DEBUG org.springframework.jdbc.datasource.DriverManagerDataSource - Creating new JDBC DriverManager Connection to [jdbc:mysql://localhost:3306/testcraftcore?useSSL=false&useTimezone=true&serverTimezone=UTC]
16:39:04.889 [main] DEBUG org.springframework.orm.jpa.JpaTransactionManager - Exposing JPA transaction as JDBC [org.springframework.orm.jpa.vendor.HibernateJpaDialect$HibernateConnectionHandle@7df6d663]
16:39:04.890 [main] DEBUG org.hibernate.engine.spi.ActionQueue - Executing identity-insert immediately
16:39:04.890 [main] DEBUG org.hibernate.SQL - insert into order_table (idclient, dateorder, statusorder, totalorder) values (?, ?, ?, ?)
16:39:04.891 [main] DEBUG org.hibernate.id.IdentifierGeneratorHelper - Natively generated identity: 93
16:39:04.891 [main] DEBUG org.hibernate.resource.jdbc.internal.ResourceRegistryStandardImpl - HHH000387: ResultSet's statement was not registered
16:39:04.892 [main] DEBUG org.springframework.orm.jpa.JpaTransactionManager - Initiating transaction commit
16:39:04.892 [main] DEBUG org.springframework.orm.jpa.JpaTransactionManager - Committing JPA transaction on EntityManager [SessionImpl(PersistenceContext[entityKeys=[EntityKey[com.joseph.entity.Order#93]],collectionKeys=[]];ActionQueue[insertions=ExecutableList{size=0} updates=ExecutableList{size=0} deletions=ExecutableList{size=0} orphanRemovals=ExecutableList{size=0} collectionCreations=ExecutableList{size=0} collectionRemovals=ExecutableList{size=0} collectionUpdates=ExecutableList{size=0} collectionQueuedOps=ExecutableList{size=0} unresolvedInsertDependencies=null])]
16:39:04.892 [main] DEBUG org.hibernate.engine.transaction.internal.TransactionImpl - committing
16:39:04.892 [main] DEBUG org.hibernate.event.internal.AbstractFlushingEventListener - Processing flush-time cascades
16:39:04.892 [main] DEBUG org.hibernate.event.internal.AbstractFlushingEventListener - Dirty checking collections
16:39:04.892 [main] DEBUG org.hibernate.engine.internal.Collections - Collection found: [com.joseph.entity.Order.orderItems#93], was: [<unreferenced>] (initialized)
16:39:04.892 [main] DEBUG org.hibernate.event.internal.AbstractFlushingEventListener - Flushed: 0 insertions, 0 updates, 0 deletions to 1 objects
16:39:04.892 [main] DEBUG org.hibernate.event.internal.AbstractFlushingEventListener - Flushed: 1 (re)creations, 0 updates, 0 removals to 1 collections
16:39:04.892 [main] DEBUG org.hibernate.internal.util.EntityPrinter - Listing entities:
16:39:04.892 [main] DEBUG org.hibernate.internal.util.EntityPrinter - com.joseph.entity.Order{idorder=93, client=com.joseph.entity.Client#136, dateorder=2024-01-04, orderItems=[], statusorder=INPROGRESS, totalorder=300.0}
16:39:04.893 [main] DEBUG org.springframework.orm.jpa.JpaTransactionManager - Closing JPA EntityManager [SessionImpl(PersistenceContext[entityKeys=[EntityKey[com.joseph.entity.Order#93]],collectionKeys=[CollectionKey[com.joseph.entity.Order.orderItems#93]]];ActionQueue[insertions=ExecutableList{size=0} updates=ExecutableList{size=0} deletions=ExecutableList{size=0} orphanRemovals=ExecutableList{size=0} collectionCreations=ExecutableList{size=0} collectionRemovals=ExecutableList{size=0} collectionUpdates=ExecutableList{size=0} collectionQueuedOps=ExecutableList{size=0} unresolvedInsertDependencies=null])] after transaction
[...]
16:39:05.524 [main] DEBUG org.hibernate.engine.internal.TwoPhaseLoad - Done materializing entity [com.joseph.entity.Order#107]
16:39:05.524 [main] DEBUG org.hibernate.engine.internal.TwoPhaseLoad - Resolving associations for [com.joseph.entity.Order#105]
16:39:05.524 [main] DEBUG org.hibernate.engine.internal.TwoPhaseLoad - Done materializing entity [com.joseph.entity.Order#105]
16:39:05.524 [main] DEBUG org.hibernate.engine.internal.TwoPhaseLoad - Resolving associations for [com.joseph.entity.Order#106]
16:39:05.524 [main] DEBUG org.hibernate.engine.internal.TwoPhaseLoad - Done materializing entity [com.joseph.entity.Order#106]
16:39:05.525 [main] DEBUG org.hibernate.engine.internal.TwoPhaseLoad - Resolving associations for [com.joseph.entity.Order#108]
16:39:05.525 [main] DEBUG org.hibernate.engine.internal.TwoPhaseLoad - Done materializing entity [com.joseph.entity.Order#108]
16:39:05.525 [main] DEBUG org.hibernate.engine.internal.TwoPhaseLoad - Resolving associations for [com.joseph.entity.Order#109]
16:39:05.525 [main] DEBUG org.hibernate.engine.internal.TwoPhaseLoad - Done materializing entity [com.joseph.entity.Order#109]
16:39:05.525 [main] DEBUG org.hibernate.engine.internal.TwoPhaseLoad - Resolving associations for [com.joseph.entity.Order#110]
16:39:05.526 [main] DEBUG org.hibernate.engine.internal.TwoPhaseLoad - Done materializing entity [com.joseph.entity.Order#110]
16:39:05.526 [main] DEBUG org.hibernate.engine.loading.internal.CollectionLoadContext - 1 collections were found in result set for role: com.joseph.entity.Client.orders
16:39:05.526 [main] DEBUG org.hibernate.engine.loading.internal.CollectionLoadContext - Collection fully initialized: [com.joseph.entity.Client.orders#140]
16:39:05.526 [main] DEBUG org.hibernate.engine.loading.internal.CollectionLoadContext - 1 collections initialized for role: com.joseph.entity.Client.orders
16:39:05.526 [main] DEBUG org.hibernate.resource.jdbc.internal.ResourceRegistryStandardImpl - HHH000387: ResultSet's statement was not registered
16:39:05.526 [main] DEBUG org.hibernate.loader.collection.plan.AbstractLoadPlanBasedCollectionInitializer - Done loading collection
16:39:05.526 [main] DEBUG org.hibernate.loader.collection.plan.AbstractLoadPlanBasedCollectionInitializer - Loading collection: [com.joseph.entity.Order.orderItems#108]
16:39:05.526 [main] DEBUG org.hibernate.SQL - select orderitems0_.idorder as idorder3_2_0_, orderitems0_.id as id1_2_0_, orderitems0_.id as id1_2_1_, orderitems0_.idorder as idorder3_2_1_, orderitems0_.idproduct as idproduc4_2_1_, orderitems0_.quantity as quantity2_2_1_, product1_.idproduct as idproduc1_3_2_, product1_.nameproduct as nameprod2_3_2_, product1_.priceproduct as pricepro3_3_2_, product1_.stockproduct as stockpro4_3_2_ from orderitems orderitems0_ left outer join Product product1_ on orderitems0_.idproduct=product1_.idproduct where orderitems0_.idorder=?
16:39:05.529 [main] DEBUG org.hibernate.loader.plan.exec.process.internal.ResultSetProcessorImpl - Preparing collection intializer : [com.joseph.entity.Order.orderItems#108]
16:39:05.529 [main] DEBUG org.hibernate.engine.loading.internal.CollectionLoadContext - 1 collections were found in result set for role: com.joseph.entity.Order.orderItems
16:39:05.529 [main] DEBUG org.hibernate.engine.loading.internal.CollectionLoadContext - Collection fully initialized: [com.joseph.entity.Order.orderItems#108]
16:39:05.529 [main] DEBUG org.hibernate.engine.loading.internal.CollectionLoadContext - 1 collections initialized for role: com.joseph.entity.Order.orderItems
16:39:05.529 [main] DEBUG org.hibernate.resource.jdbc.internal.ResourceRegistryStandardImpl - HHH000387: ResultSet's statement was not registered
16:39:05.529 [main] DEBUG org.hibernate.loader.collection.plan.AbstractLoadPlanBasedCollectionInitializer - Done loading collection
16:39:05.529 [main] DEBUG org.hibernate.loader.collection.plan.AbstractLoadPlanBasedCollectionInitializer - Loading collection: [com.joseph.entity.Order.orderItems#110]
16:39:05.529 [main] DEBUG org.hibernate.SQL - select orderitems0_.idorder as idorder3_2_0_, orderitems0_.id as id1_2_0_, orderitems0_.id as id1_2_1_, orderitems0_.idorder as idorder3_2_1_, orderitems0_.idproduct as idproduc4_2_1_, orderitems0_.quantity as quantity2_2_1_, product1_.idproduct as idproduc1_3_2_, product1_.nameproduct as nameprod2_3_2_, product1_.priceproduct as pricepro3_3_2_, product1_.stockproduct as stockpro4_3_2_ from orderitems orderitems0_ left outer join Product product1_ on orderitems0_.idproduct=product1_.idproduct where orderitems0_.idorder=?
16:39:05.530 [main] DEBUG org.hibernate.loader.plan.exec.process.internal.ResultSetProcessorImpl - Preparing collection intializer : [com.joseph.entity.Order.orderItems#110]
16:39:05.530 [main] DEBUG org.hibernate.engine.loading.internal.CollectionLoadContext - 1 collections were found in result set for role: com.joseph.entity.Order.orderItems
16:39:05.530 [main] DEBUG org.hibernate.engine.loading.internal.CollectionLoadContext - Collection fully initialized: [com.joseph.entity.Order.orderItems#110]
16:39:05.530 [main] DEBUG org.hibernate.engine.loading.internal.CollectionLoadContext - 1 collections initialized for role: com.joseph.entity.Order.orderItems
16:39:05.530 [main] DEBUG org.hibernate.resource.jdbc.internal.ResourceRegistryStandardImpl - HHH000387: ResultSet's statement was not registered
16:39:05.530 [main] DEBUG org.hibernate.loader.collection.plan.AbstractLoadPlanBasedCollectionInitializer - Done loading collection
16:39:05.530 [main] DEBUG org.hibernate.loader.collection.plan.AbstractLoadPlanBasedCollectionInitializer - Loading collection: [com.joseph.entity.Order.orderItems#107]
16:39:05.532 [main] DEBUG org.hibernate.SQL - select orderitems0_.idorder as idorder3_2_0_, orderitems0_.id as id1_2_0_, orderitems0_.id as id1_2_1_, orderitems0_.idorder as idorder3_2_1_, orderitems0_.idproduct as idproduc4_2_1_, orderitems0_.quantity as quantity2_2_1_, product1_.idproduct as idproduc1_3_2_, product1_.nameproduct as nameprod2_3_2_, product1_.priceproduct as pricepro3_3_2_, product1_.stockproduct as stockpro4_3_2_ from orderitems orderitems0_ left outer join Product product1_ on orderitems0_.idproduct=product1_.idproduct where orderitems0_.idorder=?
16:39:05.532 [main] DEBUG org.hibernate.loader.plan.exec.process.internal.ResultSetProcessorImpl - Preparing collection intializer : [com.joseph.entity.Order.orderItems#107]
16:39:05.533 [main] DEBUG org.hibernate.engine.loading.internal.CollectionLoadContext - 1 collections were found in result set for role: com.joseph.entity.Order.orderItems
16:39:05.533 [main] DEBUG org.hibernate.engine.loading.internal.CollectionLoadContext - Collection fully initialized: [com.joseph.entity.Order.orderItems#107]
16:39:05.533 [main] DEBUG org.hibernate.engine.loading.internal.CollectionLoadContext - 1 collections initialized for role: com.joseph.entity.Order.orderItems
16:39:05.533 [main] DEBUG org.hibernate.resource.jdbc.internal.ResourceRegistryStandardImpl - HHH000387: ResultSet's statement was not registered
16:39:05.533 [main] DEBUG org.hibernate.loader.collection.plan.AbstractLoadPlanBasedCollectionInitializer - Done loading collection
16:39:05.533 [main] DEBUG org.hibernate.loader.collection.plan.AbstractLoadPlanBasedCollectionInitializer - Loading collection: [com.joseph.entity.Order.orderItems#109]
16:39:05.533 [main] DEBUG org.hibernate.SQL - select orderitems0_.idorder as idorder3_2_0_, orderitems0_.id as id1_2_0_, orderitems0_.id as id1_2_1_, orderitems0_.idorder as idorder3_2_1_, orderitems0_.idproduct as idproduc4_2_1_, orderitems0_.quantity as quantity2_2_1_, product1_.idproduct as idproduc1_3_2_, product1_.nameproduct as nameprod2_3_2_, product1_.priceproduct as pricepro3_3_2_, product1_.stockproduct as stockpro4_3_2_ from orderitems orderitems0_ left outer join Product product1_ on orderitems0_.idproduct=product1_.idproduct where orderitems0_.idorder=?
16:39:05.534 [main] DEBUG org.hibernate.loader.plan.exec.process.internal.ResultSetProcessorImpl - Preparing collection intializer : [com.joseph.entity.Order.orderItems#109]
16:39:05.534 [main] DEBUG org.hibernate.engine.loading.internal.CollectionLoadContext - 1 collections were found in result set for role: com.joseph.entity.Order.orderItems
16:39:05.534 [main] DEBUG org.hibernate.engine.loading.internal.CollectionLoadContext - Collection fully initialized: [com.joseph.entity.Order.orderItems#109]
16:39:05.534 [main] DEBUG org.hibernate.engine.loading.internal.CollectionLoadContext - 1 collections initialized for role: com.joseph.entity.Order.orderItems
16:39:05.534 [main] DEBUG org.hibernate.resource.jdbc.internal.ResourceRegistryStandardImpl - HHH000387: ResultSet's statement was not registered
16:39:05.534 [main] DEBUG org.hibernate.loader.collection.plan.AbstractLoadPlanBasedCollectionInitializer - Done loading collection
16:39:05.535 [main] DEBUG org.hibernate.loader.collection.plan.AbstractLoadPlanBasedCollectionInitializer - Loading collection: [com.joseph.entity.Order.orderItems#105]
16:39:05.535 [main] DEBUG org.hibernate.SQL - select orderitems0_.idorder as idorder3_2_0_, orderitems0_.id as id1_2_0_, orderitems0_.id as id1_2_1_, orderitems0_.idorder as idorder3_2_1_, orderitems0_.idproduct as idproduc4_2_1_, orderitems0_.quantity as quantity2_2_1_, product1_.idproduct as idproduc1_3_2_, product1_.nameproduct as nameprod2_3_2_, product1_.priceproduct as pricepro3_3_2_, product1_.stockproduct as stockpro4_3_2_ from orderitems orderitems0_ left outer join Product product1_ on orderitems0_.idproduct=product1_.idproduct where orderitems0_.idorder=?
16:39:05.536 [main] DEBUG org.hibernate.loader.plan.exec.process.internal.ResultSetProcessorImpl - Preparing collection intializer : [com.joseph.entity.Order.orderItems#105]
16:39:05.536 [main] DEBUG org.hibernate.engine.loading.internal.CollectionLoadContext - 1 collections were found in result set for role: com.joseph.entity.Order.orderItems
16:39:05.536 [main] DEBUG org.hibernate.engine.loading.internal.CollectionLoadContext - Collection fully initialized: [com.joseph.entity.Order.orderItems#105]
16:39:05.536 [main] DEBUG org.hibernate.engine.loading.internal.CollectionLoadContext - 1 collections initialized for role: com.joseph.entity.Order.orderItems
16:39:05.536 [main] DEBUG org.hibernate.resource.jdbc.internal.ResourceRegistryStandardImpl - HHH000387: ResultSet's statement was not registered
16:39:05.536 [main] DEBUG org.hibernate.loader.collection.plan.AbstractLoadPlanBasedCollectionInitializer - Done loading collection
16:39:05.536 [main] DEBUG org.hibernate.loader.collection.plan.AbstractLoadPlanBasedCollectionInitializer - Loading collection: [com.joseph.entity.Order.orderItems#106]
16:39:05.536 [main] DEBUG org.hibernate.SQL - select orderitems0_.idorder as idorder3_2_0_, orderitems0_.id as id1_2_0_, orderitems0_.id as id1_2_1_, orderitems0_.idorder as idorder3_2_1_, orderitems0_.idproduct as idproduc4_2_1_, orderitems0_.quantity as quantity2_2_1_, product1_.idproduct as idproduc1_3_2_, product1_.nameproduct as nameprod2_3_2_, product1_.priceproduct as pricepro3_3_2_, product1_.stockproduct as stockpro4_3_2_ from orderitems orderitems0_ left outer join Product product1_ on orderitems0_.idproduct=product1_.idproduct where orderitems0_.idorder=?
16:39:05.537 [main] DEBUG org.hibernate.loader.plan.exec.process.internal.ResultSetProcessorImpl - Preparing collection intializer : [com.joseph.entity.Order.orderItems#106]
16:39:05.537 [main] DEBUG org.hibernate.engine.loading.internal.CollectionLoadContext - 1 collections were found in result set for role: com.joseph.entity.Order.orderItems
16:39:05.537 [main] DEBUG org.hibernate.engine.loading.internal.CollectionLoadContext - Collection fully initialized: [com.joseph.entity.Order.orderItems#106]
16:39:05.537 [main] DEBUG org.hibernate.engine.loading.internal.CollectionLoadContext - 1 collections initialized for role: com.joseph.entity.Order.orderItems
16:39:05.537 [main] DEBUG org.hibernate.resource.jdbc.internal.ResourceRegistryStandardImpl - HHH000387: ResultSet's statement was not registered
16:39:05.537 [main] DEBUG org.hibernate.loader.collection.plan.AbstractLoadPlanBasedCollectionInitializer - Done loading collection
16:39:05.537 [main] DEBUG org.springframework.orm.jpa.JpaTransactionManager - Initiating transaction commit
16:39:05.537 [main] DEBUG org.springframework.orm.jpa.JpaTransactionManager - Committing JPA transaction on EntityManager [SessionImpl(PersistenceContext[entityKeys=[EntityKey[com.joseph.entity.Order#107], EntityKey[com.joseph.entity.Order#106], EntityKey[com.joseph.entity.Order#109], EntityKey[com.joseph.entity.Order#108], EntityKey[com.joseph.entity.Client#140], EntityKey[com.joseph.entity.Order#105], EntityKey[com.joseph.entity.Order#110]],collectionKeys=[CollectionKey[com.joseph.entity.Order.orderItems#110], CollectionKey[com.joseph.entity.Order.orderItems#109], CollectionKey[com.joseph.entity.Order.orderItems#108], CollectionKey[com.joseph.entity.Order.orderItems#107], CollectionKey[com.joseph.entity.Order.orderItems#106], CollectionKey[com.joseph.entity.Order.orderItems#105], CollectionKey[com.joseph.entity.Client.orders#140]]];ActionQueue[insertions=ExecutableList{size=0} updates=ExecutableList{size=0} deletions=ExecutableList{size=7} orphanRemovals=ExecutableList{size=0} collectionCreations=ExecutableList{size=0} collectionRemovals=ExecutableList{size=0} collectionUpdates=ExecutableList{size=0} collectionQueuedOps=ExecutableList{size=0} unresolvedInsertDependencies=null])]
16:39:05.537 [main] DEBUG org.hibernate.engine.transaction.internal.TransactionImpl - committing
16:39:05.537 [main] DEBUG org.hibernate.event.internal.AbstractFlushingEventListener - Processing flush-time cascades
16:39:05.537 [main] DEBUG org.hibernate.event.internal.AbstractFlushingEventListener - Dirty checking collections
16:39:05.538 [main] DEBUG org.hibernate.engine.internal.Collections - Collection dereferenced: [com.joseph.entity.Client.orders#140]
16:39:05.538 [main] DEBUG org.hibernate.engine.internal.Collections - Collection dereferenced: [com.joseph.entity.Order.orderItems#107]
16:39:05.538 [main] DEBUG org.hibernate.engine.internal.Collections - Collection dereferenced: [com.joseph.entity.Order.orderItems#105]
16:39:05.538 [main] DEBUG org.hibernate.engine.internal.Collections - Collection dereferenced: [com.joseph.entity.Order.orderItems#106]
16:39:05.538 [main] DEBUG org.hibernate.engine.internal.Collections - Collection dereferenced: [com.joseph.entity.Order.orderItems#108]
16:39:05.538 [main] DEBUG org.hibernate.engine.internal.Collections - Collection dereferenced: [com.joseph.entity.Order.orderItems#109]
16:39:05.538 [main] DEBUG org.hibernate.engine.internal.Collections - Collection dereferenced: [com.joseph.entity.Order.orderItems#110]
16:39:05.538 [main] DEBUG org.hibernate.event.internal.AbstractFlushingEventListener - Flushed: 0 insertions, 0 updates, 7 deletions to 7 objects
16:39:05.538 [main] DEBUG org.hibernate.event.internal.AbstractFlushingEventListener - Flushed: 0 (re)creations, 0 updates, 7 removals to 7 collections
16:39:05.538 [main] DEBUG org.hibernate.internal.util.EntityPrinter - Listing entities:
16:39:05.538 [main] DEBUG org.hibernate.internal.util.EntityPrinter - com.joseph.entity.Order{idorder=107, client=com.joseph.entity.Client#140, dateorder=2024-01-04, orderItems=[], statusorder=INPROGRESS, totalorder=300.0}
16:39:05.538 [main] DEBUG org.hibernate.internal.util.EntityPrinter - com.joseph.entity.Order{idorder=106, client=com.joseph.entity.Client#140, dateorder=2024-01-04, orderItems=[], statusorder=INPROGRESS, totalorder=300.0}
16:39:05.538 [main] DEBUG org.hibernate.internal.util.EntityPrinter - com.joseph.entity.Order{idorder=109, client=com.joseph.entity.Client#140, dateorder=2022-12-23, orderItems=[], statusorder=INPROGRESS, totalorder=300.0}
16:39:05.538 [main] DEBUG org.hibernate.internal.util.EntityPrinter - com.joseph.entity.Order{idorder=108, client=com.joseph.entity.Client#140, dateorder=2022-12-23, orderItems=[], statusorder=INPROGRESS, totalorder=300.0}
16:39:05.538 [main] DEBUG org.hibernate.internal.util.EntityPrinter - com.joseph.entity.Client{nameclient=null, emailclient=null, orders=[com.joseph.entity.Order#108, com.joseph.entity.Order#110, com.joseph.entity.Order#107, com.joseph.entity.Order#109, com.joseph.entity.Order#105, com.joseph.entity.Order#106], idclient=140}
16:39:05.538 [main] DEBUG org.hibernate.internal.util.EntityPrinter - com.joseph.entity.Order{idorder=105, client=com.joseph.entity.Client#140, dateorder=2024-01-04, orderItems=[], statusorder=INPROGRESS, totalorder=300.0}
16:39:05.538 [main] DEBUG org.hibernate.internal.util.EntityPrinter - com.joseph.entity.Order{idorder=110, client=com.joseph.entity.Client#140, dateorder=2022-12-23, orderItems=[], statusorder=INPROGRESS, totalorder=300.0}
16:39:05.538 [main] DEBUG org.hibernate.SQL - delete from order_table where idorder=?
16:39:05.540 [main] DEBUG org.hibernate.SQL - delete from order_table where idorder=?
16:39:05.541 [main] DEBUG org.hibernate.SQL - delete from order_table where idorder=?
16:39:05.542 [main] DEBUG org.hibernate.SQL - delete from order_table where idorder=?
16:39:05.543 [main] DEBUG org.hibernate.SQL - delete from order_table where idorder=?
16:39:05.545 [main] DEBUG org.hibernate.SQL - delete from order_table where idorder=?
16:39:05.546 [main] DEBUG org.hibernate.SQL - delete from client where idclient=?
16:39:05.548 [main] DEBUG org.springframework.orm.jpa.JpaTransactionManager - Closing JPA EntityManager [SessionImpl(PersistenceContext[entityKeys=[],collectionKeys=[]];ActionQueue[insertions=ExecutableList{size=0} updates=ExecutableList{size=0} deletions=ExecutableList{size=0} orphanRemovals=ExecutableList{size=0} collectionCreations=ExecutableList{size=0} collectionRemovals=ExecutableList{size=0} collectionUpdates=ExecutableList{size=0} collectionQueuedOps=ExecutableList{size=0} unresolvedInsertDependencies=null])] after transaction
16:39:05.548 [main] DEBUG org.hibernate.engine.jdbc.internal.JdbcCoordinatorImpl - HHH000420: Closing un-released batch
16:39:05.548 [main] DEBUG org.springframework.test.context.cache.DefaultCacheAwareContextLoaderDelegate - Retrieved ApplicationContext [270056930] from cache with key [[MergedContextConfiguration@c2cf597 testClass = OrderServiceImplTest.rapports, locations = '{}', classes = '{class com.joseph.config.PersistenceJPAConfig}', contextInitializerClasses = '[]', activeProfiles = '{}', propertySourceLocations = '{}', propertySourceProperties = '{}', contextCustomizers = set[[empty]], contextLoader = 'org.springframework.test.context.support.DelegatingSmartContextLoader', parent = [null]]]
16:39:05.548 [main] DEBUG org.springframework.test.context.cache - Spring test ApplicationContext cache statistics: [DefaultContextCache@65bb6275 size = 1, maxSize = 32, parentContextCount = 0, hitCount = 96, missCount = 1]
16:39:05.549 [main] DEBUG org.springframework.test.context.support.AbstractDirtiesContextTestExecutionListener - After test method: context [DefaultTestContext@100aa331 testClass = OrderServiceImplTest.rapports, testInstance = com.joseph.service.Impl.OrderServiceImplTest$rapports@243bf087, testMethod = getorderdate2@OrderServiceImplTest.rapports, testException = [null], mergedContextConfiguration = [MergedContextConfiguration@c2cf597 testClass = OrderServiceImplTest.rapports, locations = '{}', classes = '{class com.joseph.config.PersistenceJPAConfig}', contextInitializerClasses = '[]', activeProfiles = '{}', propertySourceLocations = '{}', propertySourceProperties = '{}', contextCustomizers = set[[empty]], contextLoader = 'org.springframework.test.context.support.DelegatingSmartContextLoader', parent = [null]], attributes = map[[empty]]], class annotated with @DirtiesContext [false] with mode [null], method annotated with @DirtiesContext [false] with mode [null].
]]></system-out>
  </testcase>
</testsuite>